<?xml version="1.0" encoding="UTF-8"?>
<!-- Generated by org.testng.reporters.JUnitXMLReporter -->
<testsuite ignored="0" hostname="LAPTOP-EB9VK6GE" failures="0" tests="4" name="Surefire test" time="69.309" errors="0" timestamp="2026-02-12T23:28:54 IST">
  <testcase classname="tests.api.AuthAPITest" name="validateAuth" time="4.937"/>
  <testcase classname="tests.api.UserAPITest" name="createuserTest" time="0.632"/>
  <testcase classname="tests.api.UserSchemaTest" name="schematest" time="1.563"/>
  <testcase classname="tests.ui.LoginTest" name="validlogintest" time="1.918"/>
</testsuite> <!-- Surefire test -->
