<?xml version="1.0" encoding="UTF-8"?>
<!-- Generated by org.testng.reporters.JUnitXMLReporter -->
<testsuite ignored="0" hostname="LAPTOP-EB9VK6GE" failures="1" tests="3" name="Surefire test" time="57.943" errors="0" timestamp="2026-01-26T19:15:49 IST">
  <testcase classname="tests.api.AuthAPITest" name="validateAuth" time="4.402"/>
  <testcase classname="tests.api.UserAPITest" name="createuserTest" time="1.266"/>
  <testcase classname="tests.api.UserSchemaTest" name="schematest" time="1.055">
    <failure type="java.lang.AssertionError" message="1 expectation failed.
Response body doesn&amp;apos;t match expectation.
Expected: The content to match the given JSON schema.
error: object has missing required properties ([&amp;quot;phone number&amp;quot;])
    level: &amp;quot;error&amp;quot;
    schema: {&amp;quot;loadingURI&amp;quot;:&amp;quot;file:/C:/Users/91630/OneDrive/Documents/SDET/sdet-automation-framework/target/test-classes/schema/users-schema.json#&amp;quot;,&amp;quot;pointer&amp;quot;:&amp;quot;/properties/users/items&amp;quot;}
    instance: {&amp;quot;pointer&amp;quot;:&amp;quot;/users/0&amp;quot;}
    domain: &amp;quot;validation&amp;quot;
    keyword: &amp;quot;required&amp;quot;
    required: [&amp;quot;email&amp;quot;,&amp;quot;firstName&amp;quot;,&amp;quot;id&amp;quot;,&amp;quot;lastName&amp;quot;,&amp;quot;phone number&amp;quot;]
    missing: [&amp;quot;phone number&amp;quot;]
error: object has missing required properties ([&amp;quot;phone number&amp;quot;])
    level: &amp;quot;error&amp;quot;
    schema: {&amp;quot;loadingURI&amp;quot;:&amp;quot;file:/C:/Users/91630/OneDrive/Documents/SDET/sdet-automation-framework/target/test-classes/schema/users-schema.json#&amp;quot;,&amp;quot;pointer&amp;quot;:&amp;quot;/properties/users/items&amp;quot;}
    instance: {&amp;quot;pointer&amp;quot;:&amp;quot;/users/1&amp;quot;}
    domain: &amp;quot;validation&amp;quot;
    keyword: &amp;quot;required&amp;quot;
    required: [&amp;quot;email&amp;quot;,&amp;quot;firstName&amp;quot;,&amp;quot;id&amp;quot;,&amp;quot;lastName&amp;quot;,&amp;quot;phone number&amp;quot;]
    missing: [&amp;quot;phone number&amp;quot;]
error: object has missing required properties ([&amp;quot;phone number&amp;quot;])
    level: &amp;quot;error&amp;quot;
    schema: {&amp;quot;loadingURI&amp;quot;:&amp;quot;file:/C:/Users/91630/OneDrive/Documents/SDET/sdet-automation-framework/target/test-classes/schema/users-schema.json#&amp;quot;,&amp;quot;pointer&amp;quot;:&amp;quot;/properties/users/items&amp;quot;}
    instance: {&amp;quot;pointer&amp;quot;:&amp;quot;/users/2&amp;quot;}
    domain: &amp;quot;validation&amp;quot;
    keyword: &amp;quot;required&amp;quot;
    required: [&amp;quot;email&amp;quot;,&amp;quot;firstName&amp;quot;,&amp;quot;id&amp;quot;,&amp;quot;lastName&amp;quot;,&amp;quot;phone number&amp;quot;]
    missing: [&amp;quot;phone number&amp;quot;]
error: object has missing required properties ([&amp;quot;phone number&amp;quot;])
    level: &amp;quot;error&amp;quot;
    schema: {&amp;quot;loadingURI&amp;quot;:&amp;quot;file:/C:/Users/91630/OneDrive/Documents/SDET/sdet-automation-framework/target/test-classes/schema/users-schema.json#&amp;quot;,&amp;quot;pointer&amp;quot;:&amp;quot;/properties/users/items&amp;quot;}
    instance: {&amp;quot;pointer&amp;quot;:&amp;quot;/users/3&amp;quot;}
    domain: &amp;quot;validation&amp;quot;
    keyword: &amp;quot;required&amp;quot;
    required: [&amp;quot;email&amp;quot;,&amp;quot;firstName&amp;quot;,&amp;quot;id&amp;quot;,&amp;quot;lastName&amp;quot;,&amp;quot;phone number&amp;quot;]
    missing: [&amp;quot;phone number&amp;quot;]
error: object has missing required properties ([&amp;quot;phone number&amp;quot;])
    level: &amp;quot;error&amp;quot;
    schema: {&amp;quot;loadingURI&amp;quot;:&amp;quot;file:/C:/Users/91630/OneDrive/Documents/SDET/sdet-automation-framework/target/test-classes/schema/users-schema.json#&amp;quot;,&amp;quot;pointer&amp;quot;:&amp;quot;/properties/users/items&amp;quot;}
    instance: {&amp;quot;pointer&amp;quot;:&amp;quot;/users/4&amp;quot;}
    domain: &amp;quot;validation&amp;quot;
    keyword: &amp;quot;required&amp;quot;
    required: [&amp;quot;email&amp;quot;,&amp;quot;firstName&amp;quot;,&amp;quot;id&amp;quot;,&amp;quot;lastName&amp;quot;,&amp;quot;phone number&amp;quot;]
    missing: [&amp;quot;phone number&amp;quot;]
error: object has missing required properties ([&amp;quot;phone number&amp;quot;])
    level: &amp;quot;error&amp;quot;
    schema: {&amp;quot;loadingURI&amp;quot;:&amp;quot;file:/C:/Users/91630/OneDrive/Documents/SDET/sdet-automation-framework/target/test-classes/schema/users-schema.json#&amp;quot;,&amp;quot;pointer&amp;quot;:&amp;quot;/properties/users/items&amp;quot;}
    instance: {&amp;quot;pointer&amp;quot;:&amp;quot;/users/5&amp;quot;}
    domain: &amp;quot;validation&amp;quot;
    keyword: &amp;quot;required&amp;quot;
    required: [&amp;quot;email&amp;quot;,&amp;quot;firstName&amp;quot;,&amp;quot;id&amp;quot;,&amp;quot;lastName&amp;quot;,&amp;quot;phone number&amp;quot;]
    missing: [&amp;quot;phone number&amp;quot;]
error: object has missing required properties ([&amp;quot;phone number&amp;quot;])
    level: &amp;quot;error&amp;quot;
    schema: {&amp;quot;loadingURI&amp;quot;:&amp;quot;file:/C:/Users/91630/OneDrive/Documents/SDET/sdet-automation-framework/target/test-classes/schema/users-schema.json#&amp;quot;,&amp;quot;pointer&amp;quot;:&amp;quot;/properties/users/items&amp;quot;}
    instance: {&amp;quot;pointer&amp;quot;:&amp;quot;/users/6&amp;quot;}
    domain: &amp;quot;validation&amp;quot;
    keyword: &amp;quot;required&amp;quot;
    required: [&amp;quot;email&amp;quot;,&amp;quot;firstName&amp;quot;,&amp;quot;id&amp;quot;,&amp;quot;lastName&amp;quot;,&amp;quot;phone number&amp;quot;]
    missing: [&amp;quot;phone number&amp;quot;]
error: object has missing required properties ([&amp;quot;phone number&amp;quot;])
    level: &amp;quot;error&amp;quot;
    schema: {&amp;quot;loadingURI&amp;quot;:&amp;quot;file:/C:/Users/91630/OneDrive/Documents/SDET/sdet-automation-framework/target/test-classes/schema/users-schema.json#&amp;quot;,&amp;quot;pointer&amp;quot;:&amp;quot;/properties/users/items&amp;quot;}
    instance: {&amp;quot;pointer&amp;quot;:&amp;quot;/users/7&amp;quot;}
    domain: &amp;quot;validation&amp;quot;
    keyword: &amp;quot;required&amp;quot;
    required: [&amp;quot;email&amp;quot;,&amp;quot;firstName&amp;quot;,&amp;quot;id&amp;quot;,&amp;quot;lastName&amp;quot;,&amp;quot;phone number&amp;quot;]
    missing: [&amp;quot;phone number&amp;quot;]
error: object has missing required properties ([&amp;quot;phone number&amp;quot;])
    level: &amp;quot;error&amp;quot;
    schema: {&amp;quot;loadingURI&amp;quot;:&amp;quot;file:/C:/Users/91630/OneDrive/Documents/SDET/sdet-automation-framework/target/test-classes/schema/users-schema.json#&amp;quot;,&amp;quot;pointer&amp;quot;:&amp;quot;/properties/users/items&amp;quot;}
    instance: {&amp;quot;pointer&amp;quot;:&amp;quot;/users/8&amp;quot;}
    domain: &amp;quot;validation&amp;quot;
    keyword: &amp;quot;required&amp;quot;
    required: [&amp;quot;email&amp;quot;,&amp;quot;firstName&amp;quot;,&amp;quot;id&amp;quot;,&amp;quot;lastName&amp;quot;,&amp;quot;phone number&amp;quot;]
    missing: [&amp;quot;phone number&amp;quot;]
error: object has missing required properties ([&amp;quot;phone number&amp;quot;])
    level: &amp;quot;error&amp;quot;
    schema: {&amp;quot;loadingURI&amp;quot;:&amp;quot;file:/C:/Users/91630/OneDrive/Documents/SDET/sdet-automation-framework/target/test-classes/schema/users-schema.json#&amp;quot;,&amp;quot;pointer&amp;quot;:&amp;quot;/properties/users/items&amp;quot;}
    instance: {&amp;quot;pointer&amp;quot;:&amp;quot;/users/9&amp;quot;}
    domain: &amp;quot;validation&amp;quot;
    keyword: &amp;quot;required&amp;quot;
    required: [&amp;quot;email&amp;quot;,&amp;quot;firstName&amp;quot;,&amp;quot;id&amp;quot;,&amp;quot;lastName&amp;quot;,&amp;quot;phone number&amp;quot;]
    missing: [&amp;quot;phone number&amp;quot;]
error: object has missing required properties ([&amp;quot;phone number&amp;quot;])
    level: &amp;quot;error&amp;quot;
    schema: {&amp;quot;loadingURI&amp;quot;:&amp;quot;file:/C:/Users/91630/OneDrive/Documents/SDET/sdet-automation-framework/target/test-classes/schema/users-schema.json#&amp;quot;,&amp;quot;pointer&amp;quot;:&amp;quot;/properties/users/items&amp;quot;}
    instance: {&amp;quot;pointer&amp;quot;:&amp;quot;/users/10&amp;quot;}
    domain: &amp;quot;validation&amp;quot;
    keyword: &amp;quot;required&amp;quot;
    required: [&amp;quot;email&amp;quot;,&amp;quot;firstName&amp;quot;,&amp;quot;id&amp;quot;,&amp;quot;lastName&amp;quot;,&amp;quot;phone number&amp;quot;]
    missing: [&amp;quot;phone number&amp;quot;]
error: object has missing required properties ([&amp;quot;phone number&amp;quot;])
    level: &amp;quot;error&amp;quot;
    schema: {&amp;quot;loadingURI&amp;quot;:&amp;quot;file:/C:/Users/91630/OneDrive/Documents/SDET/sdet-automation-framework/target/test-classes/schema/users-schema.json#&amp;quot;,&amp;quot;pointer&amp;quot;:&amp;quot;/properties/users/items&amp;quot;}
    instance: {&amp;quot;pointer&amp;quot;:&amp;quot;/users/11&amp;quot;}
    domain: &amp;quot;validation&amp;quot;
    keyword: &amp;quot;required&amp;quot;
    required: [&amp;quot;email&amp;quot;,&amp;quot;firstName&amp;quot;,&amp;quot;id&amp;quot;,&amp;quot;lastName&amp;quot;,&amp;quot;phone number&amp;quot;]
    missing: [&amp;quot;phone number&amp;quot;]
error: object has missing required properties ([&amp;quot;phone number&amp;quot;])
    level: &amp;quot;error&amp;quot;
    schema: {&amp;quot;loadingURI&amp;quot;:&amp;quot;file:/C:/Users/91630/OneDrive/Documents/SDET/sdet-automation-framework/target/test-classes/schema/users-schema.json#&amp;quot;,&amp;quot;pointer&amp;quot;:&amp;quot;/properties/users/items&amp;quot;}
    instance: {&amp;quot;pointer&amp;quot;:&amp;quot;/users/12&amp;quot;}
    domain: &amp;quot;validation&amp;quot;
    keyword: &amp;quot;required&amp;quot;
    required: [&amp;quot;email&amp;quot;,&amp;quot;firstName&amp;quot;,&amp;quot;id&amp;quot;,&amp;quot;lastName&amp;quot;,&amp;quot;phone number&amp;quot;]
    missing: [&amp;quot;phone number&amp;quot;]
error: object has missing required properties ([&amp;quot;phone number&amp;quot;])
    level: &amp;quot;error&amp;quot;
    schema: {&amp;quot;loadingURI&amp;quot;:&amp;quot;file:/C:/Users/91630/OneDrive/Documents/SDET/sdet-automation-framework/target/test-classes/schema/users-schema.json#&amp;quot;,&amp;quot;pointer&amp;quot;:&amp;quot;/properties/users/items&amp;quot;}
    instance: {&amp;quot;pointer&amp;quot;:&amp;quot;/users/13&amp;quot;}
    domain: &amp;quot;validation&amp;quot;
    keyword: &amp;quot;required&amp;quot;
    required: [&amp;quot;email&amp;quot;,&amp;quot;firstName&amp;quot;,&amp;quot;id&amp;quot;,&amp;quot;lastName&amp;quot;,&amp;quot;phone number&amp;quot;]
    missing: [&amp;quot;phone number&amp;quot;]
error: object has missing required properties ([&amp;quot;phone number&amp;quot;])
    level: &amp;quot;error&amp;quot;
    schema: {&amp;quot;loadingURI&amp;quot;:&amp;quot;file:/C:/Users/91630/OneDrive/Documents/SDET/sdet-automation-framework/target/test-classes/schema/users-schema.json#&amp;quot;,&amp;quot;pointer&amp;quot;:&amp;quot;/properties/users/items&amp;quot;}
    instance: {&amp;quot;pointer&amp;quot;:&amp;quot;/users/14&amp;quot;}
    domain: &amp;quot;validation&amp;quot;
    keyword: &amp;quot;required&amp;quot;
    required: [&amp;quot;email&amp;quot;,&amp;quot;firstName&amp;quot;,&amp;quot;id&amp;quot;,&amp;quot;lastName&amp;quot;,&amp;quot;phone number&amp;quot;]
    missing: [&amp;quot;phone number&amp;quot;]
error: object has missing required properties ([&amp;quot;phone number&amp;quot;])
    level: &amp;quot;error&amp;quot;
    schema: {&amp;quot;loadingURI&amp;quot;:&amp;quot;file:/C:/Users/91630/OneDrive/Documents/SDET/sdet-automation-framework/target/test-classes/schema/users-schema.json#&amp;quot;,&amp;quot;pointer&amp;quot;:&amp;quot;/properties/users/items&amp;quot;}
    instance: {&amp;quot;pointer&amp;quot;:&amp;quot;/users/15&amp;quot;}
    domain: &amp;quot;validation&amp;quot;
    keyword: &amp;quot;required&amp;quot;
    required: [&amp;quot;email&amp;quot;,&amp;quot;firstName&amp;quot;,&amp;quot;id&amp;quot;,&amp;quot;lastName&amp;quot;,&amp;quot;phone number&amp;quot;]
    missing: [&amp;quot;phone number&amp;quot;]
error: object has missing required properties ([&amp;quot;phone number&amp;quot;])
    level: &amp;quot;error&amp;quot;
    schema: {&amp;quot;loadingURI&amp;quot;:&amp;quot;file:/C:/Users/91630/OneDrive/Documents/SDET/sdet-automation-framework/target/test-classes/schema/users-schema.json#&amp;quot;,&amp;quot;pointer&amp;quot;:&amp;quot;/properties/users/items&amp;quot;}
    instance: {&amp;quot;pointer&amp;quot;:&amp;quot;/users/16&amp;quot;}
    domain: &amp;quot;validation&amp;quot;
    keyword: &amp;quot;required&amp;quot;
    required: [&amp;quot;email&amp;quot;,&amp;quot;firstName&amp;quot;,&amp;quot;id&amp;quot;,&amp;quot;lastName&amp;quot;,&amp;quot;phone number&amp;quot;]
    missing: [&amp;quot;phone number&amp;quot;]
error: object has missing required properties ([&amp;quot;phone number&amp;quot;])
    level: &amp;quot;error&amp;quot;
    schema: {&amp;quot;loadingURI&amp;quot;:&amp;quot;file:/C:/Users/91630/OneDrive/Documents/SDET/sdet-automation-framework/target/test-classes/schema/users-schema.json#&amp;quot;,&amp;quot;pointer&amp;quot;:&amp;quot;/properties/users/items&amp;quot;}
    instance: {&amp;quot;pointer&amp;quot;:&amp;quot;/users/17&amp;quot;}
    domain: &amp;quot;validation&amp;quot;
    keyword: &amp;quot;required&amp;quot;
    required: [&amp;quot;email&amp;quot;,&amp;quot;firstName&amp;quot;,&amp;quot;id&amp;quot;,&amp;quot;lastName&amp;quot;,&amp;quot;phone number&amp;quot;]
    missing: [&amp;quot;phone number&amp;quot;]
error: object has missing required properties ([&amp;quot;phone number&amp;quot;])
    level: &amp;quot;error&amp;quot;
    schema: {&amp;quot;loadingURI&amp;quot;:&amp;quot;file:/C:/Users/91630/OneDrive/Documents/SDET/sdet-automation-framework/target/test-classes/schema/users-schema.json#&amp;quot;,&amp;quot;pointer&amp;quot;:&amp;quot;/properties/users/items&amp;quot;}
    instance: {&amp;quot;pointer&amp;quot;:&amp;quot;/users/18&amp;quot;}
    domain: &amp;quot;validation&amp;quot;
    keyword: &amp;quot;required&amp;quot;
    required: [&amp;quot;email&amp;quot;,&amp;quot;firstName&amp;quot;,&amp;quot;id&amp;quot;,&amp;quot;lastName&amp;quot;,&amp;quot;phone number&amp;quot;]
    missing: [&amp;quot;phone number&amp;quot;]
error: object has missing required properties ([&amp;quot;phone number&amp;quot;])
    level: &amp;quot;error&amp;quot;
    schema: {&amp;quot;loadingURI&amp;quot;:&amp;quot;file:/C:/Users/91630/OneDrive/Documents/SDET/sdet-automation-framework/target/test-classes/schema/users-schema.json#&amp;quot;,&amp;quot;pointer&amp;quot;:&amp;quot;/properties/users/items&amp;quot;}
    instance: {&amp;quot;pointer&amp;quot;:&amp;quot;/users/19&amp;quot;}
    domain: &amp;quot;validation&amp;quot;
    keyword: &amp;quot;required&amp;quot;
    required: [&amp;quot;email&amp;quot;,&amp;quot;firstName&amp;quot;,&amp;quot;id&amp;quot;,&amp;quot;lastName&amp;quot;,&amp;quot;phone number&amp;quot;]
    missing: [&amp;quot;phone number&amp;quot;]
error: object has missing required properties ([&amp;quot;phone number&amp;quot;])
    level: &amp;quot;error&amp;quot;
    schema: {&amp;quot;loadingURI&amp;quot;:&amp;quot;file:/C:/Users/91630/OneDrive/Documents/SDET/sdet-automation-framework/target/test-classes/schema/users-schema.json#&amp;quot;,&amp;quot;pointer&amp;quot;:&amp;quot;/properties/users/items&amp;quot;}
    instance: {&amp;quot;pointer&amp;quot;:&amp;quot;/users/20&amp;quot;}
    domain: &amp;quot;validation&amp;quot;
    keyword: &amp;quot;required&amp;quot;
    required: [&amp;quot;email&amp;quot;,&amp;quot;firstName&amp;quot;,&amp;quot;id&amp;quot;,&amp;quot;lastName&amp;quot;,&amp;quot;phone number&amp;quot;]
    missing: [&amp;quot;phone number&amp;quot;]
error: object has missing required properties ([&amp;quot;phone number&amp;quot;])
    level: &amp;quot;error&amp;quot;
    schema: {&amp;quot;loadingURI&amp;quot;:&amp;quot;file:/C:/Users/91630/OneDrive/Documents/SDET/sdet-automation-framework/target/test-classes/schema/users-schema.json#&amp;quot;,&amp;quot;pointer&amp;quot;:&amp;quot;/properties/users/items&amp;quot;}
    instance: {&amp;quot;pointer&amp;quot;:&amp;quot;/users/21&amp;quot;}
    domain: &amp;quot;validation&amp;quot;
    keyword: &amp;quot;required&amp;quot;
    required: [&amp;quot;email&amp;quot;,&amp;quot;firstName&amp;quot;,&amp;quot;id&amp;quot;,&amp;quot;lastName&amp;quot;,&amp;quot;phone number&amp;quot;]
    missing: [&amp;quot;phone number&amp;quot;]
error: object has missing required properties ([&amp;quot;phone number&amp;quot;])
    level: &amp;quot;error&amp;quot;
    schema: {&amp;quot;loadingURI&amp;quot;:&amp;quot;file:/C:/Users/91630/OneDrive/Documents/SDET/sdet-automation-framework/target/test-classes/schema/users-schema.json#&amp;quot;,&amp;quot;pointer&amp;quot;:&amp;quot;/properties/users/items&amp;quot;}
    instance: {&amp;quot;pointer&amp;quot;:&amp;quot;/users/22&amp;quot;}
    domain: &amp;quot;validation&amp;quot;
    keyword: &amp;quot;required&amp;quot;
    required: [&amp;quot;email&amp;quot;,&amp;quot;firstName&amp;quot;,&amp;quot;id&amp;quot;,&amp;quot;lastName&amp;quot;,&amp;quot;phone number&amp;quot;]
    missing: [&amp;quot;phone number&amp;quot;]
error: object has missing required properties ([&amp;quot;phone number&amp;quot;])
    level: &amp;quot;error&amp;quot;
    schema: {&amp;quot;loadingURI&amp;quot;:&amp;quot;file:/C:/Users/91630/OneDrive/Documents/SDET/sdet-automation-framework/target/test-classes/schema/users-schema.json#&amp;quot;,&amp;quot;pointer&amp;quot;:&amp;quot;/properties/users/items&amp;quot;}
    instance: {&amp;quot;pointer&amp;quot;:&amp;quot;/users/23&amp;quot;}
    domain: &amp;quot;validation&amp;quot;
    keyword: &amp;quot;required&amp;quot;
    required: [&amp;quot;email&amp;quot;,&amp;quot;firstName&amp;quot;,&amp;quot;id&amp;quot;,&amp;quot;lastName&amp;quot;,&amp;quot;phone number&amp;quot;]
    missing: [&amp;quot;phone number&amp;quot;]
error: object has missing required properties ([&amp;quot;phone number&amp;quot;])
    level: &amp;quot;error&amp;quot;
    schema: {&amp;quot;loadingURI&amp;quot;:&amp;quot;file:/C:/Users/91630/OneDrive/Documents/SDET/sdet-automation-framework/target/test-classes/schema/users-schema.json#&amp;quot;,&amp;quot;pointer&amp;quot;:&amp;quot;/properties/users/items&amp;quot;}
    instance: {&amp;quot;pointer&amp;quot;:&amp;quot;/users/24&amp;quot;}
    domain: &amp;quot;validation&amp;quot;
    keyword: &amp;quot;required&amp;quot;
    required: [&amp;quot;email&amp;quot;,&amp;quot;firstName&amp;quot;,&amp;quot;id&amp;quot;,&amp;quot;lastName&amp;quot;,&amp;quot;phone number&amp;quot;]
    missing: [&amp;quot;phone number&amp;quot;]
error: object has missing required properties ([&amp;quot;phone number&amp;quot;])
    level: &amp;quot;error&amp;quot;
    schema: {&amp;quot;loadingURI&amp;quot;:&amp;quot;file:/C:/Users/91630/OneDrive/Documents/SDET/sdet-automation-framework/target/test-classes/schema/users-schema.json#&amp;quot;,&amp;quot;pointer&amp;quot;:&amp;quot;/properties/users/items&amp;quot;}
    instance: {&amp;quot;pointer&amp;quot;:&amp;quot;/users/25&amp;quot;}
    domain: &amp;quot;validation&amp;quot;
    keyword: &amp;quot;required&amp;quot;
    required: [&amp;quot;email&amp;quot;,&amp;quot;firstName&amp;quot;,&amp;quot;id&amp;quot;,&amp;quot;lastName&amp;quot;,&amp;quot;phone number&amp;quot;]
    missing: [&amp;quot;phone number&amp;quot;]
error: object has missing required properties ([&amp;quot;phone number&amp;quot;])
    level: &amp;quot;error&amp;quot;
    schema: {&amp;quot;loadingURI&amp;quot;:&amp;quot;file:/C:/Users/91630/OneDrive/Documents/SDET/sdet-automation-framework/target/test-classes/schema/users-schema.json#&amp;quot;,&amp;quot;pointer&amp;quot;:&amp;quot;/properties/users/items&amp;quot;}
    instance: {&amp;quot;pointer&amp;quot;:&amp;quot;/users/26&amp;quot;}
    domain: &amp;quot;validation&amp;quot;
    keyword: &amp;quot;required&amp;quot;
    required: [&amp;quot;email&amp;quot;,&amp;quot;firstName&amp;quot;,&amp;quot;id&amp;quot;,&amp;quot;lastName&amp;quot;,&amp;quot;phone number&amp;quot;]
    missing: [&amp;quot;phone number&amp;quot;]
error: object has missing required properties ([&amp;quot;phone number&amp;quot;])
    level: &amp;quot;error&amp;quot;
    schema: {&amp;quot;loadingURI&amp;quot;:&amp;quot;file:/C:/Users/91630/OneDrive/Documents/SDET/sdet-automation-framework/target/test-classes/schema/users-schema.json#&amp;quot;,&amp;quot;pointer&amp;quot;:&amp;quot;/properties/users/items&amp;quot;}
    instance: {&amp;quot;pointer&amp;quot;:&amp;quot;/users/27&amp;quot;}
    domain: &amp;quot;validation&amp;quot;
    keyword: &amp;quot;required&amp;quot;
    required: [&amp;quot;email&amp;quot;,&amp;quot;firstName&amp;quot;,&amp;quot;id&amp;quot;,&amp;quot;lastName&amp;quot;,&amp;quot;phone number&amp;quot;]
    missing: [&amp;quot;phone number&amp;quot;]
error: object has missing required properties ([&amp;quot;phone number&amp;quot;])
    level: &amp;quot;error&amp;quot;
    schema: {&amp;quot;loadingURI&amp;quot;:&amp;quot;file:/C:/Users/91630/OneDrive/Documents/SDET/sdet-automation-framework/target/test-classes/schema/users-schema.json#&amp;quot;,&amp;quot;pointer&amp;quot;:&amp;quot;/properties/users/items&amp;quot;}
    instance: {&amp;quot;pointer&amp;quot;:&amp;quot;/users/28&amp;quot;}
    domain: &amp;quot;validation&amp;quot;
    keyword: &amp;quot;required&amp;quot;
    required: [&amp;quot;email&amp;quot;,&amp;quot;firstName&amp;quot;,&amp;quot;id&amp;quot;,&amp;quot;lastName&amp;quot;,&amp;quot;phone number&amp;quot;]
    missing: [&amp;quot;phone number&amp;quot;]
error: object has missing required properties ([&amp;quot;phone number&amp;quot;])
    level: &amp;quot;error&amp;quot;
    schema: {&amp;quot;loadingURI&amp;quot;:&amp;quot;file:/C:/Users/91630/OneDrive/Documents/SDET/sdet-automation-framework/target/test-classes/schema/users-schema.json#&amp;quot;,&amp;quot;pointer&amp;quot;:&amp;quot;/properties/users/items&amp;quot;}
    instance: {&amp;quot;pointer&amp;quot;:&amp;quot;/users/29&amp;quot;}
    domain: &amp;quot;validation&amp;quot;
    keyword: &amp;quot;required&amp;quot;
    required: [&amp;quot;email&amp;quot;,&amp;quot;firstName&amp;quot;,&amp;quot;id&amp;quot;,&amp;quot;lastName&amp;quot;,&amp;quot;phone number&amp;quot;]
    missing: [&amp;quot;phone number&amp;quot;]

  Actual: {&amp;quot;users&amp;quot;:[{&amp;quot;id&amp;quot;:1,&amp;quot;firstName&amp;quot;:&amp;quot;Emily&amp;quot;,&amp;quot;lastName&amp;quot;:&amp;quot;Johnson&amp;quot;,&amp;quot;maidenName&amp;quot;:&amp;quot;Smith&amp;quot;,&amp;quot;age&amp;quot;:29,&amp;quot;gender&amp;quot;:&amp;quot;female&amp;quot;,&amp;quot;email&amp;quot;:&amp;quot;emily.johnson@x.dummyjson.com&amp;quot;,&amp;quot;phone&amp;quot;:&amp;quot;+81 965-431-3024&amp;quot;,&amp;quot;username&amp;quot;:&amp;quot;emilys&amp;quot;,&amp;quot;password&amp;quot;:&amp;quot;emilyspass&amp;quot;,&amp;quot;birthDate&amp;quot;:&amp;quot;1996-5-30&amp;quot;,&amp;quot;image&amp;quot;:&amp;quot;https://dummyjson.com/icon/emilys/128&amp;quot;,&amp;quot;bloodGroup&amp;quot;:&amp;quot;O-&amp;quot;,&amp;quot;height&amp;quot;:193.24,&amp;quot;weight&amp;quot;:63.16,&amp;quot;eyeColor&amp;quot;:&amp;quot;Green&amp;quot;,&amp;quot;hair&amp;quot;:{&amp;quot;color&amp;quot;:&amp;quot;Brown&amp;quot;,&amp;quot;type&amp;quot;:&amp;quot;Curly&amp;quot;},&amp;quot;ip&amp;quot;:&amp;quot;42.48.100.32&amp;quot;,&amp;quot;address&amp;quot;:{&amp;quot;address&amp;quot;:&amp;quot;626 Main Street&amp;quot;,&amp;quot;city&amp;quot;:&amp;quot;Phoenix&amp;quot;,&amp;quot;state&amp;quot;:&amp;quot;Mississippi&amp;quot;,&amp;quot;stateCode&amp;quot;:&amp;quot;MS&amp;quot;,&amp;quot;postalCode&amp;quot;:&amp;quot;29112&amp;quot;,&amp;quot;coordinates&amp;quot;:{&amp;quot;lat&amp;quot;:-77.16213,&amp;quot;lng&amp;quot;:-92.084824},&amp;quot;country&amp;quot;:&amp;quot;United States&amp;quot;},&amp;quot;macAddress&amp;quot;:&amp;quot;47:fa:41:18:ec:eb&amp;quot;,&amp;quot;university&amp;quot;:&amp;quot;University of Wisconsin--Madison&amp;quot;,&amp;quot;bank&amp;quot;:{&amp;quot;cardExpire&amp;quot;:&amp;quot;05/28&amp;quot;,&amp;quot;cardNumber&amp;quot;:&amp;quot;3693233511855044&amp;quot;,&amp;quot;cardType&amp;quot;:&amp;quot;Diners Club International&amp;quot;,&amp;quot;currency&amp;quot;:&amp;quot;GBP&amp;quot;,&amp;quot;iban&amp;quot;:&amp;quot;GB74MH2UZLR9TRPHYNU8F8&amp;quot;},&amp;quot;company&amp;quot;:{&amp;quot;department&amp;quot;:&amp;quot;Engineering&amp;quot;,&amp;quot;name&amp;quot;:&amp;quot;Dooley, Kozey and Cronin&amp;quot;,&amp;quot;title&amp;quot;:&amp;quot;Sales Manager&amp;quot;,&amp;quot;address&amp;quot;:{&amp;quot;address&amp;quot;:&amp;quot;263 Tenth Street&amp;quot;,&amp;quot;city&amp;quot;:&amp;quot;San Francisco&amp;quot;,&amp;quot;state&amp;quot;:&amp;quot;Wisconsin&amp;quot;,&amp;quot;stateCode&amp;quot;:&amp;quot;WI&amp;quot;,&amp;quot;postalCode&amp;quot;:&amp;quot;37657&amp;quot;,&amp;quot;coordinates&amp;quot;:{&amp;quot;lat&amp;quot;:71.814525,&amp;quot;lng&amp;quot;:-161.150263},&amp;quot;country&amp;quot;:&amp;quot;United States&amp;quot;}},&amp;quot;ein&amp;quot;:&amp;quot;977-175&amp;quot;,&amp;quot;ssn&amp;quot;:&amp;quot;900-590-289&amp;quot;,&amp;quot;userAgent&amp;quot;:&amp;quot;Mozilla/5.0 (Macintosh; Intel Mac OS X 10_15_7) AppleWebKit/537.36 (KHTML, like Gecko) Chrome/96.0.4664.93 Safari/537.36&amp;quot;,&amp;quot;crypto&amp;quot;:{&amp;quot;coin&amp;quot;:&amp;quot;Bitcoin&amp;quot;,&amp;quot;wallet&amp;quot;:&amp;quot;0xb9fc2fe63b2a6c003f1c324c3bfa53259162181a&amp;quot;,&amp;quot;network&amp;quot;:&amp;quot;Ethereum (ERC20)&amp;quot;},&amp;quot;role&amp;quot;:&amp;quot;admin&amp;quot;},{&amp;quot;id&amp;quot;:2,&amp;quot;firstName&amp;quot;:&amp;quot;Michael&amp;quot;,&amp;quot;lastName&amp;quot;:&amp;quot;Williams&amp;quot;,&amp;quot;maidenName&amp;quot;:&amp;quot;&amp;quot;,&amp;quot;age&amp;quot;:36,&amp;quot;gender&amp;quot;:&amp;quot;male&amp;quot;,&amp;quot;email&amp;quot;:&amp;quot;michael.williams@x.dummyjson.com&amp;quot;,&amp;quot;phone&amp;quot;:&amp;quot;+49 258-627-6644&amp;quot;,&amp;quot;username&amp;quot;:&amp;quot;michaelw&amp;quot;,&amp;quot;password&amp;quot;:&amp;quot;michaelwpass&amp;quot;,&amp;quot;birthDate&amp;quot;:&amp;quot;1989-8-10&amp;quot;,&amp;quot;image&amp;quot;:&amp;quot;https://dummyjson.com/icon/michaelw/128&amp;quot;,&amp;quot;bloodGroup&amp;quot;:&amp;quot;B+&amp;quot;,&amp;quot;height&amp;quot;:186.22,&amp;quot;weight&amp;quot;:76.32,&amp;quot;eyeColor&amp;quot;:&amp;quot;Red&amp;quot;,&amp;quot;hair&amp;quot;:{&amp;quot;color&amp;quot;:&amp;quot;Green&amp;quot;,&amp;quot;type&amp;quot;:&amp;quot;Straight&amp;quot;},&amp;quot;ip&amp;quot;:&amp;quot;12.13.116.142&amp;quot;,&amp;quot;address&amp;quot;:{&amp;quot;address&amp;quot;:&amp;quot;385 Fifth Street&amp;quot;,&amp;quot;city&amp;quot;:&amp;quot;Houston&amp;quot;,&amp;quot;state&amp;quot;:&amp;quot;Alabama&amp;quot;,&amp;quot;stateCode&amp;quot;:&amp;quot;AL&amp;quot;,&amp;quot;postalCode&amp;quot;:&amp;quot;38807&amp;quot;,&amp;quot;coordinates&amp;quot;:{&amp;quot;lat&amp;quot;:22.815468,&amp;quot;lng&amp;quot;:115.608581},&amp;quot;country&amp;quot;:&amp;quot;United States&amp;quot;},&amp;quot;macAddress&amp;quot;:&amp;quot;79:15:78:99:60:aa&amp;quot;,&amp;quot;university&amp;quot;:&amp;quot;Ohio State University&amp;quot;,&amp;quot;bank&amp;quot;:{&amp;quot;cardExpire&amp;quot;:&amp;quot;01/30&amp;quot;,&amp;quot;cardNumber&amp;quot;:&amp;quot;3530633803003665&amp;quot;,&amp;quot;cardType&amp;quot;:&amp;quot;JCB&amp;quot;,&amp;quot;currency&amp;quot;:&amp;quot;USD&amp;quot;,&amp;quot;iban&amp;quot;:&amp;quot;DE26362283149158045865&amp;quot;},&amp;quot;company&amp;quot;:{&amp;quot;department&amp;quot;:&amp;quot;Support&amp;quot;,&amp;quot;name&amp;quot;:&amp;quot;Spinka - Dickinson&amp;quot;,&amp;quot;title&amp;quot;:&amp;quot;Support Specialist&amp;quot;,&amp;quot;address&amp;quot;:{&amp;quot;address&amp;quot;:&amp;quot;395 Main Street&amp;quot;,&amp;quot;city&amp;quot;:&amp;quot;Los Angeles&amp;quot;,&amp;quot;state&amp;quot;:&amp;quot;New Hampshire&amp;quot;,&amp;quot;stateCode&amp;quot;:&amp;quot;NH&amp;quot;,&amp;quot;postalCode&amp;quot;:&amp;quot;73442&amp;quot;,&amp;quot;coordinates&amp;quot;:{&amp;quot;lat&amp;quot;:79.098326,&amp;quot;lng&amp;quot;:-119.624845},&amp;quot;country&amp;quot;:&amp;quot;United States&amp;quot;}},&amp;quot;ein&amp;quot;:&amp;quot;912-602&amp;quot;,&amp;quot;ssn&amp;quot;:&amp;quot;108-953-962&amp;quot;,&amp;quot;userAgent&amp;quot;:&amp;quot;Mozilla/5.0 (Windows NT 10.0; Win64; x64) AppleWebKit/537.36 (KHTML, like Gecko) Edge/97.0.1072.76 Safari/537.36&amp;quot;,&amp;quot;crypto&amp;quot;:{&amp;quot;coin&amp;quot;:&amp;quot;Bitcoin&amp;quot;,&amp;quot;wallet&amp;quot;:&amp;quot;0xb9fc2fe63b2a6c003f1c324c3bfa53259162181a&amp;quot;,&amp;quot;network&amp;quot;:&amp;quot;Ethereum (ERC20)&amp;quot;},&amp;quot;role&amp;quot;:&amp;quot;admin&amp;quot;},{&amp;quot;id&amp;quot;:3,&amp;quot;firstName&amp;quot;:&amp;quot;Sophia&amp;quot;,&amp;quot;lastName&amp;quot;:&amp;quot;Brown&amp;quot;,&amp;quot;maidenName&amp;quot;:&amp;quot;&amp;quot;,&amp;quot;age&amp;quot;:43,&amp;quot;gender&amp;quot;:&amp;quot;female&amp;quot;,&amp;quot;email&amp;quot;:&amp;quot;sophia.brown@x.dummyjson.com&amp;quot;,&amp;quot;phone&amp;quot;:&amp;quot;+81 210-652-2785&amp;quot;,&amp;quot;username&amp;quot;:&amp;quot;sophiab&amp;quot;,&amp;quot;password&amp;quot;:&amp;quot;sophiabpass&amp;quot;,&amp;quot;birthDate&amp;quot;:&amp;quot;1982-11-6&amp;quot;,&amp;quot;image&amp;quot;:&amp;quot;https://dummyjson.com/icon/sophiab/128&amp;quot;,&amp;quot;bloodGroup&amp;quot;:&amp;quot;O-&amp;quot;,&amp;quot;height&amp;quot;:177.72,&amp;quot;weight&amp;quot;:52.6,&amp;quot;eyeColor&amp;quot;:&amp;quot;Hazel&amp;quot;,&amp;quot;hair&amp;quot;:{&amp;quot;color&amp;quot;:&amp;quot;White&amp;quot;,&amp;quot;type&amp;quot;:&amp;quot;Wavy&amp;quot;},&amp;quot;ip&amp;quot;:&amp;quot;214.225.51.195&amp;quot;,&amp;quot;address&amp;quot;:{&amp;quot;address&amp;quot;:&amp;quot;1642 Ninth Street&amp;quot;,&amp;quot;city&amp;quot;:&amp;quot;Washington&amp;quot;,&amp;quot;state&amp;quot;:&amp;quot;Alabama&amp;quot;,&amp;quot;stateCode&amp;quot;:&amp;quot;AL&amp;quot;,&amp;quot;postalCode&amp;quot;:&amp;quot;32822&amp;quot;,&amp;quot;coordinates&amp;quot;:{&amp;quot;lat&amp;quot;:45.289366,&amp;quot;lng&amp;quot;:46.832664},&amp;quot;country&amp;quot;:&amp;quot;United States&amp;quot;},&amp;quot;macAddress&amp;quot;:&amp;quot;12:a3:d3:6f:5c:5b&amp;quot;,&amp;quot;university&amp;quot;:&amp;quot;Pepperdine University&amp;quot;,&amp;quot;bank&amp;quot;:{&amp;quot;cardExpire&amp;quot;:&amp;quot;10/27&amp;quot;,&amp;quot;cardNumber&amp;quot;:&amp;quot;6011212053392887&amp;quot;,&amp;quot;cardType&amp;quot;:&amp;quot;Discover&amp;quot;,&amp;quot;currency&amp;quot;:&amp;quot;EUR&amp;quot;,&amp;quot;iban&amp;quot;:&amp;quot;DE12191213468288004835&amp;quot;},&amp;quot;company&amp;quot;:{&amp;quot;department&amp;quot;:&amp;quot;Research and Development&amp;quot;,&amp;quot;name&amp;quot;:&amp;quot;Schiller - Zieme&amp;quot;,&amp;quot;title&amp;quot;:&amp;quot;Accountant&amp;quot;,&amp;quot;address&amp;quot;:{&amp;quot;address&amp;quot;:&amp;quot;1896 Washington Street&amp;quot;,&amp;quot;city&amp;quot;:&amp;quot;Dallas&amp;quot;,&amp;quot;state&amp;quot;:&amp;quot;Nevada&amp;quot;,&amp;quot;stateCode&amp;quot;:&amp;quot;NV&amp;quot;,&amp;quot;postalCode&amp;quot;:&amp;quot;88511&amp;quot;,&amp;quot;coordinates&amp;quot;:{&amp;quot;lat&amp;quot;:20.086743,&amp;quot;lng&amp;quot;:-34.577107},&amp;quot;country&amp;quot;:&amp;quot;United States&amp;quot;}},&amp;quot;ein&amp;quot;:&amp;quot;963-113&amp;quot;,&amp;quot;ssn&amp;quot;:&amp;quot;638-461-822&amp;quot;,&amp;quot;userAgent&amp;quot;:&amp;quot;Mozilla/5.0 (Windows NT 10.0; Win64; x64) AppleWebKit/537.36 (KHTML, like Gecko) Chrome/96.0.4664.45 Safari/537.36&amp;quot;,&amp;quot;crypto&amp;quot;:{&amp;quot;coin&amp;quot;:&amp;quot;Bitcoin&amp;quot;,&amp;quot;wallet&amp;quot;:&amp;quot;0xb9fc2fe63b2a6c003f1c324c3bfa53259162181a&amp;quot;,&amp;quot;network&amp;quot;:&amp;quot;Ethereum (ERC20)&amp;quot;},&amp;quot;role&amp;quot;:&amp;quot;admin&amp;quot;},{&amp;quot;id&amp;quot;:4,&amp;quot;firstName&amp;quot;:&amp;quot;James&amp;quot;,&amp;quot;lastName&amp;quot;:&amp;quot;Davis&amp;quot;,&amp;quot;maidenName&amp;quot;:&amp;quot;&amp;quot;,&amp;quot;age&amp;quot;:46,&amp;quot;gender&amp;quot;:&amp;quot;male&amp;quot;,&amp;quot;email&amp;quot;:&amp;quot;james.davis@x.dummyjson.com&amp;quot;,&amp;quot;phone&amp;quot;:&amp;quot;+49 614-958-9364&amp;quot;,&amp;quot;username&amp;quot;:&amp;quot;jamesd&amp;quot;,&amp;quot;password&amp;quot;:&amp;quot;jamesdpass&amp;quot;,&amp;quot;birthDate&amp;quot;:&amp;quot;1979-5-4&amp;quot;,&amp;quot;image&amp;quot;:&amp;quot;https://dummyjson.com/icon/jamesd/128&amp;quot;,&amp;quot;bloodGroup&amp;quot;:&amp;quot;AB+&amp;quot;,&amp;quot;height&amp;quot;:193.31,&amp;quot;weight&amp;quot;:62.1,&amp;quot;eyeColor&amp;quot;:&amp;quot;Amber&amp;quot;,&amp;quot;hair&amp;quot;:{&amp;quot;color&amp;quot;:&amp;quot;Blonde&amp;quot;,&amp;quot;type&amp;quot;:&amp;quot;Straight&amp;quot;},&amp;quot;ip&amp;quot;:&amp;quot;101.118.131.66&amp;quot;,&amp;quot;address&amp;quot;:{&amp;quot;address&amp;quot;:&amp;quot;238 Jefferson Street&amp;quot;,&amp;quot;city&amp;quot;:&amp;quot;Seattle&amp;quot;,&amp;quot;state&amp;quot;:&amp;quot;Pennsylvania&amp;quot;,&amp;quot;stateCode&amp;quot;:&amp;quot;PA&amp;quot;,&amp;quot;postalCode&amp;quot;:&amp;quot;68354&amp;quot;,&amp;quot;coordinates&amp;quot;:{&amp;quot;lat&amp;quot;:16.782513,&amp;quot;lng&amp;quot;:-139.34723},&amp;quot;country&amp;quot;:&amp;quot;United States&amp;quot;},&amp;quot;macAddress&amp;quot;:&amp;quot;10:7d:df:1f:97:58&amp;quot;,&amp;quot;university&amp;quot;:&amp;quot;University of Southern California&amp;quot;,&amp;quot;bank&amp;quot;:{&amp;quot;cardExpire&amp;quot;:&amp;quot;07/30&amp;quot;,&amp;quot;cardNumber&amp;quot;:&amp;quot;5303440212268149&amp;quot;,&amp;quot;cardType&amp;quot;:&amp;quot;Mastercard&amp;quot;,&amp;quot;currency&amp;quot;:&amp;quot;CAD&amp;quot;,&amp;quot;iban&amp;quot;:&amp;quot;DE01300746880579852937&amp;quot;},&amp;quot;company&amp;quot;:{&amp;quot;department&amp;quot;:&amp;quot;Support&amp;quot;,&amp;quot;name&amp;quot;:&amp;quot;Pagac and Sons&amp;quot;,&amp;quot;title&amp;quot;:&amp;quot;Research Analyst&amp;quot;,&amp;quot;address&amp;quot;:{&amp;quot;address&amp;quot;:&amp;quot;1622 Lincoln Street&amp;quot;,&amp;quot;city&amp;quot;:&amp;quot;Fort Worth&amp;quot;,&amp;quot;state&amp;quot;:&amp;quot;Pennsylvania&amp;quot;,&amp;quot;stateCode&amp;quot;:&amp;quot;PA&amp;quot;,&amp;quot;postalCode&amp;quot;:&amp;quot;27768&amp;quot;,&amp;quot;coordinates&amp;quot;:{&amp;quot;lat&amp;quot;:54.91193,&amp;quot;lng&amp;quot;:-79.498328},&amp;quot;country&amp;quot;:&amp;quot;United States&amp;quot;}},&amp;quot;ein&amp;quot;:&amp;quot;904-810&amp;quot;,&amp;quot;ssn&amp;quot;:&amp;quot;116-951-314&amp;quot;,&amp;quot;userAgent&amp;quot;:&amp;quot;Mozilla/5.0 (Macintosh; Intel Mac OS X 10_15_7) AppleWebKit/537.36 (KHTML, like Gecko) Chrome/97.0.4692.99 Safari/537.36&amp;quot;,&amp;quot;crypto&amp;quot;:{&amp;quot;coin&amp;quot;:&amp;quot;Bitcoin&amp;quot;,&amp;quot;wallet&amp;quot;:&amp;quot;0xb9fc2fe63b2a6c003f1c324c3bfa53259162181a&amp;quot;,&amp;quot;network&amp;quot;:&amp;quot;Ethereum (ERC20)&amp;quot;},&amp;quot;role&amp;quot;:&amp;quot;admin&amp;quot;},{&amp;quot;id&amp;quot;:5,&amp;quot;firstName&amp;quot;:&amp;quot;Emma&amp;quot;,&amp;quot;lastName&amp;quot;:&amp;quot;Miller&amp;quot;,&amp;quot;maidenName&amp;quot;:&amp;quot;Johnson&amp;quot;,&amp;quot;age&amp;quot;:31,&amp;quot;gender&amp;quot;:&amp;quot;female&amp;quot;,&amp;quot;email&amp;quot;:&amp;quot;emma.miller@x.dummyjson.com&amp;quot;,&amp;quot;phone&amp;quot;:&amp;quot;+91 759-776-1614&amp;quot;,&amp;quot;username&amp;quot;:&amp;quot;emmaj&amp;quot;,&amp;quot;password&amp;quot;:&amp;quot;emmajpass&amp;quot;,&amp;quot;birthDate&amp;quot;:&amp;quot;1994-6-13&amp;quot;,&amp;quot;image&amp;quot;:&amp;quot;https://dummyjson.com/icon/emmaj/128&amp;quot;,&amp;quot;bloodGroup&amp;quot;:&amp;quot;AB-&amp;quot;,&amp;quot;height&amp;quot;:192.8,&amp;quot;weight&amp;quot;:63.62,&amp;quot;eyeColor&amp;quot;:&amp;quot;Green&amp;quot;,&amp;quot;hair&amp;quot;:{&amp;quot;color&amp;quot;:&amp;quot;White&amp;quot;,&amp;quot;type&amp;quot;:&amp;quot;Straight&amp;quot;},&amp;quot;ip&amp;quot;:&amp;quot;224.126.22.183&amp;quot;,&amp;quot;address&amp;quot;:{&amp;quot;address&amp;quot;:&amp;quot;607 Fourth Street&amp;quot;,&amp;quot;city&amp;quot;:&amp;quot;Jacksonville&amp;quot;,&amp;quot;state&amp;quot;:&amp;quot;Colorado&amp;quot;,&amp;quot;stateCode&amp;quot;:&amp;quot;CO&amp;quot;,&amp;quot;postalCode&amp;quot;:&amp;quot;26593&amp;quot;,&amp;quot;coordinates&amp;quot;:{&amp;quot;lat&amp;quot;:0.505589,&amp;quot;lng&amp;quot;:-157.43281},&amp;quot;country&amp;quot;:&amp;quot;United States&amp;quot;},&amp;quot;macAddress&amp;quot;:&amp;quot;32:b9:7e:8d:f5:e8&amp;quot;,&amp;quot;university&amp;quot;:&amp;quot;Northeastern University&amp;quot;,&amp;quot;bank&amp;quot;:{&amp;quot;cardExpire&amp;quot;:&amp;quot;07/30&amp;quot;,&amp;quot;cardNumber&amp;quot;:&amp;quot;5237188057591130&amp;quot;,&amp;quot;cardType&amp;quot;:&amp;quot;Mastercard&amp;quot;,&amp;quot;currency&amp;quot;:&amp;quot;NZD&amp;quot;,&amp;quot;iban&amp;quot;:&amp;quot;DE19182355652037133559&amp;quot;},&amp;quot;company&amp;quot;:{&amp;quot;department&amp;quot;:&amp;quot;Human Resources&amp;quot;,&amp;quot;name&amp;quot;:&amp;quot;Graham - Gulgowski&amp;quot;,&amp;quot;title&amp;quot;:&amp;quot;Quality Assurance Engineer&amp;quot;,&amp;quot;address&amp;quot;:{&amp;quot;address&amp;quot;:&amp;quot;1460 Sixth Street&amp;quot;,&amp;quot;city&amp;quot;:&amp;quot;San Antonio&amp;quot;,&amp;quot;state&amp;quot;:&amp;quot;Idaho&amp;quot;,&amp;quot;stateCode&amp;quot;:&amp;quot;ID&amp;quot;,&amp;quot;postalCode&amp;quot;:&amp;quot;21965&amp;quot;,&amp;quot;coordinates&amp;quot;:{&amp;quot;lat&amp;quot;:44.346545,&amp;quot;lng&amp;quot;:-26.944701},&amp;quot;country&amp;quot;:&amp;quot;United States&amp;quot;}},&amp;quot;ein&amp;quot;:&amp;quot;403-505&amp;quot;,&amp;quot;ssn&amp;quot;:&amp;quot;526-210-885&amp;quot;,&amp;quot;userAgent&amp;quot;:&amp;quot;Mozilla/5.0 (Windows NT 10.0; Win64; x64; rv:97.0) Gecko/20100101 Firefox/97.0&amp;quot;,&amp;quot;crypto&amp;quot;:{&amp;quot;coin&amp;quot;:&amp;quot;Bitcoin&amp;quot;,&amp;quot;wallet&amp;quot;:&amp;quot;0xb9fc2fe63b2a6c003f1c324c3bfa53259162181a&amp;quot;,&amp;quot;network&amp;quot;:&amp;quot;Ethereum (ERC20)&amp;quot;},&amp;quot;role&amp;quot;:&amp;quot;admin&amp;quot;},{&amp;quot;id&amp;quot;:6,&amp;quot;firstName&amp;quot;:&amp;quot;Olivia&amp;quot;,&amp;quot;lastName&amp;quot;:&amp;quot;Wilson&amp;quot;,&amp;quot;maidenName&amp;quot;:&amp;quot;&amp;quot;,&amp;quot;age&amp;quot;:23,&amp;quot;gender&amp;quot;:&amp;quot;female&amp;quot;,&amp;quot;email&amp;quot;:&amp;quot;olivia.wilson@x.dummyjson.com&amp;quot;,&amp;quot;phone&amp;quot;:&amp;quot;+91 607-295-6448&amp;quot;,&amp;quot;username&amp;quot;:&amp;quot;oliviaw&amp;quot;,&amp;quot;password&amp;quot;:&amp;quot;oliviawpass&amp;quot;,&amp;quot;birthDate&amp;quot;:&amp;quot;2002-4-20&amp;quot;,&amp;quot;image&amp;quot;:&amp;quot;https://dummyjson.com/icon/oliviaw/128&amp;quot;,&amp;quot;bloodGroup&amp;quot;:&amp;quot;B+&amp;quot;,&amp;quot;height&amp;quot;:182.61,&amp;quot;weight&amp;quot;:58,&amp;quot;eyeColor&amp;quot;:&amp;quot;Hazel&amp;quot;,&amp;quot;hair&amp;quot;:{&amp;quot;color&amp;quot;:&amp;quot;Gray&amp;quot;,&amp;quot;type&amp;quot;:&amp;quot;Curly&amp;quot;},&amp;quot;ip&amp;quot;:&amp;quot;249.178.112.207&amp;quot;,&amp;quot;address&amp;quot;:{&amp;quot;address&amp;quot;:&amp;quot;547 First Street&amp;quot;,&amp;quot;city&amp;quot;:&amp;quot;Fort Worth&amp;quot;,&amp;quot;state&amp;quot;:&amp;quot;Tennessee&amp;quot;,&amp;quot;stateCode&amp;quot;:&amp;quot;TN&amp;quot;,&amp;quot;postalCode&amp;quot;:&amp;quot;83843&amp;quot;,&amp;quot;coordinates&amp;quot;:{&amp;quot;lat&amp;quot;:75.32627,&amp;quot;lng&amp;quot;:-26.15285},&amp;quot;country&amp;quot;:&amp;quot;United States&amp;quot;},&amp;quot;macAddress&amp;quot;:&amp;quot;9c:7f:ea:34:18:19&amp;quot;,&amp;quot;university&amp;quot;:&amp;quot;University of North Carolina--Chapel Hill&amp;quot;,&amp;quot;bank&amp;quot;:{&amp;quot;cardExpire&amp;quot;:&amp;quot;06/30&amp;quot;,&amp;quot;cardNumber&amp;quot;:&amp;quot;376320072452632&amp;quot;,&amp;quot;cardType&amp;quot;:&amp;quot;American Express&amp;quot;,&amp;quot;currency&amp;quot;:&amp;quot;NZD&amp;quot;,&amp;quot;iban&amp;quot;:&amp;quot;DE21153814367894194071&amp;quot;},&amp;quot;company&amp;quot;:{&amp;quot;department&amp;quot;:&amp;quot;Product Management&amp;quot;,&amp;quot;name&amp;quot;:&amp;quot;Pfannerstill Inc&amp;quot;,&amp;quot;title&amp;quot;:&amp;quot;Research Analyst&amp;quot;,&amp;quot;address&amp;quot;:{&amp;quot;address&amp;quot;:&amp;quot;425 Sixth Street&amp;quot;,&amp;quot;city&amp;quot;:&amp;quot;Indianapolis&amp;quot;,&amp;quot;state&amp;quot;:&amp;quot;Oklahoma&amp;quot;,&amp;quot;stateCode&amp;quot;:&amp;quot;OK&amp;quot;,&amp;quot;postalCode&amp;quot;:&amp;quot;74263&amp;quot;,&amp;quot;coordinates&amp;quot;:{&amp;quot;lat&amp;quot;:74.986644,&amp;quot;lng&amp;quot;:-132.916888},&amp;quot;country&amp;quot;:&amp;quot;United States&amp;quot;}},&amp;quot;ein&amp;quot;:&amp;quot;921-709&amp;quot;,&amp;quot;ssn&amp;quot;:&amp;quot;836-772-168&amp;quot;,&amp;quot;userAgent&amp;quot;:&amp;quot;Mozilla/5.0 (Macintosh; Intel Mac OS X 10_15_7) AppleWebKit/605.1.15 (KHTML, like Gecko) Version/15.3 Safari/605.1.15&amp;quot;,&amp;quot;crypto&amp;quot;:{&amp;quot;coin&amp;quot;:&amp;quot;Bitcoin&amp;quot;,&amp;quot;wallet&amp;quot;:&amp;quot;0xb9fc2fe63b2a6c003f1c324c3bfa53259162181a&amp;quot;,&amp;quot;network&amp;quot;:&amp;quot;Ethereum (ERC20)&amp;quot;},&amp;quot;role&amp;quot;:&amp;quot;moderator&amp;quot;},{&amp;quot;id&amp;quot;:7,&amp;quot;firstName&amp;quot;:&amp;quot;Alexander&amp;quot;,&amp;quot;lastName&amp;quot;:&amp;quot;Jones&amp;quot;,&amp;quot;maidenName&amp;quot;:&amp;quot;&amp;quot;,&amp;quot;age&amp;quot;:39,&amp;quot;gender&amp;quot;:&amp;quot;male&amp;quot;,&amp;quot;email&amp;quot;:&amp;quot;alexander.jones@x.dummyjson.com&amp;quot;,&amp;quot;phone&amp;quot;:&amp;quot;+61 260-824-4986&amp;quot;,&amp;quot;username&amp;quot;:&amp;quot;alexanderj&amp;quot;,&amp;quot;password&amp;quot;:&amp;quot;alexanderjpass&amp;quot;,&amp;quot;birthDate&amp;quot;:&amp;quot;1986-10-20&amp;quot;,&amp;quot;image&amp;quot;:&amp;quot;https://dummyjson.com/icon/alexanderj/128&amp;quot;,&amp;quot;bloodGroup&amp;quot;:&amp;quot;AB-&amp;quot;,&amp;quot;height&amp;quot;:153.89,&amp;quot;weight&amp;quot;:77.42,&amp;quot;eyeColor&amp;quot;:&amp;quot;Blue&amp;quot;,&amp;quot;hair&amp;quot;:{&amp;quot;color&amp;quot;:&amp;quot;White&amp;quot;,&amp;quot;type&amp;quot;:&amp;quot;Straight&amp;quot;},&amp;quot;ip&amp;quot;:&amp;quot;166.204.84.32&amp;quot;,&amp;quot;address&amp;quot;:{&amp;quot;address&amp;quot;:&amp;quot;664 Maple Street&amp;quot;,&amp;quot;city&amp;quot;:&amp;quot;Indianapolis&amp;quot;,&amp;quot;state&amp;quot;:&amp;quot;Delaware&amp;quot;,&amp;quot;stateCode&amp;quot;:&amp;quot;DE&amp;quot;,&amp;quot;postalCode&amp;quot;:&amp;quot;86684&amp;quot;,&amp;quot;coordinates&amp;quot;:{&amp;quot;lat&amp;quot;:35.289664,&amp;quot;lng&amp;quot;:7.063255},&amp;quot;country&amp;quot;:&amp;quot;United States&amp;quot;},&amp;quot;macAddress&amp;quot;:&amp;quot;d2:64:58:2d:1c:46&amp;quot;,&amp;quot;university&amp;quot;:&amp;quot;University of Illinois--Urbana-Champaign&amp;quot;,&amp;quot;bank&amp;quot;:{&amp;quot;cardExpire&amp;quot;:&amp;quot;12/29&amp;quot;,&amp;quot;cardNumber&amp;quot;:&amp;quot;5189302549548693&amp;quot;,&amp;quot;cardType&amp;quot;:&amp;quot;Mastercard&amp;quot;,&amp;quot;currency&amp;quot;:&amp;quot;PKR&amp;quot;,&amp;quot;iban&amp;quot;:&amp;quot;DE67517655968963441488&amp;quot;},&amp;quot;company&amp;quot;:{&amp;quot;department&amp;quot;:&amp;quot;Engineering&amp;quot;,&amp;quot;name&amp;quot;:&amp;quot;Dickens - Beahan&amp;quot;,&amp;quot;title&amp;quot;:&amp;quot;Web Developer&amp;quot;,&amp;quot;address&amp;quot;:{&amp;quot;address&amp;quot;:&amp;quot;996 Eighth Street&amp;quot;,&amp;quot;city&amp;quot;:&amp;quot;Washington&amp;quot;,&amp;quot;state&amp;quot;:&amp;quot;Kansas&amp;quot;,&amp;quot;stateCode&amp;quot;:&amp;quot;KS&amp;quot;,&amp;quot;postalCode&amp;quot;:&amp;quot;27858&amp;quot;,&amp;quot;coordinates&amp;quot;:{&amp;quot;lat&amp;quot;:-75.462366,&amp;quot;lng&amp;quot;:-128.025697},&amp;quot;country&amp;quot;:&amp;quot;United States&amp;quot;}},&amp;quot;ein&amp;quot;:&amp;quot;638-127&amp;quot;,&amp;quot;ssn&amp;quot;:&amp;quot;722-993-925&amp;quot;,&amp;quot;userAgent&amp;quot;:&amp;quot;Mozilla/5.0 (Macintosh; Intel Mac OS X 10_15_7) AppleWebKit/537.36 (KHTML, like Gecko) Chrome/95.0.4638.69 Safari/537.36&amp;quot;,&amp;quot;crypto&amp;quot;:{&amp;quot;coin&amp;quot;:&amp;quot;Bitcoin&amp;quot;,&amp;quot;wallet&amp;quot;:&amp;quot;0xb9fc2fe63b2a6c003f1c324c3bfa53259162181a&amp;quot;,&amp;quot;network&amp;quot;:&amp;quot;Ethereum (ERC20)&amp;quot;},&amp;quot;role&amp;quot;:&amp;quot;moderator&amp;quot;},{&amp;quot;id&amp;quot;:8,&amp;quot;firstName&amp;quot;:&amp;quot;Ava&amp;quot;,&amp;quot;lastName&amp;quot;:&amp;quot;Taylor&amp;quot;,&amp;quot;maidenName&amp;quot;:&amp;quot;&amp;quot;,&amp;quot;age&amp;quot;:28,&amp;quot;gender&amp;quot;:&amp;quot;female&amp;quot;,&amp;quot;email&amp;quot;:&amp;quot;ava.taylor@x.dummyjson.com&amp;quot;,&amp;quot;phone&amp;quot;:&amp;quot;+1 458-853-7877&amp;quot;,&amp;quot;username&amp;quot;:&amp;quot;avat&amp;quot;,&amp;quot;password&amp;quot;:&amp;quot;avatpass&amp;quot;,&amp;quot;birthDate&amp;quot;:&amp;quot;1997-8-25&amp;quot;,&amp;quot;image&amp;quot;:&amp;quot;https://dummyjson.com/icon/avat/128&amp;quot;,&amp;quot;bloodGroup&amp;quot;:&amp;quot;AB-&amp;quot;,&amp;quot;height&amp;quot;:168.47,&amp;quot;weight&amp;quot;:57.08,&amp;quot;eyeColor&amp;quot;:&amp;quot;Hazel&amp;quot;,&amp;quot;hair&amp;quot;:{&amp;quot;color&amp;quot;:&amp;quot;Red&amp;quot;,&amp;quot;type&amp;quot;:&amp;quot;Kinky&amp;quot;},&amp;quot;ip&amp;quot;:&amp;quot;150.73.197.233&amp;quot;,&amp;quot;address&amp;quot;:{&amp;quot;address&amp;quot;:&amp;quot;1197 First Street&amp;quot;,&amp;quot;city&amp;quot;:&amp;quot;Fort Worth&amp;quot;,&amp;quot;state&amp;quot;:&amp;quot;Rhode Island&amp;quot;,&amp;quot;stateCode&amp;quot;:&amp;quot;RI&amp;quot;,&amp;quot;postalCode&amp;quot;:&amp;quot;24771&amp;quot;,&amp;quot;coordinates&amp;quot;:{&amp;quot;lat&amp;quot;:-81.194833,&amp;quot;lng&amp;quot;:-87.948158},&amp;quot;country&amp;quot;:&amp;quot;United States&amp;quot;},&amp;quot;macAddress&amp;quot;:&amp;quot;8d:2e:c2:d6:e7:a8&amp;quot;,&amp;quot;university&amp;quot;:&amp;quot;University of Wisconsin--Madison&amp;quot;,&amp;quot;bank&amp;quot;:{&amp;quot;cardExpire&amp;quot;:&amp;quot;08/30&amp;quot;,&amp;quot;cardNumber&amp;quot;:&amp;quot;5349974103330333&amp;quot;,&amp;quot;cardType&amp;quot;:&amp;quot;Mastercard&amp;quot;,&amp;quot;currency&amp;quot;:&amp;quot;EUR&amp;quot;,&amp;quot;iban&amp;quot;:&amp;quot;FR94ZM2MMGL1EVYQE1ZLCVCFH83&amp;quot;},&amp;quot;company&amp;quot;:{&amp;quot;department&amp;quot;:&amp;quot;Marketing&amp;quot;,&amp;quot;name&amp;quot;:&amp;quot;Nikolaus Inc&amp;quot;,&amp;quot;title&amp;quot;:&amp;quot;Chief Executive Officer&amp;quot;,&amp;quot;address&amp;quot;:{&amp;quot;address&amp;quot;:&amp;quot;930 Lincoln Street&amp;quot;,&amp;quot;city&amp;quot;:&amp;quot;Austin&amp;quot;,&amp;quot;state&amp;quot;:&amp;quot;Colorado&amp;quot;,&amp;quot;stateCode&amp;quot;:&amp;quot;CO&amp;quot;,&amp;quot;postalCode&amp;quot;:&amp;quot;47592&amp;quot;,&amp;quot;coordinates&amp;quot;:{&amp;quot;lat&amp;quot;:87.970083,&amp;quot;lng&amp;quot;:-42.769351},&amp;quot;country&amp;quot;:&amp;quot;United States&amp;quot;}},&amp;quot;ein&amp;quot;:&amp;quot;297-762&amp;quot;,&amp;quot;ssn&amp;quot;:&amp;quot;257-419-109&amp;quot;,&amp;quot;userAgent&amp;quot;:&amp;quot;Mozilla/5.0 (Windows NT 10.0; Win64; x64) AppleWebKit/537.36 (KHTML, like Gecko) Chrome/96.0.4664.45 Safari/537.36&amp;quot;,&amp;quot;crypto&amp;quot;:{&amp;quot;coin&amp;quot;:&amp;quot;Bitcoin&amp;quot;,&amp;quot;wallet&amp;quot;:&amp;quot;0xb9fc2fe63b2a6c003f1c324c3bfa53259162181a&amp;quot;,&amp;quot;network&amp;quot;:&amp;quot;Ethereum (ERC20)&amp;quot;},&amp;quot;role&amp;quot;:&amp;quot;moderator&amp;quot;},{&amp;quot;id&amp;quot;:9,&amp;quot;firstName&amp;quot;:&amp;quot;Ethan&amp;quot;,&amp;quot;lastName&amp;quot;:&amp;quot;Martinez&amp;quot;,&amp;quot;maidenName&amp;quot;:&amp;quot;&amp;quot;,&amp;quot;age&amp;quot;:34,&amp;quot;gender&amp;quot;:&amp;quot;male&amp;quot;,&amp;quot;email&amp;quot;:&amp;quot;ethan.martinez@x.dummyjson.com&amp;quot;,&amp;quot;phone&amp;quot;:&amp;quot;+92 933-608-5081&amp;quot;,&amp;quot;username&amp;quot;:&amp;quot;ethanm&amp;quot;,&amp;quot;password&amp;quot;:&amp;quot;ethanmpass&amp;quot;,&amp;quot;birthDate&amp;quot;:&amp;quot;1991-2-12&amp;quot;,&amp;quot;image&amp;quot;:&amp;quot;https://dummyjson.com/icon/ethanm/128&amp;quot;,&amp;quot;bloodGroup&amp;quot;:&amp;quot;AB+&amp;quot;,&amp;quot;height&amp;quot;:159.19,&amp;quot;weight&amp;quot;:68.81,&amp;quot;eyeColor&amp;quot;:&amp;quot;Hazel&amp;quot;,&amp;quot;hair&amp;quot;:{&amp;quot;color&amp;quot;:&amp;quot;Purple&amp;quot;,&amp;quot;type&amp;quot;:&amp;quot;Curly&amp;quot;},&amp;quot;ip&amp;quot;:&amp;quot;63.191.127.71&amp;quot;,&amp;quot;address&amp;quot;:{&amp;quot;address&amp;quot;:&amp;quot;466 Pine Street&amp;quot;,&amp;quot;city&amp;quot;:&amp;quot;San Antonio&amp;quot;,&amp;quot;state&amp;quot;:&amp;quot;Louisiana&amp;quot;,&amp;quot;stateCode&amp;quot;:&amp;quot;LA&amp;quot;,&amp;quot;postalCode&amp;quot;:&amp;quot;72360&amp;quot;,&amp;quot;coordinates&amp;quot;:{&amp;quot;lat&amp;quot;:74.074918,&amp;quot;lng&amp;quot;:-25.312703},&amp;quot;country&amp;quot;:&amp;quot;United States&amp;quot;},&amp;quot;macAddress&amp;quot;:&amp;quot;59:e:9e:e3:29:da&amp;quot;,&amp;quot;university&amp;quot;:&amp;quot;Syracuse University&amp;quot;,&amp;quot;bank&amp;quot;:{&amp;quot;cardExpire&amp;quot;:&amp;quot;10/27&amp;quot;,&amp;quot;cardNumber&amp;quot;:&amp;quot;3598603288061479&amp;quot;,&amp;quot;cardType&amp;quot;:&amp;quot;JCB&amp;quot;,&amp;quot;currency&amp;quot;:&amp;quot;GBP&amp;quot;,&amp;quot;iban&amp;quot;:&amp;quot;GB26PND7D83JTW4HL6LZ71&amp;quot;},&amp;quot;company&amp;quot;:{&amp;quot;department&amp;quot;:&amp;quot;Support&amp;quot;,&amp;quot;name&amp;quot;:&amp;quot;Gorczany - Gottlieb&amp;quot;,&amp;quot;title&amp;quot;:&amp;quot;Legal Counsel&amp;quot;,&amp;quot;address&amp;quot;:{&amp;quot;address&amp;quot;:&amp;quot;1597 Oak Street&amp;quot;,&amp;quot;city&amp;quot;:&amp;quot;Chicago&amp;quot;,&amp;quot;state&amp;quot;:&amp;quot;Florida&amp;quot;,&amp;quot;stateCode&amp;quot;:&amp;quot;FL&amp;quot;,&amp;quot;postalCode&amp;quot;:&amp;quot;28100&amp;quot;,&amp;quot;coordinates&amp;quot;:{&amp;quot;lat&amp;quot;:-67.45208,&amp;quot;lng&amp;quot;:-23.209886},&amp;quot;country&amp;quot;:&amp;quot;United States&amp;quot;}},&amp;quot;ein&amp;quot;:&amp;quot;790-434&amp;quot;,&amp;quot;ssn&amp;quot;:&amp;quot;569-650-348&amp;quot;,&amp;quot;userAgent&amp;quot;:&amp;quot;Mozilla/5.0 (Windows NT 10.0; Win64; x64) AppleWebKit/537.36 (KHTML, like Gecko) Chrome/95.0.4638.69 Safari/537.36&amp;quot;,&amp;quot;crypto&amp;quot;:{&amp;quot;coin&amp;quot;:&amp;quot;Bitcoin&amp;quot;,&amp;quot;wallet&amp;quot;:&amp;quot;0xb9fc2fe63b2a6c003f1c324c3bfa53259162181a&amp;quot;,&amp;quot;network&amp;quot;:&amp;quot;Ethereum (ERC20)&amp;quot;},&amp;quot;role&amp;quot;:&amp;quot;moderator&amp;quot;},{&amp;quot;id&amp;quot;:10,&amp;quot;firstName&amp;quot;:&amp;quot;Isabella&amp;quot;,&amp;quot;lastName&amp;quot;:&amp;quot;Anderson&amp;quot;,&amp;quot;maidenName&amp;quot;:&amp;quot;Davis&amp;quot;,&amp;quot;age&amp;quot;:32,&amp;quot;gender&amp;quot;:&amp;quot;female&amp;quot;,&amp;quot;email&amp;quot;:&amp;quot;isabella.anderson@x.dummyjson.com&amp;quot;,&amp;quot;phone&amp;quot;:&amp;quot;+49 770-658-4885&amp;quot;,&amp;quot;username&amp;quot;:&amp;quot;isabellad&amp;quot;,&amp;quot;password&amp;quot;:&amp;quot;isabelladpass&amp;quot;,&amp;quot;birthDate&amp;quot;:&amp;quot;1993-6-10&amp;quot;,&amp;quot;image&amp;quot;:&amp;quot;https://dummyjson.com/icon/isabellad/128&amp;quot;,&amp;quot;bloodGroup&amp;quot;:&amp;quot;A-&amp;quot;,&amp;quot;height&amp;quot;:150.56,&amp;quot;weight&amp;quot;:50.1,&amp;quot;eyeColor&amp;quot;:&amp;quot;Brown&amp;quot;,&amp;quot;hair&amp;quot;:{&amp;quot;color&amp;quot;:&amp;quot;Blonde&amp;quot;,&amp;quot;type&amp;quot;:&amp;quot;Curly&amp;quot;},&amp;quot;ip&amp;quot;:&amp;quot;114.9.114.205&amp;quot;,&amp;quot;address&amp;quot;:{&amp;quot;address&amp;quot;:&amp;quot;1964 Oak Street&amp;quot;,&amp;quot;city&amp;quot;:&amp;quot;New York&amp;quot;,&amp;quot;state&amp;quot;:&amp;quot;Utah&amp;quot;,&amp;quot;stateCode&amp;quot;:&amp;quot;UT&amp;quot;,&amp;quot;postalCode&amp;quot;:&amp;quot;89352&amp;quot;,&amp;quot;coordinates&amp;quot;:{&amp;quot;lat&amp;quot;:41.331324,&amp;quot;lng&amp;quot;:151.782727},&amp;quot;country&amp;quot;:&amp;quot;United States&amp;quot;},&amp;quot;macAddress&amp;quot;:&amp;quot;b1:b0:d0:a2:82:80&amp;quot;,&amp;quot;university&amp;quot;:&amp;quot;California Institute of Technology (Caltech)&amp;quot;,&amp;quot;bank&amp;quot;:{&amp;quot;cardExpire&amp;quot;:&amp;quot;03/30&amp;quot;,&amp;quot;cardNumber&amp;quot;:&amp;quot;3602093733952858&amp;quot;,&amp;quot;cardType&amp;quot;:&amp;quot;Diners Club International&amp;quot;,&amp;quot;currency&amp;quot;:&amp;quot;USD&amp;quot;,&amp;quot;iban&amp;quot;:&amp;quot;DE12934874962442340025&amp;quot;},&amp;quot;company&amp;quot;:{&amp;quot;department&amp;quot;:&amp;quot;Marketing&amp;quot;,&amp;quot;name&amp;quot;:&amp;quot;Pollich - Hilpert&amp;quot;,&amp;quot;title&amp;quot;:&amp;quot;Chief Financial Officer&amp;quot;,&amp;quot;address&amp;quot;:{&amp;quot;address&amp;quot;:&amp;quot;1029 Adams Street&amp;quot;,&amp;quot;city&amp;quot;:&amp;quot;San Diego&amp;quot;,&amp;quot;state&amp;quot;:&amp;quot;Maryland&amp;quot;,&amp;quot;stateCode&amp;quot;:&amp;quot;MD&amp;quot;,&amp;quot;postalCode&amp;quot;:&amp;quot;63847&amp;quot;,&amp;quot;coordinates&amp;quot;:{&amp;quot;lat&amp;quot;:-25.843393,&amp;quot;lng&amp;quot;:-62.692681},&amp;quot;country&amp;quot;:&amp;quot;United States&amp;quot;}},&amp;quot;ein&amp;quot;:&amp;quot;127-297&amp;quot;,&amp;quot;ssn&amp;quot;:&amp;quot;902-438-728&amp;quot;,&amp;quot;userAgent&amp;quot;:&amp;quot;Mozilla/5.0 (Macintosh; Intel Mac OS X 10_15_7) AppleWebKit/537.36 (KHTML, like Gecko) Chrome/96.0.4664.93 Safari/537.36&amp;quot;,&amp;quot;crypto&amp;quot;:{&amp;quot;coin&amp;quot;:&amp;quot;Bitcoin&amp;quot;,&amp;quot;wallet&amp;quot;:&amp;quot;0xb9fc2fe63b2a6c003f1c324c3bfa53259162181a&amp;quot;,&amp;quot;network&amp;quot;:&amp;quot;Ethereum (ERC20)&amp;quot;},&amp;quot;role&amp;quot;:&amp;quot;moderator&amp;quot;},{&amp;quot;id&amp;quot;:11,&amp;quot;firstName&amp;quot;:&amp;quot;Liam&amp;quot;,&amp;quot;lastName&amp;quot;:&amp;quot;Garcia&amp;quot;,&amp;quot;maidenName&amp;quot;:&amp;quot;&amp;quot;,&amp;quot;age&amp;quot;:30,&amp;quot;gender&amp;quot;:&amp;quot;male&amp;quot;,&amp;quot;email&amp;quot;:&amp;quot;liam.garcia@x.dummyjson.com&amp;quot;,&amp;quot;phone&amp;quot;:&amp;quot;+92 870-217-6201&amp;quot;,&amp;quot;username&amp;quot;:&amp;quot;liamg&amp;quot;,&amp;quot;password&amp;quot;:&amp;quot;liamgpass&amp;quot;,&amp;quot;birthDate&amp;quot;:&amp;quot;1995-6-6&amp;quot;,&amp;quot;image&amp;quot;:&amp;quot;https://dummyjson.com/icon/liamg/128&amp;quot;,&amp;quot;bloodGroup&amp;quot;:&amp;quot;AB-&amp;quot;,&amp;quot;height&amp;quot;:162.32,&amp;quot;weight&amp;quot;:93.16,&amp;quot;eyeColor&amp;quot;:&amp;quot;Violet&amp;quot;,&amp;quot;hair&amp;quot;:{&amp;quot;color&amp;quot;:&amp;quot;Red&amp;quot;,&amp;quot;type&amp;quot;:&amp;quot;Wavy&amp;quot;},&amp;quot;ip&amp;quot;:&amp;quot;56.201.85.9&amp;quot;,&amp;quot;address&amp;quot;:{&amp;quot;address&amp;quot;:&amp;quot;576 Fifth Street&amp;quot;,&amp;quot;city&amp;quot;:&amp;quot;Denver&amp;quot;,&amp;quot;state&amp;quot;:&amp;quot;South Dakota&amp;quot;,&amp;quot;stateCode&amp;quot;:&amp;quot;SD&amp;quot;,&amp;quot;postalCode&amp;quot;:&amp;quot;57252&amp;quot;,&amp;quot;coordinates&amp;quot;:{&amp;quot;lat&amp;quot;:-66.218177,&amp;quot;lng&amp;quot;:-145.340165},&amp;quot;country&amp;quot;:&amp;quot;United States&amp;quot;},&amp;quot;macAddress&amp;quot;:&amp;quot;31:9a:28:8b:99:6c&amp;quot;,&amp;quot;university&amp;quot;:&amp;quot;Ohio State University&amp;quot;,&amp;quot;bank&amp;quot;:{&amp;quot;cardExpire&amp;quot;:&amp;quot;12/29&amp;quot;,&amp;quot;cardNumber&amp;quot;:&amp;quot;3614993744940956&amp;quot;,&amp;quot;cardType&amp;quot;:&amp;quot;Diners Club International&amp;quot;,&amp;quot;currency&amp;quot;:&amp;quot;USD&amp;quot;,&amp;quot;iban&amp;quot;:&amp;quot;DE65581882748067758114&amp;quot;},&amp;quot;company&amp;quot;:{&amp;quot;department&amp;quot;:&amp;quot;Services&amp;quot;,&amp;quot;name&amp;quot;:&amp;quot;Considine - Torp&amp;quot;,&amp;quot;title&amp;quot;:&amp;quot;Web Developer&amp;quot;,&amp;quot;address&amp;quot;:{&amp;quot;address&amp;quot;:&amp;quot;27 Cedar Street&amp;quot;,&amp;quot;city&amp;quot;:&amp;quot;Philadelphia&amp;quot;,&amp;quot;state&amp;quot;:&amp;quot;Connecticut&amp;quot;,&amp;quot;stateCode&amp;quot;:&amp;quot;CT&amp;quot;,&amp;quot;postalCode&amp;quot;:&amp;quot;79574&amp;quot;,&amp;quot;coordinates&amp;quot;:{&amp;quot;lat&amp;quot;:-81.841588,&amp;quot;lng&amp;quot;:31.79423},&amp;quot;country&amp;quot;:&amp;quot;United States&amp;quot;}},&amp;quot;ein&amp;quot;:&amp;quot;326-604&amp;quot;,&amp;quot;ssn&amp;quot;:&amp;quot;933-784-949&amp;quot;,&amp;quot;userAgent&amp;quot;:&amp;quot;Mozilla/5.0 (Macintosh; Intel Mac OS X 10_15_7) AppleWebKit/537.36 (KHTML, like Gecko) Chrome/97.0.4692.99 Safari/537.36&amp;quot;,&amp;quot;crypto&amp;quot;:{&amp;quot;coin&amp;quot;:&amp;quot;Bitcoin&amp;quot;,&amp;quot;wallet&amp;quot;:&amp;quot;0xb9fc2fe63b2a6c003f1c324c3bfa53259162181a&amp;quot;,&amp;quot;network&amp;quot;:&amp;quot;Ethereum (ERC20)&amp;quot;},&amp;quot;role&amp;quot;:&amp;quot;moderator&amp;quot;},{&amp;quot;id&amp;quot;:12,&amp;quot;firstName&amp;quot;:&amp;quot;Mia&amp;quot;,&amp;quot;lastName&amp;quot;:&amp;quot;Rodriguez&amp;quot;,&amp;quot;maidenName&amp;quot;:&amp;quot;&amp;quot;,&amp;quot;age&amp;quot;:25,&amp;quot;gender&amp;quot;:&amp;quot;female&amp;quot;,&amp;quot;email&amp;quot;:&amp;quot;mia.rodriguez@x.dummyjson.com&amp;quot;,&amp;quot;phone&amp;quot;:&amp;quot;+49 989-461-8403&amp;quot;,&amp;quot;username&amp;quot;:&amp;quot;miar&amp;quot;,&amp;quot;password&amp;quot;:&amp;quot;miarpass&amp;quot;,&amp;quot;birthDate&amp;quot;:&amp;quot;2000-8-4&amp;quot;,&amp;quot;image&amp;quot;:&amp;quot;https://dummyjson.com/icon/miar/128&amp;quot;,&amp;quot;bloodGroup&amp;quot;:&amp;quot;O-&amp;quot;,&amp;quot;height&amp;quot;:188.08,&amp;quot;weight&amp;quot;:56.03,&amp;quot;eyeColor&amp;quot;:&amp;quot;Blue&amp;quot;,&amp;quot;hair&amp;quot;:{&amp;quot;color&amp;quot;:&amp;quot;Purple&amp;quot;,&amp;quot;type&amp;quot;:&amp;quot;Wavy&amp;quot;},&amp;quot;ip&amp;quot;:&amp;quot;11.72.253.90&amp;quot;,&amp;quot;address&amp;quot;:{&amp;quot;address&amp;quot;:&amp;quot;1627 Sixth Street&amp;quot;,&amp;quot;city&amp;quot;:&amp;quot;Jacksonville&amp;quot;,&amp;quot;state&amp;quot;:&amp;quot;West Virginia&amp;quot;,&amp;quot;stateCode&amp;quot;:&amp;quot;WV&amp;quot;,&amp;quot;postalCode&amp;quot;:&amp;quot;41810&amp;quot;,&amp;quot;coordinates&amp;quot;:{&amp;quot;lat&amp;quot;:24.857497,&amp;quot;lng&amp;quot;:-34.865429},&amp;quot;country&amp;quot;:&amp;quot;United States&amp;quot;},&amp;quot;macAddress&amp;quot;:&amp;quot;53:d7:a4:6:1e:58&amp;quot;,&amp;quot;university&amp;quot;:&amp;quot;William &amp;amp; Mary&amp;quot;,&amp;quot;bank&amp;quot;:{&amp;quot;cardExpire&amp;quot;:&amp;quot;02/29&amp;quot;,&amp;quot;cardNumber&amp;quot;:&amp;quot;343932350909214&amp;quot;,&amp;quot;cardType&amp;quot;:&amp;quot;American Express&amp;quot;,&amp;quot;currency&amp;quot;:&amp;quot;CAD&amp;quot;,&amp;quot;iban&amp;quot;:&amp;quot;DE77118774979880310165&amp;quot;},&amp;quot;company&amp;quot;:{&amp;quot;department&amp;quot;:&amp;quot;Accounting&amp;quot;,&amp;quot;name&amp;quot;:&amp;quot;Miller, Schowalter and Wisozk&amp;quot;,&amp;quot;title&amp;quot;:&amp;quot;Business Analyst&amp;quot;,&amp;quot;address&amp;quot;:{&amp;quot;address&amp;quot;:&amp;quot;1039 Washington Street&amp;quot;,&amp;quot;city&amp;quot;:&amp;quot;Philadelphia&amp;quot;,&amp;quot;state&amp;quot;:&amp;quot;New Jersey&amp;quot;,&amp;quot;stateCode&amp;quot;:&amp;quot;NJ&amp;quot;,&amp;quot;postalCode&amp;quot;:&amp;quot;57518&amp;quot;,&amp;quot;coordinates&amp;quot;:{&amp;quot;lat&amp;quot;:85.455933,&amp;quot;lng&amp;quot;:164.246103},&amp;quot;country&amp;quot;:&amp;quot;United States&amp;quot;}},&amp;quot;ein&amp;quot;:&amp;quot;754-660&amp;quot;,&amp;quot;ssn&amp;quot;:&amp;quot;749-524-124&amp;quot;,&amp;quot;userAgent&amp;quot;:&amp;quot;Mozilla/5.0 (Macintosh; Intel Mac OS X 10_15_7) AppleWebKit/537.36 (KHTML, like Gecko) Chrome/95.0.4638.54 Safari/537.36&amp;quot;,&amp;quot;crypto&amp;quot;:{&amp;quot;coin&amp;quot;:&amp;quot;Bitcoin&amp;quot;,&amp;quot;wallet&amp;quot;:&amp;quot;0xb9fc2fe63b2a6c003f1c324c3bfa53259162181a&amp;quot;,&amp;quot;network&amp;quot;:&amp;quot;Ethereum (ERC20)&amp;quot;},&amp;quot;role&amp;quot;:&amp;quot;moderator&amp;quot;},{&amp;quot;id&amp;quot;:13,&amp;quot;firstName&amp;quot;:&amp;quot;Noah&amp;quot;,&amp;quot;lastName&amp;quot;:&amp;quot;Hernandez&amp;quot;,&amp;quot;maidenName&amp;quot;:&amp;quot;&amp;quot;,&amp;quot;age&amp;quot;:41,&amp;quot;gender&amp;quot;:&amp;quot;male&amp;quot;,&amp;quot;email&amp;quot;:&amp;quot;noah.hernandez@x.dummyjson.com&amp;quot;,&amp;quot;phone&amp;quot;:&amp;quot;+49 393-605-6968&amp;quot;,&amp;quot;username&amp;quot;:&amp;quot;noahh&amp;quot;,&amp;quot;password&amp;quot;:&amp;quot;noahhpass&amp;quot;,&amp;quot;birthDate&amp;quot;:&amp;quot;1984-6-5&amp;quot;,&amp;quot;image&amp;quot;:&amp;quot;https://dummyjson.com/icon/noahh/128&amp;quot;,&amp;quot;bloodGroup&amp;quot;:&amp;quot;AB+&amp;quot;,&amp;quot;height&amp;quot;:188.62,&amp;quot;weight&amp;quot;:69.49,&amp;quot;eyeColor&amp;quot;:&amp;quot;Brown&amp;quot;,&amp;quot;hair&amp;quot;:{&amp;quot;color&amp;quot;:&amp;quot;Red&amp;quot;,&amp;quot;type&amp;quot;:&amp;quot;Curly&amp;quot;},&amp;quot;ip&amp;quot;:&amp;quot;169.154.126.57&amp;quot;,&amp;quot;address&amp;quot;:{&amp;quot;address&amp;quot;:&amp;quot;1413 Maple Street&amp;quot;,&amp;quot;city&amp;quot;:&amp;quot;New York&amp;quot;,&amp;quot;state&amp;quot;:&amp;quot;North Dakota&amp;quot;,&amp;quot;stateCode&amp;quot;:&amp;quot;ND&amp;quot;,&amp;quot;postalCode&amp;quot;:&amp;quot;73696&amp;quot;,&amp;quot;coordinates&amp;quot;:{&amp;quot;lat&amp;quot;:-25.0377,&amp;quot;lng&amp;quot;:-151.70469},&amp;quot;country&amp;quot;:&amp;quot;United States&amp;quot;},&amp;quot;macAddress&amp;quot;:&amp;quot;d4:fe:ae:8f:eb:a3&amp;quot;,&amp;quot;university&amp;quot;:&amp;quot;New York University (NYU)&amp;quot;,&amp;quot;bank&amp;quot;:{&amp;quot;cardExpire&amp;quot;:&amp;quot;03/30&amp;quot;,&amp;quot;cardNumber&amp;quot;:&amp;quot;6262462852322850&amp;quot;,&amp;quot;cardType&amp;quot;:&amp;quot;UnionPay&amp;quot;,&amp;quot;currency&amp;quot;:&amp;quot;PKR&amp;quot;,&amp;quot;iban&amp;quot;:&amp;quot;DE13437032020581217601&amp;quot;},&amp;quot;company&amp;quot;:{&amp;quot;department&amp;quot;:&amp;quot;Engineering&amp;quot;,&amp;quot;name&amp;quot;:&amp;quot;Botsford, Marquardt and Roberts&amp;quot;,&amp;quot;title&amp;quot;:&amp;quot;Database Administrator&amp;quot;,&amp;quot;address&amp;quot;:{&amp;quot;address&amp;quot;:&amp;quot;62 Third Street&amp;quot;,&amp;quot;city&amp;quot;:&amp;quot;Seattle&amp;quot;,&amp;quot;state&amp;quot;:&amp;quot;Oregon&amp;quot;,&amp;quot;stateCode&amp;quot;:&amp;quot;OR&amp;quot;,&amp;quot;postalCode&amp;quot;:&amp;quot;83474&amp;quot;,&amp;quot;coordinates&amp;quot;:{&amp;quot;lat&amp;quot;:19.490447,&amp;quot;lng&amp;quot;:-13.173207},&amp;quot;country&amp;quot;:&amp;quot;United States&amp;quot;}},&amp;quot;ein&amp;quot;:&amp;quot;877-628&amp;quot;,&amp;quot;ssn&amp;quot;:&amp;quot;660-847-389&amp;quot;,&amp;quot;userAgent&amp;quot;:&amp;quot;Mozilla/5.0 (Windows NT 10.0; Win64; x64) AppleWebKit/537.36 (KHTML, like Gecko) Chrome/95.0.4638.54 Safari/537.36&amp;quot;,&amp;quot;crypto&amp;quot;:{&amp;quot;coin&amp;quot;:&amp;quot;Bitcoin&amp;quot;,&amp;quot;wallet&amp;quot;:&amp;quot;0xb9fc2fe63b2a6c003f1c324c3bfa53259162181a&amp;quot;,&amp;quot;network&amp;quot;:&amp;quot;Ethereum (ERC20)&amp;quot;},&amp;quot;role&amp;quot;:&amp;quot;moderator&amp;quot;},{&amp;quot;id&amp;quot;:14,&amp;quot;firstName&amp;quot;:&amp;quot;Charlotte&amp;quot;,&amp;quot;lastName&amp;quot;:&amp;quot;Lopez&amp;quot;,&amp;quot;maidenName&amp;quot;:&amp;quot;Martinez&amp;quot;,&amp;quot;age&amp;quot;:37,&amp;quot;gender&amp;quot;:&amp;quot;female&amp;quot;,&amp;quot;email&amp;quot;:&amp;quot;charlotte.lopez@x.dummyjson.com&amp;quot;,&amp;quot;phone&amp;quot;:&amp;quot;+44 373-953-5028&amp;quot;,&amp;quot;username&amp;quot;:&amp;quot;charlottem&amp;quot;,&amp;quot;password&amp;quot;:&amp;quot;charlottempass&amp;quot;,&amp;quot;birthDate&amp;quot;:&amp;quot;1988-6-8&amp;quot;,&amp;quot;image&amp;quot;:&amp;quot;https://dummyjson.com/icon/charlottem/128&amp;quot;,&amp;quot;bloodGroup&amp;quot;:&amp;quot;AB-&amp;quot;,&amp;quot;height&amp;quot;:178.92,&amp;quot;weight&amp;quot;:82.46,&amp;quot;eyeColor&amp;quot;:&amp;quot;Brown&amp;quot;,&amp;quot;hair&amp;quot;:{&amp;quot;color&amp;quot;:&amp;quot;Gray&amp;quot;,&amp;quot;type&amp;quot;:&amp;quot;Kinky&amp;quot;},&amp;quot;ip&amp;quot;:&amp;quot;119.103.95.60&amp;quot;,&amp;quot;address&amp;quot;:{&amp;quot;address&amp;quot;:&amp;quot;208 Second Street&amp;quot;,&amp;quot;city&amp;quot;:&amp;quot;Columbus&amp;quot;,&amp;quot;state&amp;quot;:&amp;quot;Ohio&amp;quot;,&amp;quot;stateCode&amp;quot;:&amp;quot;OH&amp;quot;,&amp;quot;postalCode&amp;quot;:&amp;quot;42044&amp;quot;,&amp;quot;coordinates&amp;quot;:{&amp;quot;lat&amp;quot;:-44.443762,&amp;quot;lng&amp;quot;:-151.420561},&amp;quot;country&amp;quot;:&amp;quot;United States&amp;quot;},&amp;quot;macAddress&amp;quot;:&amp;quot;f6:ff:37:aa:6c:f1&amp;quot;,&amp;quot;university&amp;quot;:&amp;quot;Northeastern University&amp;quot;,&amp;quot;bank&amp;quot;:{&amp;quot;cardExpire&amp;quot;:&amp;quot;12/27&amp;quot;,&amp;quot;cardNumber&amp;quot;:&amp;quot;3634388457177035&amp;quot;,&amp;quot;cardType&amp;quot;:&amp;quot;Diners Club International&amp;quot;,&amp;quot;currency&amp;quot;:&amp;quot;PKR&amp;quot;,&amp;quot;iban&amp;quot;:&amp;quot;DE54092147842698685963&amp;quot;},&amp;quot;company&amp;quot;:{&amp;quot;department&amp;quot;:&amp;quot;Accounting&amp;quot;,&amp;quot;name&amp;quot;:&amp;quot;Zulauf and Sons&amp;quot;,&amp;quot;title&amp;quot;:&amp;quot;Chief Executive Officer&amp;quot;,&amp;quot;address&amp;quot;:{&amp;quot;address&amp;quot;:&amp;quot;569 Jefferson Street&amp;quot;,&amp;quot;city&amp;quot;:&amp;quot;Los Angeles&amp;quot;,&amp;quot;state&amp;quot;:&amp;quot;Montana&amp;quot;,&amp;quot;stateCode&amp;quot;:&amp;quot;MT&amp;quot;,&amp;quot;postalCode&amp;quot;:&amp;quot;17779&amp;quot;,&amp;quot;coordinates&amp;quot;:{&amp;quot;lat&amp;quot;:-18.371256,&amp;quot;lng&amp;quot;:22.566258},&amp;quot;country&amp;quot;:&amp;quot;United States&amp;quot;}},&amp;quot;ein&amp;quot;:&amp;quot;364-782&amp;quot;,&amp;quot;ssn&amp;quot;:&amp;quot;255-491-479&amp;quot;,&amp;quot;userAgent&amp;quot;:&amp;quot;Mozilla/5.0 (Windows NT 10.0; Win64; x64) AppleWebKit/537.36 (KHTML, like Gecko) Chrome/96.0.4664.45 Safari/537.36&amp;quot;,&amp;quot;crypto&amp;quot;:{&amp;quot;coin&amp;quot;:&amp;quot;Bitcoin&amp;quot;,&amp;quot;wallet&amp;quot;:&amp;quot;0xb9fc2fe63b2a6c003f1c324c3bfa53259162181a&amp;quot;,&amp;quot;network&amp;quot;:&amp;quot;Ethereum (ERC20)&amp;quot;},&amp;quot;role&amp;quot;:&amp;quot;moderator&amp;quot;},{&amp;quot;id&amp;quot;:15,&amp;quot;firstName&amp;quot;:&amp;quot;William&amp;quot;,&amp;quot;lastName&amp;quot;:&amp;quot;Gonzalez&amp;quot;,&amp;quot;maidenName&amp;quot;:&amp;quot;&amp;quot;,&amp;quot;age&amp;quot;:33,&amp;quot;gender&amp;quot;:&amp;quot;male&amp;quot;,&amp;quot;email&amp;quot;:&amp;quot;william.gonzalez@x.dummyjson.com&amp;quot;,&amp;quot;phone&amp;quot;:&amp;quot;+81 905-252-7319&amp;quot;,&amp;quot;username&amp;quot;:&amp;quot;williamg&amp;quot;,&amp;quot;password&amp;quot;:&amp;quot;williamgpass&amp;quot;,&amp;quot;birthDate&amp;quot;:&amp;quot;1992-3-27&amp;quot;,&amp;quot;image&amp;quot;:&amp;quot;https://dummyjson.com/icon/williamg/128&amp;quot;,&amp;quot;bloodGroup&amp;quot;:&amp;quot;B-&amp;quot;,&amp;quot;height&amp;quot;:173.21,&amp;quot;weight&amp;quot;:82.41,&amp;quot;eyeColor&amp;quot;:&amp;quot;Hazel&amp;quot;,&amp;quot;hair&amp;quot;:{&amp;quot;color&amp;quot;:&amp;quot;Gray&amp;quot;,&amp;quot;type&amp;quot;:&amp;quot;Curly&amp;quot;},&amp;quot;ip&amp;quot;:&amp;quot;250.2.241.204&amp;quot;,&amp;quot;address&amp;quot;:{&amp;quot;address&amp;quot;:&amp;quot;31 Maple Street&amp;quot;,&amp;quot;city&amp;quot;:&amp;quot;San Jose&amp;quot;,&amp;quot;state&amp;quot;:&amp;quot;Utah&amp;quot;,&amp;quot;stateCode&amp;quot;:&amp;quot;UT&amp;quot;,&amp;quot;postalCode&amp;quot;:&amp;quot;78243&amp;quot;,&amp;quot;coordinates&amp;quot;:{&amp;quot;lat&amp;quot;:8.152876,&amp;quot;lng&amp;quot;:113.29799},&amp;quot;country&amp;quot;:&amp;quot;United States&amp;quot;},&amp;quot;macAddress&amp;quot;:&amp;quot;f5:68:28:f9:ec:89&amp;quot;,&amp;quot;university&amp;quot;:&amp;quot;Tufts University&amp;quot;,&amp;quot;bank&amp;quot;:{&amp;quot;cardExpire&amp;quot;:&amp;quot;05/30&amp;quot;,&amp;quot;cardNumber&amp;quot;:&amp;quot;6228256225004929&amp;quot;,&amp;quot;cardType&amp;quot;:&amp;quot;UnionPay&amp;quot;,&amp;quot;currency&amp;quot;:&amp;quot;PKR&amp;quot;,&amp;quot;iban&amp;quot;:&amp;quot;DE63711022986572448914&amp;quot;},&amp;quot;company&amp;quot;:{&amp;quot;department&amp;quot;:&amp;quot;Marketing&amp;quot;,&amp;quot;name&amp;quot;:&amp;quot;Spinka - Dickinson&amp;quot;,&amp;quot;title&amp;quot;:&amp;quot;Software Architect&amp;quot;,&amp;quot;address&amp;quot;:{&amp;quot;address&amp;quot;:&amp;quot;1538 Eighth Street&amp;quot;,&amp;quot;city&amp;quot;:&amp;quot;San Jose&amp;quot;,&amp;quot;state&amp;quot;:&amp;quot;Missouri&amp;quot;,&amp;quot;stateCode&amp;quot;:&amp;quot;MO&amp;quot;,&amp;quot;postalCode&amp;quot;:&amp;quot;29673&amp;quot;,&amp;quot;coordinates&amp;quot;:{&amp;quot;lat&amp;quot;:24.169361,&amp;quot;lng&amp;quot;:-29.395167},&amp;quot;country&amp;quot;:&amp;quot;United States&amp;quot;}},&amp;quot;ein&amp;quot;:&amp;quot;830-515&amp;quot;,&amp;quot;ssn&amp;quot;:&amp;quot;690-544-755&amp;quot;,&amp;quot;userAgent&amp;quot;:&amp;quot;Mozilla/5.0 (Macintosh; Intel Mac OS X 10_15_7) AppleWebKit/537.36 (KHTML, like Gecko) Chrome/96.0.4664.93 Safari/537.36&amp;quot;,&amp;quot;crypto&amp;quot;:{&amp;quot;coin&amp;quot;:&amp;quot;Bitcoin&amp;quot;,&amp;quot;wallet&amp;quot;:&amp;quot;0xb9fc2fe63b2a6c003f1c324c3bfa53259162181a&amp;quot;,&amp;quot;network&amp;quot;:&amp;quot;Ethereum (ERC20)&amp;quot;},&amp;quot;role&amp;quot;:&amp;quot;moderator&amp;quot;},{&amp;quot;id&amp;quot;:16,&amp;quot;firstName&amp;quot;:&amp;quot;Avery&amp;quot;,&amp;quot;lastName&amp;quot;:&amp;quot;Perez&amp;quot;,&amp;quot;maidenName&amp;quot;:&amp;quot;&amp;quot;,&amp;quot;age&amp;quot;:26,&amp;quot;gender&amp;quot;:&amp;quot;female&amp;quot;,&amp;quot;email&amp;quot;:&amp;quot;avery.perez@x.dummyjson.com&amp;quot;,&amp;quot;phone&amp;quot;:&amp;quot;+61 731-431-3457&amp;quot;,&amp;quot;username&amp;quot;:&amp;quot;averyp&amp;quot;,&amp;quot;password&amp;quot;:&amp;quot;averyppass&amp;quot;,&amp;quot;birthDate&amp;quot;:&amp;quot;1999-3-10&amp;quot;,&amp;quot;image&amp;quot;:&amp;quot;https://dummyjson.com/icon/averyp/128&amp;quot;,&amp;quot;bloodGroup&amp;quot;:&amp;quot;O-&amp;quot;,&amp;quot;height&amp;quot;:172.68,&amp;quot;weight&amp;quot;:93.9,&amp;quot;eyeColor&amp;quot;:&amp;quot;Brown&amp;quot;,&amp;quot;hair&amp;quot;:{&amp;quot;color&amp;quot;:&amp;quot;Green&amp;quot;,&amp;quot;type&amp;quot;:&amp;quot;Curly&amp;quot;},&amp;quot;ip&amp;quot;:&amp;quot;131.217.4.214&amp;quot;,&amp;quot;address&amp;quot;:{&amp;quot;address&amp;quot;:&amp;quot;1125 First Street&amp;quot;,&amp;quot;city&amp;quot;:&amp;quot;Columbus&amp;quot;,&amp;quot;state&amp;quot;:&amp;quot;Iowa&amp;quot;,&amp;quot;stateCode&amp;quot;:&amp;quot;IA&amp;quot;,&amp;quot;postalCode&amp;quot;:&amp;quot;30973&amp;quot;,&amp;quot;coordinates&amp;quot;:{&amp;quot;lat&amp;quot;:12.789127,&amp;quot;lng&amp;quot;:85.792598},&amp;quot;country&amp;quot;:&amp;quot;United States&amp;quot;},&amp;quot;macAddress&amp;quot;:&amp;quot;b3:ff:f3:c5:37:46&amp;quot;,&amp;quot;university&amp;quot;:&amp;quot;Harvard University&amp;quot;,&amp;quot;bank&amp;quot;:{&amp;quot;cardExpire&amp;quot;:&amp;quot;08/29&amp;quot;,&amp;quot;cardNumber&amp;quot;:&amp;quot;378024038311910&amp;quot;,&amp;quot;cardType&amp;quot;:&amp;quot;American Express&amp;quot;,&amp;quot;currency&amp;quot;:&amp;quot;USD&amp;quot;,&amp;quot;iban&amp;quot;:&amp;quot;DE42403186906981858976&amp;quot;},&amp;quot;company&amp;quot;:{&amp;quot;department&amp;quot;:&amp;quot;Accounting&amp;quot;,&amp;quot;name&amp;quot;:&amp;quot;Herzog Inc&amp;quot;,&amp;quot;title&amp;quot;:&amp;quot;Database Administrator&amp;quot;,&amp;quot;address&amp;quot;:{&amp;quot;address&amp;quot;:&amp;quot;183 Maple Street&amp;quot;,&amp;quot;city&amp;quot;:&amp;quot;New York&amp;quot;,&amp;quot;state&amp;quot;:&amp;quot;Rhode Island&amp;quot;,&amp;quot;stateCode&amp;quot;:&amp;quot;RI&amp;quot;,&amp;quot;postalCode&amp;quot;:&amp;quot;45238&amp;quot;,&amp;quot;coordinates&amp;quot;:{&amp;quot;lat&amp;quot;:-53.318189,&amp;quot;lng&amp;quot;:105.835271},&amp;quot;country&amp;quot;:&amp;quot;United States&amp;quot;}},&amp;quot;ein&amp;quot;:&amp;quot;348-493&amp;quot;,&amp;quot;ssn&amp;quot;:&amp;quot;679-523-686&amp;quot;,&amp;quot;userAgent&amp;quot;:&amp;quot;Mozilla/5.0 (Macintosh; Intel Mac OS X 10_15_7) AppleWebKit/537.36 (KHTML, like Gecko) Chrome/95.0.4638.69 Safari/537.36&amp;quot;,&amp;quot;crypto&amp;quot;:{&amp;quot;coin&amp;quot;:&amp;quot;Bitcoin&amp;quot;,&amp;quot;wallet&amp;quot;:&amp;quot;0xb9fc2fe63b2a6c003f1c324c3bfa53259162181a&amp;quot;,&amp;quot;network&amp;quot;:&amp;quot;Ethereum (ERC20)&amp;quot;},&amp;quot;role&amp;quot;:&amp;quot;user&amp;quot;},{&amp;quot;id&amp;quot;:17,&amp;quot;firstName&amp;quot;:&amp;quot;Evelyn&amp;quot;,&amp;quot;lastName&amp;quot;:&amp;quot;Sanchez&amp;quot;,&amp;quot;maidenName&amp;quot;:&amp;quot;&amp;quot;,&amp;quot;age&amp;quot;:38,&amp;quot;gender&amp;quot;:&amp;quot;female&amp;quot;,&amp;quot;email&amp;quot;:&amp;quot;evelyn.sanchez@x.dummyjson.com&amp;quot;,&amp;quot;phone&amp;quot;:&amp;quot;+1 623-880-6871&amp;quot;,&amp;quot;username&amp;quot;:&amp;quot;evelyns&amp;quot;,&amp;quot;password&amp;quot;:&amp;quot;evelynspass&amp;quot;,&amp;quot;birthDate&amp;quot;:&amp;quot;1987-10-13&amp;quot;,&amp;quot;image&amp;quot;:&amp;quot;https://dummyjson.com/icon/evelyns/128&amp;quot;,&amp;quot;bloodGroup&amp;quot;:&amp;quot;B+&amp;quot;,&amp;quot;height&amp;quot;:184.08,&amp;quot;weight&amp;quot;:83.15,&amp;quot;eyeColor&amp;quot;:&amp;quot;Violet&amp;quot;,&amp;quot;hair&amp;quot;:{&amp;quot;color&amp;quot;:&amp;quot;Blue&amp;quot;,&amp;quot;type&amp;quot;:&amp;quot;Curly&amp;quot;},&amp;quot;ip&amp;quot;:&amp;quot;87.114.135.146&amp;quot;,&amp;quot;address&amp;quot;:{&amp;quot;address&amp;quot;:&amp;quot;1170 Lincoln Street&amp;quot;,&amp;quot;city&amp;quot;:&amp;quot;San Diego&amp;quot;,&amp;quot;state&amp;quot;:&amp;quot;Wyoming&amp;quot;,&amp;quot;stateCode&amp;quot;:&amp;quot;WY&amp;quot;,&amp;quot;postalCode&amp;quot;:&amp;quot;43423&amp;quot;,&amp;quot;coordinates&amp;quot;:{&amp;quot;lat&amp;quot;:-83.31484,&amp;quot;lng&amp;quot;:11.768071},&amp;quot;country&amp;quot;:&amp;quot;United States&amp;quot;},&amp;quot;macAddress&amp;quot;:&amp;quot;f8:e5:bd:43:bc:d8&amp;quot;,&amp;quot;university&amp;quot;:&amp;quot;Washington University in St. Louis&amp;quot;,&amp;quot;bank&amp;quot;:{&amp;quot;cardExpire&amp;quot;:&amp;quot;01/29&amp;quot;,&amp;quot;cardNumber&amp;quot;:&amp;quot;3514443781649095&amp;quot;,&amp;quot;cardType&amp;quot;:&amp;quot;JCB&amp;quot;,&amp;quot;currency&amp;quot;:&amp;quot;GBP&amp;quot;,&amp;quot;iban&amp;quot;:&amp;quot;GB74239MLVNQ0UB9ANTFRM&amp;quot;},&amp;quot;company&amp;quot;:{&amp;quot;department&amp;quot;:&amp;quot;Support&amp;quot;,&amp;quot;name&amp;quot;:&amp;quot;Predovic - Johns&amp;quot;,&amp;quot;title&amp;quot;:&amp;quot;Chief Financial Officer&amp;quot;,&amp;quot;address&amp;quot;:{&amp;quot;address&amp;quot;:&amp;quot;1802 Ninth Street&amp;quot;,&amp;quot;city&amp;quot;:&amp;quot;San Diego&amp;quot;,&amp;quot;state&amp;quot;:&amp;quot;Minnesota&amp;quot;,&amp;quot;stateCode&amp;quot;:&amp;quot;MN&amp;quot;,&amp;quot;postalCode&amp;quot;:&amp;quot;89416&amp;quot;,&amp;quot;coordinates&amp;quot;:{&amp;quot;lat&amp;quot;:29.034592,&amp;quot;lng&amp;quot;:-78.004598},&amp;quot;country&amp;quot;:&amp;quot;United States&amp;quot;}},&amp;quot;ein&amp;quot;:&amp;quot;604-817&amp;quot;,&amp;quot;ssn&amp;quot;:&amp;quot;689-332-644&amp;quot;,&amp;quot;userAgent&amp;quot;:&amp;quot;Mozilla/5.0 (Macintosh; Intel Mac OS X 10_15_7) AppleWebKit/537.36 (KHTML, like Gecko) Chrome/96.0.4664.45 Safari/537.36&amp;quot;,&amp;quot;crypto&amp;quot;:{&amp;quot;coin&amp;quot;:&amp;quot;Bitcoin&amp;quot;,&amp;quot;wallet&amp;quot;:&amp;quot;0xb9fc2fe63b2a6c003f1c324c3bfa53259162181a&amp;quot;,&amp;quot;network&amp;quot;:&amp;quot;Ethereum (ERC20)&amp;quot;},&amp;quot;role&amp;quot;:&amp;quot;user&amp;quot;},{&amp;quot;id&amp;quot;:18,&amp;quot;firstName&amp;quot;:&amp;quot;Logan&amp;quot;,&amp;quot;lastName&amp;quot;:&amp;quot;Torres&amp;quot;,&amp;quot;maidenName&amp;quot;:&amp;quot;&amp;quot;,&amp;quot;age&amp;quot;:32,&amp;quot;gender&amp;quot;:&amp;quot;male&amp;quot;,&amp;quot;email&amp;quot;:&amp;quot;logan.torres@x.dummyjson.com&amp;quot;,&amp;quot;phone&amp;quot;:&amp;quot;+81 507-434-8733&amp;quot;,&amp;quot;username&amp;quot;:&amp;quot;logant&amp;quot;,&amp;quot;password&amp;quot;:&amp;quot;logantpass&amp;quot;,&amp;quot;birthDate&amp;quot;:&amp;quot;1993-10-26&amp;quot;,&amp;quot;image&amp;quot;:&amp;quot;https://dummyjson.com/icon/logant/128&amp;quot;,&amp;quot;bloodGroup&amp;quot;:&amp;quot;A+&amp;quot;,&amp;quot;height&amp;quot;:190.04,&amp;quot;weight&amp;quot;:72.43,&amp;quot;eyeColor&amp;quot;:&amp;quot;Green&amp;quot;,&amp;quot;hair&amp;quot;:{&amp;quot;color&amp;quot;:&amp;quot;Green&amp;quot;,&amp;quot;type&amp;quot;:&amp;quot;Curly&amp;quot;},&amp;quot;ip&amp;quot;:&amp;quot;155.98.15.162&amp;quot;,&amp;quot;address&amp;quot;:{&amp;quot;address&amp;quot;:&amp;quot;907 Seventh Street&amp;quot;,&amp;quot;city&amp;quot;:&amp;quot;Columbus&amp;quot;,&amp;quot;state&amp;quot;:&amp;quot;Arkansas&amp;quot;,&amp;quot;stateCode&amp;quot;:&amp;quot;AR&amp;quot;,&amp;quot;postalCode&amp;quot;:&amp;quot;78805&amp;quot;,&amp;quot;coordinates&amp;quot;:{&amp;quot;lat&amp;quot;:-64.846516,&amp;quot;lng&amp;quot;:174.775744},&amp;quot;country&amp;quot;:&amp;quot;United States&amp;quot;},&amp
[...]
:32,"gender":"male","email":"logan.torres@x.dummyjson.com","phone":"+81 507-434-8733","username":"logant","password":"logantpass","birthDate":"1993-10-26","image":"https://dummyjson.com/icon/logant/128","bloodGroup":"A+","height":190.04,"weight":72.43,"eyeColor":"Green","hair":{"color":"Green","type":"Curly"},"ip":"155.98.15.162","address":{"address":"907 Seventh Street","city":"Columbus","state":"Arkansas","stateCode":"AR","postalCode":"78805","coordinates":{"lat":-64.846516,"lng":174.775744},"country":"United States"},"macAddress":"40:d:5c:1:7d:bf","university":"University of Illinois--Urbana-Champaign","bank":{"cardExpire":"04/30","cardNumber":"6258651210557142","cardType":"UnionPay","currency":"EUR","iban":"ES1171429445321693077621"},"company":{"department":"Training","name":"Jast - Nader","title":"Data Analyst","address":{"address":"947 Main Street","city":"Denver","state":"Minnesota","stateCode":"MN","postalCode":"71896","coordinates":{"lat":-24.654063,"lng":-147.255268},"country":"United States"}},"ein":"576-218","ssn":"806-639-934","userAgent":"Mozilla/5.0 (Macintosh; Intel Mac OS X 10_15_7) AppleWebKit/537.36 (KHTML, like Gecko) Chrome/96.0.4664.45 Safari/537.36","crypto":{"coin":"Bitcoin","wallet":"0xb9fc2fe63b2a6c003f1c324c3bfa53259162181a","network":"Ethereum (ERC20)"},"role":"user"},{"id":19,"firstName":"Abigail","lastName":"Rivera","maidenName":"","age":29,"gender":"female","email":"abigail.rivera@x.dummyjson.com","phone":"+91 228-363-7806","username":"abigailr","password":"abigailrpass","birthDate":"1996-10-11","image":"https://dummyjson.com/icon/abigailr/128","bloodGroup":"B+","height":186.39,"weight":74.61,"eyeColor":"Violet","hair":{"color":"Blue","type":"Kinky"},"ip":"19.183.240.94","address":{"address":"996 Oak Street","city":"Chicago","state":"New Mexico","stateCode":"NM","postalCode":"11407","coordinates":{"lat":44.321308,"lng":-3.723903},"country":"United States"},"macAddress":"1d:a6:58:2a:e5:e4","university":"California Institute of Technology (Caltech)","bank":{"cardExpire":"01/27","cardNumber":"6011399019022417","cardType":"Discover","currency":"EUR","iban":"IT11QP2B5J81QM1FBX029VI5DD68O"},"company":{"department":"Human Resources","name":"Prohaska - Thiel","title":"Business Analyst","address":{"address":"1402 Adams Street","city":"Austin","state":"Wisconsin","stateCode":"WI","postalCode":"51456","coordinates":{"lat":25.672938,"lng":-76.54967},"country":"United States"}},"ein":"173-637","ssn":"655-823-929","userAgent":"Mozilla/5.0 (Windows NT 10.0; Win64; x64) AppleWebKit/537.36 (KHTML, like Gecko) Edge/97.0.1072.76 Safari/537.36","crypto":{"coin":"Bitcoin","wallet":"0xb9fc2fe63b2a6c003f1c324c3bfa53259162181a","network":"Ethereum (ERC20)"},"role":"user"},{"id":20,"firstName":"Jackson","lastName":"Evans","maidenName":"","age":35,"gender":"male","email":"jackson.evans@x.dummyjson.com","phone":"+44 468-628-6686","username":"jacksone","password":"jacksonepass","birthDate":"1990-11-30","image":"https://dummyjson.com/icon/jacksone/128","bloodGroup":"O-","height":162.57,"weight":74.37,"eyeColor":"Green","hair":{"color":"Red","type":"Straight"},"ip":"221.127.144.198","address":{"address":"1873 Main Street","city":"New York","state":"Arkansas","stateCode":"AR","postalCode":"26600","coordinates":{"lat":34.722451,"lng":63.448927},"country":"United States"},"macAddress":"81:14:1:97:88:85","university":"Ohio State University","bank":{"cardExpire":"07/30","cardNumber":"376760688512826","cardType":"American Express","currency":"GBP","iban":"GB27CM0H0MNPXSPDGA0A1O"},"company":{"department":"Legal","name":"Kuhlman LLC","title":"Web Developer","address":{"address":"1706 First Street","city":"Chicago","state":"Hawaii","stateCode":"HI","postalCode":"34725","coordinates":{"lat":-80.416937,"lng":-83.224516},"country":"United States"}},"ein":"843-260","ssn":"248-787-886","userAgent":"Mozilla/5.0 (Macintosh; Intel Mac OS X 10_15_7) AppleWebKit/537.36 (KHTML, like Gecko) Chrome/97.0.4692.99 Safari/537.36","crypto":{"coin":"Bitcoin","wallet":"0xb9fc2fe63b2a6c003f1c324c3bfa53259162181a","network":"Ethereum (ERC20)"},"role":"user"},{"id":21,"firstName":"Madison","lastName":"Collins","maidenName":"","age":27,"gender":"female","email":"madison.collins@x.dummyjson.com","phone":"+81 259-957-5711","username":"madisonc","password":"madisoncpass","birthDate":"1998-3-7","image":"https://dummyjson.com/icon/madisonc/128","bloodGroup":"B-","height":189.28,"weight":56.96,"eyeColor":"Red","hair":{"color":"Gray","type":"Curly"},"ip":"85.34.1.204","address":{"address":"1892 Lincoln Street","city":"Philadelphia","state":"New Jersey","stateCode":"NJ","postalCode":"62091","coordinates":{"lat":52.993694,"lng":160.486892},"country":"United States"},"macAddress":"13:b0:d0:23:4d:26","university":"University of Pennsylvania","bank":{"cardExpire":"09/27","cardNumber":"5551259848327064","cardType":"Mastercard","currency":"EUR","iban":"ES3893300143587765232049"},"company":{"department":"Engineering","name":"Mayer - Smitham","title":"Chief Technology Officer","address":{"address":"1438 Main Street","city":"San Diego","state":"Delaware","stateCode":"DE","postalCode":"63144","coordinates":{"lat":1.629613,"lng":23.232982},"country":"United States"}},"ein":"716-166","ssn":"457-258-950","userAgent":"Mozilla/5.0 (Macintosh; Intel Mac OS X 10_15_7) AppleWebKit/537.36 (KHTML, like Gecko) Chrome/97.0.4692.99 Safari/537.36","crypto":{"coin":"Bitcoin","wallet":"0xb9fc2fe63b2a6c003f1c324c3bfa53259162181a","network":"Ethereum (ERC20)"},"role":"user"},{"id":22,"firstName":"Elijah","lastName":"Stewart","maidenName":"","age":34,"gender":"male","email":"elijah.stewart@x.dummyjson.com","phone":"+44 468-357-7872","username":"elijahs","password":"elijahspass","birthDate":"1991-10-22","image":"https://dummyjson.com/icon/elijahs/128","bloodGroup":"A-","height":195.33,"weight":81.64,"eyeColor":"Blue","hair":{"color":"Purple","type":"Straight"},"ip":"23.87.135.62","address":{"address":"1701 Eighth Street","city":"Columbus","state":"Illinois","stateCode":"IL","postalCode":"31585","coordinates":{"lat":-54.833799,"lng":-174.504027},"country":"United States"},"macAddress":"75:17:c6:35:fc:6d","university":"Georgetown University","bank":{"cardExpire":"05/28","cardNumber":"3648138556543460","cardType":"Diners Club International","currency":"EUR","iban":"DE82018985741195770313"},"company":{"department":"Legal","name":"Langworth Group","title":"Business Analyst","address":{"address":"155 Ninth Street","city":"Washington","state":"South Dakota","stateCode":"SD","postalCode":"19039","coordinates":{"lat":61.279254,"lng":-12.607767},"country":"United States"}},"ein":"520-394","ssn":"287-380-801","userAgent":"Mozilla/5.0 (Macintosh; Intel Mac OS X 10_15_7) AppleWebKit/537.36 (KHTML, like Gecko) Chrome/96.0.4664.93 Safari/537.36","crypto":{"coin":"Bitcoin","wallet":"0xb9fc2fe63b2a6c003f1c324c3bfa53259162181a","network":"Ethereum (ERC20)"},"role":"user"},{"id":23,"firstName":"Chloe","lastName":"Morales","maidenName":"","age":40,"gender":"female","email":"chloe.morales@x.dummyjson.com","phone":"+92 468-541-7133","username":"chloem","password":"chloempass","birthDate":"1985-4-21","image":"https://dummyjson.com/icon/chloem/128","bloodGroup":"O+","height":185.07,"weight":63.97,"eyeColor":"Brown","hair":{"color":"Red","type":"Kinky"},"ip":"66.78.20.21","address":{"address":"401 Fourth Street","city":"Dallas","state":"New Jersey","stateCode":"NJ","postalCode":"54972","coordinates":{"lat":-30.190759,"lng":-58.705979},"country":"United States"},"macAddress":"fc:f:29:e1:37:b8","university":"Syracuse University","bank":{"cardExpire":"09/30","cardNumber":"347036238254235","cardType":"American Express","currency":"CNY","iban":"DE77762461851744284392"},"company":{"department":"Sales","name":"Grady LLC","title":"Database Administrator","address":{"address":"269 Third Street","city":"Houston","state":"North Carolina","stateCode":"NC","postalCode":"10385","coordinates":{"lat":40.098115,"lng":-1.762972},"country":"United States"}},"ein":"913-597","ssn":"938-883-163","userAgent":"Mozilla/5.0 (Windows NT 10.0; Win64; x64) AppleWebKit/537.36 (KHTML, like Gecko) Chrome/96.0.4664.93 Safari/537.36","crypto":{"coin":"Bitcoin","wallet":"0xb9fc2fe63b2a6c003f1c324c3bfa53259162181a","network":"Ethereum (ERC20)"},"role":"user"},{"id":24,"firstName":"Mateo","lastName":"Nguyen","maidenName":"","age":31,"gender":"male","email":"mateo.nguyen@x.dummyjson.com","phone":"+1 341-597-6694","username":"mateon","password":"mateonpass","birthDate":"1994-6-2","image":"https://dummyjson.com/icon/mateon/128","bloodGroup":"O+","height":174.29,"weight":59.98,"eyeColor":"Red","hair":{"color":"Purple","type":"Wavy"},"ip":"192.57.144.7","address":{"address":"1578 Fourth Street","city":"Columbus","state":"Missouri","stateCode":"MO","postalCode":"20673","coordinates":{"lat":-32.828675,"lng":-82.557354},"country":"United States"},"macAddress":"a7:26:10:7a:36:29","university":"Columbia University","bank":{"cardExpire":"12/29","cardNumber":"4021840414995098","cardType":"Visa","currency":"CAD","iban":"DE43275561962007561223"},"company":{"department":"Accounting","name":"Spinka LLC","title":"Business Analyst","address":{"address":"1967 Jefferson Street","city":"Dallas","state":"Louisiana","stateCode":"LA","postalCode":"78527","coordinates":{"lat":75.982676,"lng":164.459743},"country":"United States"}},"ein":"229-249","ssn":"416-877-230","userAgent":"Mozilla/5.0 (Windows NT 10.0; Win64; x64) AppleWebKit/537.36 (KHTML, like Gecko) Chrome/95.0.4638.69 Safari/537.36","crypto":{"coin":"Bitcoin","wallet":"0xb9fc2fe63b2a6c003f1c324c3bfa53259162181a","network":"Ethereum (ERC20)"},"role":"user"},{"id":25,"firstName":"Harper","lastName":"Kelly","maidenName":"Evans","age":28,"gender":"female","email":"harper.kelly@x.dummyjson.com","phone":"+92 518-863-2863","username":"harpere","password":"harperepass","birthDate":"1997-3-3","image":"https://dummyjson.com/icon/harpere/128","bloodGroup":"AB-","height":184.32,"weight":81.69,"eyeColor":"Amber","hair":{"color":"Red","type":"Curly"},"ip":"174.111.61.162","address":{"address":"1591 Adams Street","city":"Philadelphia","state":"New York","stateCode":"NY","postalCode":"69521","coordinates":{"lat":-26.832913,"lng":-75.445017},"country":"United States"},"macAddress":"b:ff:33:67:94:e4","university":"Boston College","bank":{"cardExpire":"06/27","cardNumber":"4488823564436432","cardType":"Visa","currency":"EUR","iban":"ES5874149276753342261515"},"company":{"department":"Legal","name":"Leffler, Rolfson and Becker","title":"Business Development Manager","address":{"address":"16 Maple Street","city":"Austin","state":"North Carolina","stateCode":"NC","postalCode":"68274","coordinates":{"lat":-15.423746,"lng":149.298887},"country":"United States"}},"ein":"592-557","ssn":"209-544-548","userAgent":"Mozilla/5.0 (Macintosh; Intel Mac OS X 10_15_7) AppleWebKit/537.36 (KHTML, like Gecko) Chrome/97.0.4692.99 Safari/537.36","crypto":{"coin":"Bitcoin","wallet":"0xb9fc2fe63b2a6c003f1c324c3bfa53259162181a","network":"Ethereum (ERC20)"},"role":"user"},{"id":26,"firstName":"Evelyn","lastName":"Gonzalez","maidenName":"","age":36,"gender":"female","email":"evelyn.gonzalez@x.dummyjson.com","phone":"+61 708-508-4638","username":"evelyng","password":"evelyngpass","birthDate":"1989-2-5","image":"https://dummyjson.com/icon/evelyng/128","bloodGroup":"O+","height":168.94,"weight":58.47,"eyeColor":"Red","hair":{"color":"Black","type":"Wavy"},"ip":"42.52.74.232","address":{"address":"1065 Lincoln Street","city":"Dallas","state":"Maine","stateCode":"ME","postalCode":"84898","coordinates":{"lat":67.768359,"lng":71.268643},"country":"United States"},"macAddress":"89:5e:5a:2a:72:42","university":"Washington University in St. Louis","bank":{"cardExpire":"08/28","cardNumber":"6011735364912274","cardType":"Discover","currency":"CAD","iban":"DE27147353096476220032"},"company":{"department":"Accounting","name":"Tromp, Gaylord and Weber","title":"Project Manager","address":{"address":"584 Ninth Street","city":"Jacksonville","state":"Wisconsin","stateCode":"WI","postalCode":"45633","coordinates":{"lat":26.014021,"lng":40.572436},"country":"United States"}},"ein":"569-275","ssn":"487-680-127","userAgent":"Mozilla/5.0 (Windows NT 10.0; Win64; x64) AppleWebKit/537.36 (KHTML, like Gecko) Chrome/95.0.4638.54 Safari/537.36","crypto":{"coin":"Bitcoin","wallet":"0xb9fc2fe63b2a6c003f1c324c3bfa53259162181a","network":"Ethereum (ERC20)"},"role":"user"},{"id":27,"firstName":"Daniel","lastName":"Cook","maidenName":"","age":42,"gender":"male","email":"daniel.cook@x.dummyjson.com","phone":"+44 254-761-6843","username":"danielc","password":"danielcpass","birthDate":"1983-12-25","image":"https://dummyjson.com/icon/danielc/128","bloodGroup":"AB+","height":186.21,"weight":83.72,"eyeColor":"Brown","hair":{"color":"Blonde","type":"Curly"},"ip":"1.61.73.142","address":{"address":"1163 Pine Street","city":"Los Angeles","state":"Nevada","stateCode":"NV","postalCode":"58781","coordinates":{"lat":-3.456681,"lng":-134.937482},"country":"United States"},"macAddress":"6e:73:dc:3a:85:10","university":"Columbia University","bank":{"cardExpire":"05/29","cardNumber":"5485409595328150","cardType":"Mastercard","currency":"NZD","iban":"DE71341603969952506034"},"company":{"department":"Support","name":"Morissette, Baumbach and Auer","title":"Legal Counsel","address":{"address":"938 Fifth Street","city":"San Francisco","state":"South Dakota","stateCode":"SD","postalCode":"45305","coordinates":{"lat":21.323588,"lng":-83.531427},"country":"United States"}},"ein":"585-905","ssn":"645-515-583","userAgent":"Mozilla/5.0 (Windows NT 10.0; Win64; x64; rv:97.0) Gecko/20100101 Firefox/97.0","crypto":{"coin":"Bitcoin","wallet":"0xb9fc2fe63b2a6c003f1c324c3bfa53259162181a","network":"Ethereum (ERC20)"},"role":"user"},{"id":28,"firstName":"Lily","lastName":"Lee","maidenName":"Brown","age":30,"gender":"female","email":"lily.lee@x.dummyjson.com","phone":"+1 808-757-9867","username":"lilyb","password":"lilybpass","birthDate":"1995-12-3","image":"https://dummyjson.com/icon/lilyb/128","bloodGroup":"AB-","height":181.42,"weight":51.49,"eyeColor":"Gray","hair":{"color":"Purple","type":"Straight"},"ip":"67.184.255.96","address":{"address":"1946 Oak Street","city":"Phoenix","state":"Massachusetts","stateCode":"MA","postalCode":"41540","coordinates":{"lat":-9.87059,"lng":-72.336845},"country":"United States"},"macAddress":"18:b6:c7:a:50:3f","university":"Johns Hopkins University","bank":{"cardExpire":"12/28","cardNumber":"5551782139834613","cardType":"Mastercard","currency":"CAD","iban":"DE49484285539189712621"},"company":{"department":"Product Management","name":"Cremin Inc","title":"Quality Assurance Engineer","address":{"address":"1735 Cedar Street","city":"Phoenix","state":"Wyoming","stateCode":"WY","postalCode":"85797","coordinates":{"lat":72.231441,"lng":-158.147245},"country":"United States"}},"ein":"229-776","ssn":"358-185-671","userAgent":"Mozilla/5.0 (Windows NT 10.0; Win64; x64) AppleWebKit/537.36 (KHTML, like Gecko) Edge/97.0.1072.76 Safari/537.36","crypto":{"coin":"Bitcoin","wallet":"0xb9fc2fe63b2a6c003f1c324c3bfa53259162181a","network":"Ethereum (ERC20)"},"role":"user"},{"id":29,"firstName":"Henry","lastName":"Hill","maidenName":"","age":39,"gender":"male","email":"henry.hill@x.dummyjson.com","phone":"+1 240-833-4680","username":"henryh","password":"henryhpass","birthDate":"1986-8-19","image":"https://dummyjson.com/icon/henryh/128","bloodGroup":"O-","height":180.25,"weight":95.84,"eyeColor":"Gray","hair":{"color":"Black","type":"Straight"},"ip":"194.43.55.202","address":{"address":"1837 Maple Street","city":"Indianapolis","state":"Delaware","stateCode":"DE","postalCode":"81783","coordinates":{"lat":35.498256,"lng":154.088476},"country":"United States"},"macAddress":"fa:c3:1b:21:5f:44","university":"University of Illinois--Urbana-Champaign","bank":{"cardExpire":"11/29","cardNumber":"3625097026040498","cardType":"Diners Club International","currency":"EUR","iban":"DE08820336197191865470"},"company":{"department":"Services","name":"Gerlach, Funk and Schoen","title":"Sales Manager","address":{"address":"1651 Lincoln Street","city":"San Francisco","state":"West Virginia","stateCode":"WV","postalCode":"61805","coordinates":{"lat":-59.936335,"lng":-12.405368},"country":"United States"}},"ein":"118-957","ssn":"925-686-100","userAgent":"Mozilla/5.0 (Windows NT 10.0; Win64; x64) AppleWebKit/537.36 (KHTML, like Gecko) Chrome/96.0.4664.93 Safari/537.36","crypto":{"coin":"Bitcoin","wallet":"0xb9fc2fe63b2a6c003f1c324c3bfa53259162181a","network":"Ethereum (ERC20)"},"role":"user"},{"id":30,"firstName":"Addison","lastName":"Wright","maidenName":"","age":33,"gender":"female","email":"addison.wright@x.dummyjson.com","phone":"+1 514-384-3300","username":"addisonw","password":"addisonwpass","birthDate":"1992-1-3","image":"https://dummyjson.com/icon/addisonw/128","bloodGroup":"B+","height":179.32,"weight":76.93,"eyeColor":"Brown","hair":{"color":"Blonde","type":"Straight"},"ip":"11.35.69.81","address":{"address":"568 Tenth Street","city":"San Francisco","state":"Montana","stateCode":"MT","postalCode":"54698","coordinates":{"lat":20.946052,"lng":100.228822},"country":"United States"},"macAddress":"fb:0:94:21:16:c","university":"Syracuse University","bank":{"cardExpire":"06/28","cardNumber":"5274971895809762","cardType":"Mastercard","currency":"PKR","iban":"DE91480955939051635497"},"company":{"department":"Services","name":"Kreiger Inc","title":"Human Resources Manager","address":{"address":"1173 Eighth Street","city":"San Diego","state":"Michigan","stateCode":"MI","postalCode":"85777","coordinates":{"lat":65.324413,"lng":87.142893},"country":"United States"}},"ein":"415-286","ssn":"804-492-390","userAgent":"Mozilla/5.0 (Macintosh; Intel Mac OS X 10_15_7) AppleWebKit/537.36 (KHTML, like Gecko) Chrome/96.0.4664.93 Safari/537.36","crypto":{"coin":"Bitcoin","wallet":"0xb9fc2fe63b2a6c003f1c324c3bfa53259162181a","network":"Ethereum (ERC20)"},"role":"user"}],"total":208,"skip":0,"limit":30}

at org.codehaus.groovy.runtime.callsite.ConstructorSite$ConstructorSiteNoUnwrapNoCoerce.callConstructor(ConstructorSite.java:108)
at org.codehaus.groovy.runtime.callsite.CallSiteArray.defaultCallConstructor(CallSiteArray.java:57)
at org.codehaus.groovy.runtime.callsite.AbstractCallSite.callConstructor(AbstractCallSite.java:263)
at org.codehaus.groovy.runtime.callsite.AbstractCallSite.callConstructor(AbstractCallSite.java:277)
at io.restassured.internal.ResponseSpecificationImpl$HamcrestAssertionClosure.validate(ResponseSpecificationImpl.groovy:512)
at io.restassured.internal.ResponseSpecificationImpl$HamcrestAssertionClosure$validate$1.call(Unknown Source)
at io.restassured.internal.ResponseSpecificationImpl.validateResponseIfRequired(ResponseSpecificationImpl.groovy:696)
at io.restassured.internal.ResponseSpecificationImpl.this$2$validateResponseIfRequired(ResponseSpecificationImpl.groovy)
at org.codehaus.groovy.runtime.callsite.PlainObjectMetaMethodSite.doInvoke(PlainObjectMetaMethodSite.java:43)
at org.codehaus.groovy.runtime.callsite.PogoMetaMethodSite$PogoCachedMethodSiteNoUnwrapNoCoerce.invoke(PogoMetaMethodSite.java:198)
at org.codehaus.groovy.runtime.callsite.PogoMetaMethodSite.callCurrent(PogoMetaMethodSite.java:62)
at org.codehaus.groovy.runtime.callsite.CallSiteArray.defaultCallCurrent(CallSiteArray.java:49)
at org.codehaus.groovy.runtime.callsite.AbstractCallSite.callCurrent(AbstractCallSite.java:171)
at org.codehaus.groovy.runtime.callsite.AbstractCallSite.callCurrent(AbstractCallSite.java:185)
at io.restassured.internal.ResponseSpecificationImpl.body(ResponseSpecificationImpl.groovy:107)
at io.restassured.internal.ValidatableResponseOptionsImpl.body(ValidatableResponseOptionsImpl.java:238)
at tests.api.UserSchemaTest.schematest(UserSchemaTest.java:12)
at java.base/java.util.ArrayList.forEach(ArrayList.java:1511)
... Removed 42 stack frames]]>
    </failure>
  </testcase> <!-- schematest -->
</testsuite> <!-- Surefire test -->
