<?xml version="1.0" encoding="UTF-8"?>
<testng-results ignored="0" total="4" passed="4" failed="0" skipped="0">
  <reporter-output>
  </reporter-output>
  <suite started-at="2026-02-12T23:27:44 IST" name="Surefire suite" finished-at="2026-02-12T23:28:54 IST" duration-ms="69309">
    <groups>
    </groups>
    <test started-at="2026-02-12T23:27:44 IST" name="Surefire test" finished-at="2026-02-12T23:28:54 IST" duration-ms="69309">
      <class name="tests.ui.LoginTest">
        <test-method is-config="true" signature="setUp()[pri:0, instance:tests.ui.LoginTest@65466a6a]" started-at="2026-02-12T23:28:45 IST" name="setUp" finished-at="2026-02-12T23:28:51 IST" duration-ms="6798" status="PASS">
          <reporter-output>
          </reporter-output>
        </test-method> <!-- setUp -->
        <test-method signature="validlogintest()[pri:0, instance:tests.ui.LoginTest@65466a6a]" started-at="2026-02-12T23:28:51 IST" name="validlogintest" finished-at="2026-02-12T23:28:53 IST" duration-ms="1918" status="PASS">
          <reporter-output>
          </reporter-output>
        </test-method> <!-- validlogintest -->
        <test-method is-config="true" signature="tearDown()[pri:0, instance:tests.ui.LoginTest@65466a6a]" started-at="2026-02-12T23:28:53 IST" name="tearDown" finished-at="2026-02-12T23:28:54 IST" duration-ms="283" status="PASS">
          <reporter-output>
          </reporter-output>
        </test-method> <!-- tearDown -->
      </class> <!-- tests.ui.LoginTest -->
      <class name="tests.api.AuthAPITest">
        <test-method is-config="true" signature="setupAPI()[pri:0, instance:tests.api.AuthAPITest@5cee5251]" started-at="2026-02-12T23:27:44 IST" name="setupAPI" finished-at="2026-02-12T23:27:45 IST" duration-ms="947" status="PASS">
          <reporter-output>
          </reporter-output>
        </test-method> <!-- setupAPI -->
        <test-method is-config="true" signature="setUp()[pri:0, instance:tests.api.AuthAPITest@5cee5251]" started-at="2026-02-12T23:27:45 IST" name="setUp" finished-at="2026-02-12T23:28:17 IST" duration-ms="31879" status="PASS">
          <reporter-output>
          </reporter-output>
        </test-method> <!-- setUp -->
        <test-method signature="validateAuth()[pri:0, instance:tests.api.AuthAPITest@5cee5251]" started-at="2026-02-12T23:28:17 IST" name="validateAuth" finished-at="2026-02-12T23:28:22 IST" duration-ms="4937" status="PASS">
          <reporter-output>
          </reporter-output>
        </test-method> <!-- validateAuth -->
        <test-method is-config="true" signature="tearDown()[pri:0, instance:tests.api.AuthAPITest@5cee5251]" started-at="2026-02-12T23:28:22 IST" name="tearDown" finished-at="2026-02-12T23:28:23 IST" duration-ms="631" status="PASS">
          <reporter-output>
          </reporter-output>
        </test-method> <!-- tearDown -->
      </class> <!-- tests.api.AuthAPITest -->
      <class name="tests.api.UserSchemaTest">
        <test-method is-config="true" signature="setupAPI()[pri:0, instance:tests.api.UserSchemaTest@5c909414]" started-at="2026-02-12T23:28:33 IST" name="setupAPI" finished-at="2026-02-12T23:28:33 IST" duration-ms="0" status="PASS">
          <reporter-output>
          </reporter-output>
        </test-method> <!-- setupAPI -->
        <test-method is-config="true" signature="setUp()[pri:0, instance:tests.api.UserSchemaTest@5c909414]" started-at="2026-02-12T23:28:33 IST" name="setUp" finished-at="2026-02-12T23:28:43 IST" duration-ms="9979" status="PASS">
          <reporter-output>
          </reporter-output>
        </test-method> <!-- setUp -->
        <test-method signature="schematest()[pri:0, instance:tests.api.UserSchemaTest@5c909414]" started-at="2026-02-12T23:28:43 IST" name="schematest" finished-at="2026-02-12T23:28:44 IST" duration-ms="1563" status="PASS">
          <reporter-output>
          </reporter-output>
        </test-method> <!-- schematest -->
        <test-method is-config="true" signature="tearDown()[pri:0, instance:tests.api.UserSchemaTest@5c909414]" started-at="2026-02-12T23:28:44 IST" name="tearDown" finished-at="2026-02-12T23:28:45 IST" duration-ms="416" status="PASS">
          <reporter-output>
          </reporter-output>
        </test-method> <!-- tearDown -->
      </class> <!-- tests.api.UserSchemaTest -->
      <class name="tests.api.UserAPITest">
        <test-method is-config="true" signature="setupAPI()[pri:0, instance:tests.api.UserAPITest@433d61fb]" started-at="2026-02-12T23:28:23 IST" name="setupAPI" finished-at="2026-02-12T23:28:23 IST" duration-ms="0" status="PASS">
          <reporter-output>
          </reporter-output>
        </test-method> <!-- setupAPI -->
        <test-method is-config="true" signature="setUp()[pri:0, instance:tests.api.UserAPITest@433d61fb]" started-at="2026-02-12T23:28:23 IST" name="setUp" finished-at="2026-02-12T23:28:32 IST" duration-ms="8868" status="PASS">
          <reporter-output>
          </reporter-output>
        </test-method> <!-- setUp -->
        <test-method signature="createuserTest()[pri:0, instance:tests.api.UserAPITest@433d61fb]" started-at="2026-02-12T23:28:32 IST" name="createuserTest" finished-at="2026-02-12T23:28:32 IST" duration-ms="632" status="PASS">
          <reporter-output>
          </reporter-output>
        </test-method> <!-- createuserTest -->
        <test-method is-config="true" signature="tearDown()[pri:0, instance:tests.api.UserAPITest@433d61fb]" started-at="2026-02-12T23:28:32 IST" name="tearDown" finished-at="2026-02-12T23:28:33 IST" duration-ms="358" status="PASS">
          <reporter-output>
          </reporter-output>
        </test-method> <!-- tearDown -->
      </class> <!-- tests.api.UserAPITest -->
    </test> <!-- Surefire test -->
  </suite> <!-- Surefire suite -->
</testng-results>
