<?xml version="1.0" encoding="UTF-8"?>
<testng-results ignored="0" total="1" passed="1" failed="0" skipped="0">
  <reporter-output>
  </reporter-output>
  <suite started-at="2026-01-21T00:10:48 IST" name="Surefire suite" finished-at="2026-01-21T00:10:48 IST" duration-ms="70">
    <groups>
    </groups>
    <test started-at="2026-01-21T00:10:48 IST" name="Surefire test" finished-at="2026-01-21T00:10:48 IST" duration-ms="70">
      <class name="src.test.java.tests.DummyTest">
        <test-method signature="sampleTest()[pri:0, instance:src.test.java.tests.DummyTest@123f1134]" started-at="2026-01-21T00:10:48 IST" name="sampleTest" finished-at="2026-01-21T00:10:48 IST" duration-ms="10" status="PASS">
          <reporter-output>
          </reporter-output>
        </test-method> <!-- sampleTest -->
      </class> <!-- src.test.java.tests.DummyTest -->
    </test> <!-- Surefire test -->
  </suite> <!-- Surefire suite -->
</testng-results>
