<?xml version="1.0" encoding="UTF-8"?>
<testsuite xmlns:xsi="http://www.w3.org/2001/XMLSchema-instance" xsi:noNamespaceSchemaLocation="https://maven.apache.org/surefire/maven-surefire-plugin/xsd/surefire-test-report-3.0.xsd" version="3.0" name="TestSuite" time="58.937" tests="3" errors="0" skipped="0" failures="1">
  <properties>
[...]
</properties>
  <testcase name="validateAuth" classname="tests.api.AuthAPITest" time="4.405">
    <system-out><![CDATA[Token for the login is:eyJhbGciOiJIUzI1NiIsInR5cCI6IkpXVCJ9.eyJpZCI6MSwidXNlcm5hbWUiOiJlbWlseXMiLCJlbWFpbCI6ImVtaWx5LmpvaG5zb25AeC5kdW1teWpzb24uY29tIiwiZmlyc3ROYW1lIjoiRW1pbHkiLCJsYXN0TmFtZSI6IkpvaG5zb24iLCJnZW5kZXIiOiJmZW1hbGUiLCJpbWFnZSI6Imh0dHBzOi8vZHVtbXlqc29uLmNvbS9pY29uL2VtaWx5cy8xMjgiLCJpYXQiOjE3Njk0MzUxMjAsImV4cCI6MTc2OTQzODcyMH0.zQrsJdNXfU2SUyUvxiLHvPkXjqOFrGifpkwVfcrJKWU
]]></system-out>
    <system-err><![CDATA[SLF4J: Failed to load class "org.slf4j.impl.StaticLoggerBinder".
SLF4J: Defaulting to no-operation (NOP) logger implementation
SLF4J: See http://www.slf4j.org/codes.html#StaticLoggerBinder for further details.
Jan 26, 2026 7:15:06 PM org.openqa.selenium.devtools.CdpVersionFinder findNearestMatch
WARNING: Unable to find CDP implementation matching 144
Jan 26, 2026 7:15:06 PM org.openqa.selenium.chromium.ChromiumDriver lambda$new$5
WARNING: Unable to find version of CDP to use for 144.0.7559.97. You may need to include a dependency on a specific version of the CDP using something similar to `org.seleniumhq.selenium:selenium-devtools-v86:4.16.1` where the version ("v86") matches the version of the chromium-based browser you're using and the version number of the artifact is the same as Selenium's.
]]></system-err>
  </testcase>
  <testcase name="createuserTest" classname="tests.api.UserAPITest" time="1.265">
    <system-out><![CDATA[Hey the id is:209
]]></system-out>
    <system-err><![CDATA[Jan 26, 2026 7:15:25 PM org.openqa.selenium.devtools.CdpVersionFinder findNearestMatch
WARNING: Unable to find CDP implementation matching 144
Jan 26, 2026 7:15:25 PM org.openqa.selenium.chromium.ChromiumDriver lambda$new$5
WARNING: Unable to find version of CDP to use for 144.0.7559.97. You may need to include a dependency on a specific version of the CDP using something similar to `org.seleniumhq.selenium:selenium-devtools-v86:4.16.1` where the version ("v86") matches the version of the chromium-based browser you're using and the version number of the artifact is the same as Selenium's.
]]></system-err>
  </testcase>
  <testcase name="schematest" classname="tests.api.UserSchemaTest" time="1.11">
    <failure message="1 expectation failed.&#10;Response body doesn&apos;t match expectation.&#10;Expected: The content to match the given JSON schema.&#10;error: object has missing required properties ([&quot;phone number&quot;])&#10;    level: &quot;error&quot;&#10;    schema: {&quot;loadingURI&quot;:&quot;file:/C:/Users/91630/OneDrive/Documents/SDET/sdet-automation-framework/target/test-classes/schema/users-schema.json#&quot;,&quot;pointer&quot;:&quot;/properties/users/items&quot;}&#10;    instance: {&quot;pointer&quot;:&quot;/users/0&quot;}&#10;    domain: &quot;validation&quot;&#10;    keyword: &quot;required&quot;&#10;    required: [&quot;email&quot;,&quot;firstName&quot;,&quot;id&quot;,&quot;lastName&quot;,&quot;phone number&quot;]&#10;    missing: [&quot;phone number&quot;]&#10;error: object has missing required properties ([&quot;phone number&quot;])&#10;    level: &quot;error&quot;&#10;    schema: {&quot;loadingURI&quot;:&quot;file:/C:/Users/91630/OneDrive/Documents/SDET/sdet-automation-framework/target/test-classes/schema/users-schema.json#&quot;,&quot;pointer&quot;:&quot;/properties/users/items&quot;}&#10;    instance: {&quot;pointer&quot;:&quot;/users/1&quot;}&#10;    domain: &quot;validation&quot;&#10;    keyword: &quot;required&quot;&#10;    required: [&quot;email&quot;,&quot;firstName&quot;,&quot;id&quot;,&quot;lastName&quot;,&quot;phone number&quot;]&#10;    missing: [&quot;phone number&quot;]&#10;error: object has missing required properties ([&quot;phone number&quot;])&#10;    level: &quot;error&quot;&#10;    schema: {&quot;loadingURI&quot;:&quot;file:/C:/Users/91630/OneDrive/Documents/SDET/sdet-automation-framework/target/test-classes/schema/users-schema.json#&quot;,&quot;pointer&quot;:&quot;/properties/users/items&quot;}&#10;    instance: {&quot;pointer&quot;:&quot;/users/2&quot;}&#10;    domain: &quot;validation&quot;&#10;    keyword: &quot;required&quot;&#10;    required: [&quot;email&quot;,&quot;firstName&quot;,&quot;id&quot;,&quot;lastName&quot;,&quot;phone number&quot;]&#10;    missing: [&quot;phone number&quot;]&#10;error: object has missing required properties ([&quot;phone number&quot;])&#10;    level: &quot;error&quot;&#10;    schema: {&quot;loadingURI&quot;:&quot;file:/C:/Users/91630/OneDrive/Documents/SDET/sdet-automation-framework/target/test-classes/schema/users-schema.json#&quot;,&quot;pointer&quot;:&quot;/properties/users/items&quot;}&#10;    instance: {&quot;pointer&quot;:&quot;/users/3&quot;}&#10;    domain: &quot;validation&quot;&#10;    keyword: &quot;required&quot;&#10;    required: [&quot;email&quot;,&quot;firstName&quot;,&quot;id&quot;,&quot;lastName&quot;,&quot;phone number&quot;]&#10;    missing: [&quot;phone number&quot;]&#10;error: object has missing required properties ([&quot;phone number&quot;])&#10;    level: &quot;error&quot;&#10;    schema: {&quot;loadingURI&quot;:&quot;file:/C:/Users/91630/OneDrive/Documents/SDET/sdet-automation-framework/target/test-classes/schema/users-schema.json#&quot;,&quot;pointer&quot;:&quot;/properties/users/items&quot;}&#10;    instance: {&quot;pointer&quot;:&quot;/users/4&quot;}&#10;    domain: &quot;validation&quot;&#10;    keyword: &quot;required&quot;&#10;    required: [&quot;email&quot;,&quot;firstName&quot;,&quot;id&quot;,&quot;lastName&quot;,&quot;phone number&quot;]&#10;    missing: [&quot;phone number&quot;]&#10;error: object has missing required properties ([&quot;phone number&quot;])&#10;    level: &quot;error&quot;&#10;    schema: {&quot;loadingURI&quot;:&quot;file:/C:/Users/91630/OneDrive/Documents/SDET/sdet-automation-framework/target/test-classes/schema/users-schema.json#&quot;,&quot;pointer&quot;:&quot;/properties/users/items&quot;}&#10;    instance: {&quot;pointer&quot;:&quot;/users/5&quot;}&#10;    domain: &quot;validation&quot;&#10;    keyword: &quot;required&quot;&#10;    required: [&quot;email&quot;,&quot;firstName&quot;,&quot;id&quot;,&quot;lastName&quot;,&quot;phone number&quot;]&#10;    missing: [&quot;phone number&quot;]&#10;error: object has missing required properties ([&quot;phone number&quot;])&#10;    level: &quot;error&quot;&#10;    schema: {&quot;loadingURI&quot;:&quot;file:/C:/Users/91630/OneDrive/Documents/SDET/sdet-automation-framework/target/test-classes/schema/users-schema.json#&quot;,&quot;pointer&quot;:&quot;/properties/users/items&quot;}&#10;    instance: {&quot;pointer&quot;:&quot;/users/6&quot;}&#10;    domain: &quot;validation&quot;&#10;    keyword: &quot;required&quot;&#10;    required: [&quot;email&quot;,&quot;firstName&quot;,&quot;id&quot;,&quot;lastName&quot;,&quot;phone number&quot;]&#10;    missing: [&quot;phone number&quot;]&#10;error: object has missing required properties ([&quot;phone number&quot;])&#10;    level: &quot;error&quot;&#10;    schema: {&quot;loadingURI&quot;:&quot;file:/C:/Users/91630/OneDrive/Documents/SDET/sdet-automation-framework/target/test-classes/schema/users-schema.json#&quot;,&quot;pointer&quot;:&quot;/properties/users/items&quot;}&#10;    instance: {&quot;pointer&quot;:&quot;/users/7&quot;}&#10;    domain: &quot;validation&quot;&#10;    keyword: &quot;required&quot;&#10;    required: [&quot;email&quot;,&quot;firstName&quot;,&quot;id&quot;,&quot;lastName&quot;,&quot;phone number&quot;]&#10;    missing: [&quot;phone number&quot;]&#10;error: object has missing required properties ([&quot;phone number&quot;])&#10;    level: &quot;error&quot;&#10;    schema: {&quot;loadingURI&quot;:&quot;file:/C:/Users/91630/OneDrive/Documents/SDET/sdet-automation-framework/target/test-classes/schema/users-schema.json#&quot;,&quot;pointer&quot;:&quot;/properties/users/items&quot;}&#10;    instance: {&quot;pointer&quot;:&quot;/users/8&quot;}&#10;    domain: &quot;validation&quot;&#10;    keyword: &quot;required&quot;&#10;    required: [&quot;email&quot;,&quot;firstName&quot;,&quot;id&quot;,&quot;lastName&quot;,&quot;phone number&quot;]&#10;    missing: [&quot;phone number&quot;]&#10;error: object has missing required properties ([&quot;phone number&quot;])&#10;    level: &quot;error&quot;&#10;    schema: {&quot;loadingURI&quot;:&quot;file:/C:/Users/91630/OneDrive/Documents/SDET/sdet-automation-framework/target/test-classes/schema/users-schema.json#&quot;,&quot;pointer&quot;:&quot;/properties/users/items&quot;}&#10;    instance: {&quot;pointer&quot;:&quot;/users/9&quot;}&#10;    domain: &quot;validation&quot;&#10;    keyword: &quot;required&quot;&#10;    required: [&quot;email&quot;,&quot;firstName&quot;,&quot;id&quot;,&quot;lastName&quot;,&quot;phone number&quot;]&#10;    missing: [&quot;phone number&quot;]&#10;error: object has missing required properties ([&quot;phone number&quot;])&#10;    level: &quot;error&quot;&#10;    schema: {&quot;loadingURI&quot;:&quot;file:/C:/Users/91630/OneDrive/Documents/SDET/sdet-automation-framework/target/test-classes/schema/users-schema.json#&quot;,&quot;pointer&quot;:&quot;/properties/users/items&quot;}&#10;    instance: {&quot;pointer&quot;:&quot;/users/10&quot;}&#10;    domain: &quot;validation&quot;&#10;    keyword: &quot;required&quot;&#10;    required: [&quot;email&quot;,&quot;firstName&quot;,&quot;id&quot;,&quot;lastName&quot;,&quot;phone number&quot;]&#10;    missing: [&quot;phone number&quot;]&#10;error: object has missing required properties ([&quot;phone number&quot;])&#10;    level: &quot;error&quot;&#10;    schema: {&quot;loadingURI&quot;:&quot;file:/C:/Users/91630/OneDrive/Documents/SDET/sdet-automation-framework/target/test-classes/schema/users-schema.json#&quot;,&quot;pointer&quot;:&quot;/properties/users/items&quot;}&#10;    instance: {&quot;pointer&quot;:&quot;/users/11&quot;}&#10;    domain: &quot;validation&quot;&#10;    keyword: &quot;required&quot;&#10;    required: [&quot;email&quot;,&quot;firstName&quot;,&quot;id&quot;,&quot;lastName&quot;,&quot;phone number&quot;]&#10;    missing: [&quot;phone number&quot;]&#10;error: object has missing required properties ([&quot;phone number&quot;])&#10;    level: &quot;error&quot;&#10;    schema: {&quot;loadingURI&quot;:&quot;file:/C:/Users/91630/OneDrive/Documents/SDET/sdet-automation-framework/target/test-classes/schema/users-schema.json#&quot;,&quot;pointer&quot;:&quot;/properties/users/items&quot;}&#10;    instance: {&quot;pointer&quot;:&quot;/users/12&quot;}&#10;    domain: &quot;validation&quot;&#10;    keyword: &quot;required&quot;&#10;    required: [&quot;email&quot;,&quot;firstName&quot;,&quot;id&quot;,&quot;lastName&quot;,&quot;phone number&quot;]&#10;    missing: [&quot;phone number&quot;]&#10;error: object has missing required properties ([&quot;phone number&quot;])&#10;    level: &quot;error&quot;&#10;    schema: {&quot;loadingURI&quot;:&quot;file:/C:/Users/91630/OneDrive/Documents/SDET/sdet-automation-framework/target/test-classes/schema/users-schema.json#&quot;,&quot;pointer&quot;:&quot;/properties/users/items&quot;}&#10;    instance: {&quot;pointer&quot;:&quot;/users/13&quot;}&#10;    domain: &quot;validation&quot;&#10;    keyword: &quot;required&quot;&#10;    required: [&quot;email&quot;,&quot;firstName&quot;,&quot;id&quot;,&quot;lastName&quot;,&quot;phone number&quot;]&#10;    missing: [&quot;phone number&quot;]&#10;error: object has missing required properties ([&quot;phone number&quot;])&#10;    level: &quot;error&quot;&#10;    schema: {&quot;loadingURI&quot;:&quot;file:/C:/Users/91630/OneDrive/Documents/SDET/sdet-automation-framework/target/test-classes/schema/users-schema.json#&quot;,&quot;pointer&quot;:&quot;/properties/users/items&quot;}&#10;    instance: {&quot;pointer&quot;:&quot;/users/14&quot;}&#10;    domain: &quot;validation&quot;&#10;    keyword: &quot;required&quot;&#10;    required: [&quot;email&quot;,&quot;firstName&quot;,&quot;id&quot;,&quot;lastName&quot;,&quot;phone number&quot;]&#10;    missing: [&quot;phone number&quot;]&#10;error: object has missing required properties ([&quot;phone number&quot;])&#10;    level: &quot;error&quot;&#10;    schema: {&quot;loadingURI&quot;:&quot;file:/C:/Users/91630/OneDrive/Documents/SDET/sdet-automation-framework/target/test-classes/schema/users-schema.json#&quot;,&quot;pointer&quot;:&quot;/properties/users/items&quot;}&#10;    instance: {&quot;pointer&quot;:&quot;/users/15&quot;}&#10;    domain: &quot;validation&quot;&#10;    keyword: &quot;required&quot;&#10;    required: [&quot;email&quot;,&quot;firstName&quot;,&quot;id&quot;,&quot;lastName&quot;,&quot;phone number&quot;]&#10;    missing: [&quot;phone number&quot;]&#10;error: object has missing required properties ([&quot;phone number&quot;])&#10;    level: &quot;error&quot;&#10;    schema: {&quot;loadingURI&quot;:&quot;file:/C:/Users/91630/OneDrive/Documents/SDET/sdet-automation-framework/target/test-classes/schema/users-schema.json#&quot;,&quot;pointer&quot;:&quot;/properties/users/items&quot;}&#10;    instance: {&quot;pointer&quot;:&quot;/users/16&quot;}&#10;    domain: &quot;validation&quot;&#10;    keyword: &quot;required&quot;&#10;    required: [&quot;email&quot;,&quot;firstName&quot;,&quot;id&quot;,&quot;lastName&quot;,&quot;phone number&quot;]&#10;    missing: [&quot;phone number&quot;]&#10;error: object has missing required properties ([&quot;phone number&quot;])&#10;    level: &quot;error&quot;&#10;    schema: {&quot;loadingURI&quot;:&quot;file:/C:/Users/91630/OneDrive/Documents/SDET/sdet-automation-framework/target/test-classes/schema/users-schema.json#&quot;,&quot;pointer&quot;:&quot;/properties/users/items&quot;}&#10;    instance: {&quot;pointer&quot;:&quot;/users/17&quot;}&#10;    domain: &quot;validation&quot;&#10;    keyword: &quot;required&quot;&#10;    required: [&quot;email&quot;,&quot;firstName&quot;,&quot;id&quot;,&quot;lastName&quot;,&quot;phone number&quot;]&#10;    missing: [&quot;phone number&quot;]&#10;error: object has missing required properties ([&quot;phone number&quot;])&#10;    level: &quot;error&quot;&#10;    schema: {&quot;loadingURI&quot;:&quot;file:/C:/Users/91630/OneDrive/Documents/SDET/sdet-automation-framework/target/test-classes/schema/users-schema.json#&quot;,&quot;pointer&quot;:&quot;/properties/users/items&quot;}&#10;    instance: {&quot;pointer&quot;:&quot;/users/18&quot;}&#10;    domain: &quot;validation&quot;&#10;    keyword: &quot;required&quot;&#10;    required: [&quot;email&quot;,&quot;firstName&quot;,&quot;id&quot;,&quot;lastName&quot;,&quot;phone number&quot;]&#10;    missing: [&quot;phone number&quot;]&#10;error: object has missing required properties ([&quot;phone number&quot;])&#10;    level: &quot;error&quot;&#10;    schema: {&quot;loadingURI&quot;:&quot;file:/C:/Users/91630/OneDrive/Documents/SDET/sdet-automation-framework/target/test-classes/schema/users-schema.json#&quot;,&quot;pointer&quot;:&quot;/properties/users/items&quot;}&#10;    instance: {&quot;pointer&quot;:&quot;/users/19&quot;}&#10;    domain: &quot;validation&quot;&#10;    keyword: &quot;required&quot;&#10;    required: [&quot;email&quot;,&quot;firstName&quot;,&quot;id&quot;,&quot;lastName&quot;,&quot;phone number&quot;]&#10;    missing: [&quot;phone number&quot;]&#10;error: object has missing required properties ([&quot;phone number&quot;])&#10;    level: &quot;error&quot;&#10;    schema: {&quot;loadingURI&quot;:&quot;file:/C:/Users/91630/OneDrive/Documents/SDET/sdet-automation-framework/target/test-classes/schema/users-schema.json#&quot;,&quot;pointer&quot;:&quot;/properties/users/items&quot;}&#10;    instance: {&quot;pointer&quot;:&quot;/users/20&quot;}&#10;    domain: &quot;validation&quot;&#10;    keyword: &quot;required&quot;&#10;    required: [&quot;email&quot;,&quot;firstName&quot;,&quot;id&quot;,&quot;lastName&quot;,&quot;phone number&quot;]&#10;    missing: [&quot;phone number&quot;]&#10;error: object has missing required properties ([&quot;phone number&quot;])&#10;    level: &quot;error&quot;&#10;    schema: {&quot;loadingURI&quot;:&quot;file:/C:/Users/91630/OneDrive/Documents/SDET/sdet-automation-framework/target/test-classes/schema/users-schema.json#&quot;,&quot;pointer&quot;:&quot;/properties/users/items&quot;}&#10;    instance: {&quot;pointer&quot;:&quot;/users/21&quot;}&#10;    domain: &quot;validation&quot;&#10;    keyword: &quot;required&quot;&#10;    required: [&quot;email&quot;,&quot;firstName&quot;,&quot;id&quot;,&quot;lastName&quot;,&quot;phone number&quot;]&#10;    missing: [&quot;phone number&quot;]&#10;error: object has missing required properties ([&quot;phone number&quot;])&#10;    level: &quot;error&quot;&#10;    schema: {&quot;loadingURI&quot;:&quot;file:/C:/Users/91630/OneDrive/Documents/SDET/sdet-automation-framework/target/test-classes/schema/users-schema.json#&quot;,&quot;pointer&quot;:&quot;/properties/users/items&quot;}&#10;    instance: {&quot;pointer&quot;:&quot;/users/22&quot;}&#10;    domain: &quot;validation&quot;&#10;    keyword: &quot;required&quot;&#10;    required: [&quot;email&quot;,&quot;firstName&quot;,&quot;id&quot;,&quot;lastName&quot;,&quot;phone number&quot;]&#10;    missing: [&quot;phone number&quot;]&#10;error: object has missing required properties ([&quot;phone number&quot;])&#10;    level: &quot;error&quot;&#10;    schema: {&quot;loadingURI&quot;:&quot;file:/C:/Users/91630/OneDrive/Documents/SDET/sdet-automation-framework/target/test-classes/schema/users-schema.json#&quot;,&quot;pointer&quot;:&quot;/properties/users/items&quot;}&#10;    instance: {&quot;pointer&quot;:&quot;/users/23&quot;}&#10;    domain: &quot;validation&quot;&#10;    keyword: &quot;required&quot;&#10;    required: [&quot;email&quot;,&quot;firstName&quot;,&quot;id&quot;,&quot;lastName&quot;,&quot;phone number&quot;]&#10;    missing: [&quot;phone number&quot;]&#10;error: object has missing required properties ([&quot;phone number&quot;])&#10;    level: &quot;error&quot;&#10;    schema: {&quot;loadingURI&quot;:&quot;file:/C:/Users/91630/OneDrive/Documents/SDET/sdet-automation-framework/target/test-classes/schema/users-schema.json#&quot;,&quot;pointer&quot;:&quot;/properties/users/items&quot;}&#10;    instance: {&quot;pointer&quot;:&quot;/users/24&quot;}&#10;    domain: &quot;validation&quot;&#10;    keyword: &quot;required&quot;&#10;    required: [&quot;email&quot;,&quot;firstName&quot;,&quot;id&quot;,&quot;lastName&quot;,&quot;phone number&quot;]&#10;    missing: [&quot;phone number&quot;]&#10;error: object has missing required properties ([&quot;phone number&quot;])&#10;    level: &quot;error&quot;&#10;    schema: {&quot;loadingURI&quot;:&quot;file:/C:/Users/91630/OneDrive/Documents/SDET/sdet-automation-framework/target/test-classes/schema/users-schema.json#&quot;,&quot;pointer&quot;:&quot;/properties/users/items&quot;}&#10;    instance: {&quot;pointer&quot;:&quot;/users/25&quot;}&#10;    domain: &quot;validation&quot;&#10;    keyword: &quot;required&quot;&#10;    required: [&quot;email&quot;,&quot;firstName&quot;,&quot;id&quot;,&quot;lastName&quot;,&quot;phone number&quot;]&#10;    missing: [&quot;phone number&quot;]&#10;error: object has missing required properties ([&quot;phone number&quot;])&#10;    level: &quot;error&quot;&#10;    schema: {&quot;loadingURI&quot;:&quot;file:/C:/Users/91630/OneDrive/Documents/SDET/sdet-automation-framework/target/test-classes/schema/users-schema.json#&quot;,&quot;pointer&quot;:&quot;/properties/users/items&quot;}&#10;    instance: {&quot;pointer&quot;:&quot;/users/26&quot;}&#10;    domain: &quot;validation&quot;&#10;    keyword: &quot;required&quot;&#10;    required: [&quot;email&quot;,&quot;firstName&quot;,&quot;id&quot;,&quot;lastName&quot;,&quot;phone number&quot;]&#10;    missing: [&quot;phone number&quot;]&#10;error: object has missing required properties ([&quot;phone number&quot;])&#10;    level: &quot;error&quot;&#10;    schema: {&quot;loadingURI&quot;:&quot;file:/C:/Users/91630/OneDrive/Documents/SDET/sdet-automation-framework/target/test-classes/schema/users-schema.json#&quot;,&quot;pointer&quot;:&quot;/properties/users/items&quot;}&#10;    instance: {&quot;pointer&quot;:&quot;/users/27&quot;}&#10;    domain: &quot;validation&quot;&#10;    keyword: &quot;required&quot;&#10;    required: [&quot;email&quot;,&quot;firstName&quot;,&quot;id&quot;,&quot;lastName&quot;,&quot;phone number&quot;]&#10;    missing: [&quot;phone number&quot;]&#10;error: object has missing required properties ([&quot;phone number&quot;])&#10;    level: &quot;error&quot;&#10;    schema: {&quot;loadingURI&quot;:&quot;file:/C:/Users/91630/OneDrive/Documents/SDET/sdet-automation-framework/target/test-classes/schema/users-schema.json#&quot;,&quot;pointer&quot;:&quot;/properties/users/items&quot;}&#10;    instance: {&quot;pointer&quot;:&quot;/users/28&quot;}&#10;    domain: &quot;validation&quot;&#10;    keyword: &quot;required&quot;&#10;    required: [&quot;email&quot;,&quot;firstName&quot;,&quot;id&quot;,&quot;lastName&quot;,&quot;phone number&quot;]&#10;    missing: [&quot;phone number&quot;]&#10;error: object has missing required properties ([&quot;phone number&quot;])&#10;    level: &quot;error&quot;&#10;    schema: {&quot;loadingURI&quot;:&quot;file:/C:/Users/91630/OneDrive/Documents/SDET/sdet-automation-framework/target/test-classes/schema/users-schema.json#&quot;,&quot;pointer&quot;:&quot;/properties/users/items&quot;}&#10;    instance: {&quot;pointer&quot;:&quot;/users/29&quot;}&#10;    domain: &quot;validation&quot;&#10;    keyword: &quot;required&quot;&#10;    required: [&quot;email&quot;,&quot;firstName&quot;,&quot;id&quot;,&quot;lastName&quot;,&quot;phone number&quot;]&#10;    missing: [&quot;phone number&quot;]&#10;&#10;  Actual: {&quot;users&quot;:[{&quot;id&quot;:1,&quot;firstName&quot;:&quot;Emily&quot;,&quot;lastName&quot;:&quot;Johnson&quot;,&quot;maidenName&quot;:&quot;Smith&quot;,&quot;age&quot;:29,&quot;gender&quot;:&quot;female&quot;,&quot;email&quot;:&quot;emily.johnson@x.dummyjson.com&quot;,&quot;phone&quot;:&quot;+81 965-431-3024&quot;,&quot;username&quot;:&quot;emilys&quot;,&quot;password&quot;:&quot;emilyspass&quot;,&quot;birthDate&quot;:&quot;1996-5-30&quot;,&quot;image&quot;:&quot;https://dummyjson.com/icon/emilys/128&quot;,&quot;bloodGroup&quot;:&quot;O-&quot;,&quot;height&quot;:193.24,&quot;weight&quot;:63.16,&quot;eyeColor&quot;:&quot;Green&quot;,&quot;hair&quot;:{&quot;color&quot;:&quot;Brown&quot;,&quot;type&quot;:&quot;Curly&quot;},&quot;ip&quot;:&quot;42.48.100.32&quot;,&quot;address&quot;:{&quot;address&quot;:&quot;626 Main Street&quot;,&quot;city&quot;:&quot;Phoenix&quot;,&quot;state&quot;:&quot;Mississippi&quot;,&quot;stateCode&quot;:&quot;MS&quot;,&quot;postalCode&quot;:&quot;29112&quot;,&quot;coordinates&quot;:{&quot;lat&quot;:-77.16213,&quot;lng&quot;:-92.084824},&quot;country&quot;:&quot;United States&quot;},&quot;macAddress&quot;:&quot;47:fa:41:18:ec:eb&quot;,&quot;university&quot;:&quot;University of Wisconsin--Madison&quot;,&quot;bank&quot;:{&quot;cardExpire&quot;:&quot;05/28&quot;,&quot;cardNumber&quot;:&quot;3693233511855044&quot;,&quot;cardType&quot;:&quot;Diners Club International&quot;,&quot;currency&quot;:&quot;GBP&quot;,&quot;iban&quot;:&quot;GB74MH2UZLR9TRPHYNU8F8&quot;},&quot;company&quot;:{&quot;department&quot;:&quot;Engineering&quot;,&quot;name&quot;:&quot;Dooley, Kozey and Cronin&quot;,&quot;title&quot;:&quot;Sales Manager&quot;,&quot;address&quot;:{&quot;address&quot;:&quot;263 Tenth Street&quot;,&quot;city&quot;:&quot;San Francisco&quot;,&quot;state&quot;:&quot;Wisconsin&quot;,&quot;stateCode&quot;:&quot;WI&quot;,&quot;postalCode&quot;:&quot;37657&quot;,&quot;coordinates&quot;:{&quot;lat&quot;:71.814525,&quot;lng&quot;:-161.150263},&quot;country&quot;:&quot;United States&quot;}},&quot;ein&quot;:&quot;977-175&quot;,&quot;ssn&quot;:&quot;900-590-289&quot;,&quot;userAgent&quot;:&quot;Mozilla/5.0 (Macintosh; Intel Mac OS X 10_15_7) AppleWebKit/537.36 (KHTML, like Gecko) Chrome/96.0.4664.93 Safari/537.36&quot;,&quot;crypto&quot;:{&quot;coin&quot;:&quot;Bitcoin&quot;,&quot;wallet&quot;:&quot;0xb9fc2fe63b2a6c003f1c324c3bfa53259162181a&quot;,&quot;network&quot;:&quot;Ethereum (ERC20)&quot;},&quot;role&quot;:&quot;admin&quot;},{&quot;id&quot;:2,&quot;firstName&quot;:&quot;Michael&quot;,&quot;lastName&quot;:&quot;Williams&quot;,&quot;maidenName&quot;:&quot;&quot;,&quot;age&quot;:36,&quot;gender&quot;:&quot;male&quot;,&quot;email&quot;:&quot;michael.williams@x.dummyjson.com&quot;,&quot;phone&quot;:&quot;+49 258-627-6644&quot;,&quot;username&quot;:&quot;michaelw&quot;,&quot;password&quot;:&quot;michaelwpass&quot;,&quot;birthDate&quot;:&quot;1989-8-10&quot;,&quot;image&quot;:&quot;https://dummyjson.com/icon/michaelw/128&quot;,&quot;bloodGroup&quot;:&quot;B+&quot;,&quot;height&quot;:186.22,&quot;weight&quot;:76.32,&quot;eyeColor&quot;:&quot;Red&quot;,&quot;hair&quot;:{&quot;color&quot;:&quot;Green&quot;,&quot;type&quot;:&quot;Straight&quot;},&quot;ip&quot;:&quot;12.13.116.142&quot;,&quot;address&quot;:{&quot;address&quot;:&quot;385 Fifth Street&quot;,&quot;city&quot;:&quot;Houston&quot;,&quot;state&quot;:&quot;Alabama&quot;,&quot;stateCode&quot;:&quot;AL&quot;,&quot;postalCode&quot;:&quot;38807&quot;,&quot;coordinates&quot;:{&quot;lat&quot;:22.815468,&quot;lng&quot;:115.608581},&quot;country&quot;:&quot;United States&quot;},&quot;macAddress&quot;:&quot;79:15:78:99:60:aa&quot;,&quot;university&quot;:&quot;Ohio State University&quot;,&quot;bank&quot;:{&quot;cardExpire&quot;:&quot;01/30&quot;,&quot;cardNumber&quot;:&quot;3530633803003665&quot;,&quot;cardType&quot;:&quot;JCB&quot;,&quot;currency&quot;:&quot;USD&quot;,&quot;iban&quot;:&quot;DE26362283149158045865&quot;},&quot;company&quot;:{&quot;department&quot;:&quot;Support&quot;,&quot;name&quot;:&quot;Spinka - Dickinson&quot;,&quot;title&quot;:&quot;Support Specialist&quot;,&quot;address&quot;:{&quot;address&quot;:&quot;395 Main Street&quot;,&quot;city&quot;:&quot;Los Angeles&quot;,&quot;state&quot;:&quot;New Hampshire&quot;,&quot;stateCode&quot;:&quot;NH&quot;,&quot;postalCode&quot;:&quot;73442&quot;,&quot;coordinates&quot;:{&quot;lat&quot;:79.098326,&quot;lng&quot;:-119.624845},&quot;country&quot;:&quot;United States&quot;}},&quot;ein&quot;:&quot;912-602&quot;,&quot;ssn&quot;:&quot;108-953-962&quot;,&quot;userAgent&quot;:&quot;Mozilla/5.0 (Windows NT 10.0; Win64; x64) AppleWebKit/537.36 (KHTML, like Gecko) Edge/97.0.1072.76 Safari/537.36&quot;,&quot;crypto&quot;:{&quot;coin&quot;:&quot;Bitcoin&quot;,&quot;wallet&quot;:&quot;0xb9fc2fe63b2a6c003f1c324c3bfa53259162181a&quot;,&quot;network&quot;:&quot;Ethereum (ERC20)&quot;},&quot;role&quot;:&quot;admin&quot;},{&quot;id&quot;:3,&quot;firstName&quot;:&quot;Sophia&quot;,&quot;lastName&quot;:&quot;Brown&quot;,&quot;maidenName&quot;:&quot;&quot;,&quot;age&quot;:43,&quot;gender&quot;:&quot;female&quot;,&quot;email&quot;:&quot;sophia.brown@x.dummyjson.com&quot;,&quot;phone&quot;:&quot;+81 210-652-2785&quot;,&quot;username&quot;:&quot;sophiab&quot;,&quot;password&quot;:&quot;sophiabpass&quot;,&quot;birthDate&quot;:&quot;1982-11-6&quot;,&quot;image&quot;:&quot;https://dummyjson.com/icon/sophiab/128&quot;,&quot;bloodGroup&quot;:&quot;O-&quot;,&quot;height&quot;:177.72,&quot;weight&quot;:52.6,&quot;eyeColor&quot;:&quot;Hazel&quot;,&quot;hair&quot;:{&quot;color&quot;:&quot;White&quot;,&quot;type&quot;:&quot;Wavy&quot;},&quot;ip&quot;:&quot;214.225.51.195&quot;,&quot;address&quot;:{&quot;address&quot;:&quot;1642 Ninth Street&quot;,&quot;city&quot;:&quot;Washington&quot;,&quot;state&quot;:&quot;Alabama&quot;,&quot;stateCode&quot;:&quot;AL&quot;,&quot;postalCode&quot;:&quot;32822&quot;,&quot;coordinates&quot;:{&quot;lat&quot;:45.289366,&quot;lng&quot;:46.832664},&quot;country&quot;:&quot;United States&quot;},&quot;macAddress&quot;:&quot;12:a3:d3:6f:5c:5b&quot;,&quot;university&quot;:&quot;Pepperdine University&quot;,&quot;bank&quot;:{&quot;cardExpire&quot;:&quot;10/27&quot;,&quot;cardNumber&quot;:&quot;6011212053392887&quot;,&quot;cardType&quot;:&quot;Discover&quot;,&quot;currency&quot;:&quot;EUR&quot;,&quot;iban&quot;:&quot;DE12191213468288004835&quot;},&quot;company&quot;:{&quot;department&quot;:&quot;Research and Development&quot;,&quot;name&quot;:&quot;Schiller - Zieme&quot;,&quot;title&quot;:&quot;Accountant&quot;,&quot;address&quot;:{&quot;address&quot;:&quot;1896 Washington Street&quot;,&quot;city&quot;:&quot;Dallas&quot;,&quot;state&quot;:&quot;Nevada&quot;,&quot;stateCode&quot;:&quot;NV&quot;,&quot;postalCode&quot;:&quot;88511&quot;,&quot;coordinates&quot;:{&quot;lat&quot;:20.086743,&quot;lng&quot;:-34.577107},&quot;country&quot;:&quot;United States&quot;}},&quot;ein&quot;:&quot;963-113&quot;,&quot;ssn&quot;:&quot;638-461-822&quot;,&quot;userAgent&quot;:&quot;Mozilla/5.0 (Windows NT 10.0; Win64; x64) AppleWebKit/537.36 (KHTML, like Gecko) Chrome/96.0.4664.45 Safari/537.36&quot;,&quot;crypto&quot;:{&quot;coin&quot;:&quot;Bitcoin&quot;,&quot;wallet&quot;:&quot;0xb9fc2fe63b2a6c003f1c324c3bfa53259162181a&quot;,&quot;network&quot;:&quot;Ethereum (ERC20)&quot;},&quot;role&quot;:&quot;admin&quot;},{&quot;id&quot;:4,&quot;firstName&quot;:&quot;James&quot;,&quot;lastName&quot;:&quot;Davis&quot;,&quot;maidenName&quot;:&quot;&quot;,&quot;age&quot;:46,&quot;gender&quot;:&quot;male&quot;,&quot;email&quot;:&quot;james.davis@x.dummyjson.com&quot;,&quot;phone&quot;:&quot;+49 614-958-9364&quot;,&quot;username&quot;:&quot;jamesd&quot;,&quot;password&quot;:&quot;jamesdpass&quot;,&quot;birthDate&quot;:&quot;1979-5-4&quot;,&quot;image&quot;:&quot;https://dummyjson.com/icon/jamesd/128&quot;,&quot;bloodGroup&quot;:&quot;AB+&quot;,&quot;height&quot;:193.31,&quot;weight&quot;:62.1,&quot;eyeColor&quot;:&quot;Amber&quot;,&quot;hair&quot;:{&quot;color&quot;:&quot;Blonde&quot;,&quot;type&quot;:&quot;Straight&quot;},&quot;ip&quot;:&quot;101.118.131.66&quot;,&quot;address&quot;:{&quot;address&quot;:&quot;238 Jefferson Street&quot;,&quot;city&quot;:&quot;Seattle&quot;,&quot;state&quot;:&quot;Pennsylvania&quot;,&quot;stateCode&quot;:&quot;PA&quot;,&quot;postalCode&quot;:&quot;68354&quot;,&quot;coordinates&quot;:{&quot;lat&quot;:16.782513,&quot;lng&quot;:-139.34723},&quot;country&quot;:&quot;United States&quot;},&quot;macAddress&quot;:&quot;10:7d:df:1f:97:58&quot;,&quot;university&quot;:&quot;University of Southern California&quot;,&quot;bank&quot;:{&quot;cardExpire&quot;:&quot;07/30&quot;,&quot;cardNumber&quot;:&quot;5303440212268149&quot;,&quot;cardType&quot;:&quot;Mastercard&quot;,&quot;currency&quot;:&quot;CAD&quot;,&quot;iban&quot;:&quot;DE01300746880579852937&quot;},&quot;company&quot;:{&quot;department&quot;:&quot;Support&quot;,&quot;name&quot;:&quot;Pagac and Sons&quot;,&quot;title&quot;:&quot;Research Analyst&quot;,&quot;address&quot;:{&quot;address&quot;:&quot;1622 Lincoln Street&quot;,&quot;city&quot;:&quot;Fort Worth&quot;,&quot;state&quot;:&quot;Pennsylvania&quot;,&quot;stateCode&quot;:&quot;PA&quot;,&quot;postalCode&quot;:&quot;27768&quot;,&quot;coordinates&quot;:{&quot;lat&quot;:54.91193,&quot;lng&quot;:-79.498328},&quot;country&quot;:&quot;United States&quot;}},&quot;ein&quot;:&quot;904-810&quot;,&quot;ssn&quot;:&quot;116-951-314&quot;,&quot;userAgent&quot;:&quot;Mozilla/5.0 (Macintosh; Intel Mac OS X 10_15_7) AppleWebKit/537.36 (KHTML, like Gecko) Chrome/97.0.4692.99 Safari/537.36&quot;,&quot;crypto&quot;:{&quot;coin&quot;:&quot;Bitcoin&quot;,&quot;wallet&quot;:&quot;0xb9fc2fe63b2a6c003f1c324c3bfa53259162181a&quot;,&quot;network&quot;:&quot;Ethereum (ERC20)&quot;},&quot;role&quot;:&quot;admin&quot;},{&quot;id&quot;:5,&quot;firstName&quot;:&quot;Emma&quot;,&quot;lastName&quot;:&quot;Miller&quot;,&quot;maidenName&quot;:&quot;Johnson&quot;,&quot;age&quot;:31,&quot;gender&quot;:&quot;female&quot;,&quot;email&quot;:&quot;emma.miller@x.dummyjson.com&quot;,&quot;phone&quot;:&quot;+91 759-776-1614&quot;,&quot;username&quot;:&quot;emmaj&quot;,&quot;password&quot;:&quot;emmajpass&quot;,&quot;birthDate&quot;:&quot;1994-6-13&quot;,&quot;image&quot;:&quot;https://dummyjson.com/icon/emmaj/128&quot;,&quot;bloodGroup&quot;:&quot;AB-&quot;,&quot;height&quot;:192.8,&quot;weight&quot;:63.62,&quot;eyeColor&quot;:&quot;Green&quot;,&quot;hair&quot;:{&quot;color&quot;:&quot;White&quot;,&quot;type&quot;:&quot;Straight&quot;},&quot;ip&quot;:&quot;224.126.22.183&quot;,&quot;address&quot;:{&quot;address&quot;:&quot;607 Fourth Street&quot;,&quot;city&quot;:&quot;Jacksonville&quot;,&quot;state&quot;:&quot;Colorado&quot;,&quot;stateCode&quot;:&quot;CO&quot;,&quot;postalCode&quot;:&quot;26593&quot;,&quot;coordinates&quot;:{&quot;lat&quot;:0.505589,&quot;lng&quot;:-157.43281},&quot;country&quot;:&quot;United States&quot;},&quot;macAddress&quot;:&quot;32:b9:7e:8d:f5:e8&quot;,&quot;university&quot;:&quot;Northeastern University&quot;,&quot;bank&quot;:{&quot;cardExpire&quot;:&quot;07/30&quot;,&quot;cardNumber&quot;:&quot;5237188057591130&quot;,&quot;cardType&quot;:&quot;Mastercard&quot;,&quot;currency&quot;:&quot;NZD&quot;,&quot;iban&quot;:&quot;DE19182355652037133559&quot;},&quot;company&quot;:{&quot;department&quot;:&quot;Human Resources&quot;,&quot;name&quot;:&quot;Graham - Gulgowski&quot;,&quot;title&quot;:&quot;Quality Assurance Engineer&quot;,&quot;address&quot;:{&quot;address&quot;:&quot;1460 Sixth Street&quot;,&quot;city&quot;:&quot;San Antonio&quot;,&quot;state&quot;:&quot;Idaho&quot;,&quot;stateCode&quot;:&quot;ID&quot;,&quot;postalCode&quot;:&quot;21965&quot;,&quot;coordinates&quot;:{&quot;lat&quot;:44.346545,&quot;lng&quot;:-26.944701},&quot;country&quot;:&quot;United States&quot;}},&quot;ein&quot;:&quot;403-505&quot;,&quot;ssn&quot;:&quot;526-210-885&quot;,&quot;userAgent&quot;:&quot;Mozilla/5.0 (Windows NT 10.0; Win64; x64; rv:97.0) Gecko/20100101 Firefox/97.0&quot;,&quot;crypto&quot;:{&quot;coin&quot;:&quot;Bitcoin&quot;,&quot;wallet&quot;:&quot;0xb9fc2fe63b2a6c003f1c324c3bfa53259162181a&quot;,&quot;network&quot;:&quot;Ethereum (ERC20)&quot;},&quot;role&quot;:&quot;admin&quot;},{&quot;id&quot;:6,&quot;firstName&quot;:&quot;Olivia&quot;,&quot;lastName&quot;:&quot;Wilson&quot;,&quot;maidenName&quot;:&quot;&quot;,&quot;age&quot;:23,&quot;gender&quot;:&quot;female&quot;,&quot;email&quot;:&quot;olivia.wilson@x.dummyjson.com&quot;,&quot;phone&quot;:&quot;+91 607-295-6448&quot;,&quot;username&quot;:&quot;oliviaw&quot;,&quot;password&quot;:&quot;oliviawpass&quot;,&quot;birthDate&quot;:&quot;2002-4-20&quot;,&quot;image&quot;:&quot;https://dummyjson.com/icon/oliviaw/128&quot;,&quot;bloodGroup&quot;:&quot;B+&quot;,&quot;height&quot;:182.61,&quot;weight&quot;:58,&quot;eyeColor&quot;:&quot;Hazel&quot;,&quot;hair&quot;:{&quot;color&quot;:&quot;Gray&quot;,&quot;type&quot;:&quot;Curly&quot;},&quot;ip&quot;:&quot;249.178.112.207&quot;,&quot;address&quot;:{&quot;address&quot;:&quot;547 First Street&quot;,&quot;city&quot;:&quot;Fort Worth&quot;,&quot;state&quot;:&quot;Tennessee&quot;,&quot;stateCode&quot;:&quot;TN&quot;,&quot;postalCode&quot;:&quot;83843&quot;,&quot;coordinates&quot;:{&quot;lat&quot;:75.32627,&quot;lng&quot;:-26.15285},&quot;country&quot;:&quot;United States&quot;},&quot;macAddress&quot;:&quot;9c:7f:ea:34:18:19&quot;,&quot;university&quot;:&quot;University of North Carolina--Chapel Hill&quot;,&quot;bank&quot;:{&quot;cardExpire&quot;:&quot;06/30&quot;,&quot;cardNumber&quot;:&quot;376320072452632&quot;,&quot;cardType&quot;:&quot;American Express&quot;,&quot;currency&quot;:&quot;NZD&quot;,&quot;iban&quot;:&quot;DE21153814367894194071&quot;},&quot;company&quot;:{&quot;department&quot;:&quot;Product Management&quot;,&quot;name&quot;:&quot;Pfannerstill Inc&quot;,&quot;title&quot;:&quot;Research Analyst&quot;,&quot;address&quot;:{&quot;address&quot;:&quot;425 Sixth Street&quot;,&quot;city&quot;:&quot;Indianapolis&quot;,&quot;state&quot;:&quot;Oklahoma&quot;,&quot;stateCode&quot;:&quot;OK&quot;,&quot;postalCode&quot;:&quot;74263&quot;,&quot;coordinates&quot;:{&quot;lat&quot;:74.986644,&quot;lng&quot;:-132.916888},&quot;country&quot;:&quot;United States&quot;}},&quot;ein&quot;:&quot;921-709&quot;,&quot;ssn&quot;:&quot;836-772-168&quot;,&quot;userAgent&quot;:&quot;Mozilla/5.0 (Macintosh; Intel Mac OS X 10_15_7) AppleWebKit/605.1.15 (KHTML, like Gecko) Version/15.3 Safari/605.1.15&quot;,&quot;crypto&quot;:{&quot;coin&quot;:&quot;Bitcoin&quot;,&quot;wallet&quot;:&quot;0xb9fc2fe63b2a6c003f1c324c3bfa53259162181a&quot;,&quot;network&quot;:&quot;Ethereum (ERC20)&quot;},&quot;role&quot;:&quot;moderator&quot;},{&quot;id&quot;:7,&quot;firstName&quot;:&quot;Alexander&quot;,&quot;lastName&quot;:&quot;Jones&quot;,&quot;maidenName&quot;:&quot;&quot;,&quot;age&quot;:39,&quot;gender&quot;:&quot;male&quot;,&quot;email&quot;:&quot;alexander.jones@x.dummyjson.com&quot;,&quot;phone&quot;:&quot;+61 260-824-4986&quot;,&quot;username&quot;:&quot;alexanderj&quot;,&quot;password&quot;:&quot;alexanderjpass&quot;,&quot;birthDate&quot;:&quot;1986-10-20&quot;,&quot;image&quot;:&quot;https://dummyjson.com/icon/alexanderj/128&quot;,&quot;bloodGroup&quot;:&quot;AB-&quot;,&quot;height&quot;:153.89,&quot;weight&quot;:77.42,&quot;eyeColor&quot;:&quot;Blue&quot;,&quot;hair&quot;:{&quot;color&quot;:&quot;White&quot;,&quot;type&quot;:&quot;Straight&quot;},&quot;ip&quot;:&quot;166.204.84.32&quot;,&quot;address&quot;:{&quot;address&quot;:&quot;664 Maple Street&quot;,&quot;city&quot;:&quot;Indianapolis&quot;,&quot;state&quot;:&quot;Delaware&quot;,&quot;stateCode&quot;:&quot;DE&quot;,&quot;postalCode&quot;:&quot;86684&quot;,&quot;coordinates&quot;:{&quot;lat&quot;:35.289664,&quot;lng&quot;:7.063255},&quot;country&quot;:&quot;United States&quot;},&quot;macAddress&quot;:&quot;d2:64:58:2d:1c:46&quot;,&quot;university&quot;:&quot;University of Illinois--Urbana-Champaign&quot;,&quot;bank&quot;:{&quot;cardExpire&quot;:&quot;12/29&quot;,&quot;cardNumber&quot;:&quot;5189302549548693&quot;,&quot;cardType&quot;:&quot;Mastercard&quot;,&quot;currency&quot;:&quot;PKR&quot;,&quot;iban&quot;:&quot;DE67517655968963441488&quot;},&quot;company&quot;:{&quot;department&quot;:&quot;Engineering&quot;,&quot;name&quot;:&quot;Dickens - Beahan&quot;,&quot;title&quot;:&quot;Web Developer&quot;,&quot;address&quot;:{&quot;address&quot;:&quot;996 Eighth Street&quot;,&quot;city&quot;:&quot;Washington&quot;,&quot;state&quot;:&quot;Kansas&quot;,&quot;stateCode&quot;:&quot;KS&quot;,&quot;postalCode&quot;:&quot;27858&quot;,&quot;coordinates&quot;:{&quot;lat&quot;:-75.462366,&quot;lng&quot;:-128.025697},&quot;country&quot;:&quot;United States&quot;}},&quot;ein&quot;:&quot;638-127&quot;,&quot;ssn&quot;:&quot;722-993-925&quot;,&quot;userAgent&quot;:&quot;Mozilla/5.0 (Macintosh; Intel Mac OS X 10_15_7) AppleWebKit/537.36 (KHTML, like Gecko) Chrome/95.0.4638.69 Safari/537.36&quot;,&quot;crypto&quot;:{&quot;coin&quot;:&quot;Bitcoin&quot;,&quot;wallet&quot;:&quot;0xb9fc2fe63b2a6c003f1c324c3bfa53259162181a&quot;,&quot;network&quot;:&quot;Ethereum (ERC20)&quot;},&quot;role&quot;:&quot;moderator&quot;},{&quot;id&quot;:8,&quot;firstName&quot;:&quot;Ava&quot;,&quot;lastName&quot;:&quot;Taylor&quot;,&quot;maidenName&quot;:&quot;&quot;,&quot;age&quot;:28,&quot;gender&quot;:&quot;female&quot;,&quot;email&quot;:&quot;ava.taylor@x.dummyjson.com&quot;,&quot;phone&quot;:&quot;+1 458-853-7877&quot;,&quot;username&quot;:&quot;avat&quot;,&quot;password&quot;:&quot;avatpass&quot;,&quot;birthDate&quot;:&quot;1997-8-25&quot;,&quot;image&quot;:&quot;https://dummyjson.com/icon/avat/128&quot;,&quot;bloodGroup&quot;:&quot;AB-&quot;,&quot;height&quot;:168.47,&quot;weight&quot;:57.08,&quot;eyeColor&quot;:&quot;Hazel&quot;,&quot;hair&quot;:{&quot;color&quot;:&quot;Red&quot;,&quot;type&quot;:&quot;Kinky&quot;},&quot;ip&quot;:&quot;150.73.197.233&quot;,&quot;address&quot;:{&quot;address&quot;:&quot;1197 First Street&quot;,&quot;city&quot;:&quot;Fort Worth&quot;,&quot;state&quot;:&quot;Rhode Island&quot;,&quot;stateCode&quot;:&quot;RI&quot;,&quot;postalCode&quot;:&quot;24771&quot;,&quot;coordinates&quot;:{&quot;lat&quot;:-81.194833,&quot;lng&quot;:-87.948158},&quot;country&quot;:&quot;United States&quot;},&quot;macAddress&quot;:&quot;8d:2e:c2:d6:e7:a8&quot;,&quot;university&quot;:&quot;University of Wisconsin--Madison&quot;,&quot;bank&quot;:{&quot;cardExpire&quot;:&quot;08/30&quot;,&quot;cardNumber&quot;:&quot;5349974103330333&quot;,&quot;cardType&quot;:&quot;Mastercard&quot;,&quot;currency&quot;:&quot;EUR&quot;,&quot;iban&quot;:&quot;FR94ZM2MMGL1EVYQE1ZLCVCFH83&quot;},&quot;company&quot;:{&quot;department&quot;:&quot;Marketing&quot;,&quot;name&quot;:&quot;Nikolaus Inc&quot;,&quot;title&quot;:&quot;Chief Executive Officer&quot;,&quot;address&quot;:{&quot;address&quot;:&quot;930 Lincoln Street&quot;,&quot;city&quot;:&quot;Austin&quot;,&quot;state&quot;:&quot;Colorado&quot;,&quot;stateCode&quot;:&quot;CO&quot;,&quot;postalCode&quot;:&quot;47592&quot;,&quot;coordinates&quot;:{&quot;lat&quot;:87.970083,&quot;lng&quot;:-42.769351},&quot;country&quot;:&quot;United States&quot;}},&quot;ein&quot;:&quot;297-762&quot;,&quot;ssn&quot;:&quot;257-419-109&quot;,&quot;userAgent&quot;:&quot;Mozilla/5.0 (Windows NT 10.0; Win64; x64) AppleWebKit/537.36 (KHTML, like Gecko) Chrome/96.0.4664.45 Safari/537.36&quot;,&quot;crypto&quot;:{&quot;coin&quot;:&quot;Bitcoin&quot;,&quot;wallet&quot;:&quot;0xb9fc2fe63b2a6c003f1c324c3bfa53259162181a&quot;,&quot;network&quot;:&quot;Ethereum (ERC20)&quot;},&quot;role&quot;:&quot;moderator&quot;},{&quot;id&quot;:9,&quot;firstName&quot;:&quot;Ethan&quot;,&quot;lastName&quot;:&quot;Martinez&quot;,&quot;maidenName&quot;:&quot;&quot;,&quot;age&quot;:34,&quot;gender&quot;:&quot;male&quot;,&quot;email&quot;:&quot;ethan.martinez@x.dummyjson.com&quot;,&quot;phone&quot;:&quot;+92 933-608-5081&quot;,&quot;username&quot;:&quot;ethanm&quot;,&quot;password&quot;:&quot;ethanmpass&quot;,&quot;birthDate&quot;:&quot;1991-2-12&quot;,&quot;image&quot;:&quot;https://dummyjson.com/icon/ethanm/128&quot;,&quot;bloodGroup&quot;:&quot;AB+&quot;,&quot;height&quot;:159.19,&quot;weight&quot;:68.81,&quot;eyeColor&quot;:&quot;Hazel&quot;,&quot;hair&quot;:{&quot;color&quot;:&quot;Purple&quot;,&quot;type&quot;:&quot;Curly&quot;},&quot;ip&quot;:&quot;63.191.127.71&quot;,&quot;address&quot;:{&quot;address&quot;:&quot;466 Pine Street&quot;,&quot;city&quot;:&quot;San Antonio&quot;,&quot;state&quot;:&quot;Louisiana&quot;,&quot;stateCode&quot;:&quot;LA&quot;,&quot;postalCode&quot;:&quot;72360&quot;,&quot;coordinates&quot;:{&quot;lat&quot;:74.074918,&quot;lng&quot;:-25.312703},&quot;country&quot;:&quot;United States&quot;},&quot;macAddress&quot;:&quot;59:e:9e:e3:29:da&quot;,&quot;university&quot;:&quot;Syracuse University&quot;,&quot;bank&quot;:{&quot;cardExpire&quot;:&quot;10/27&quot;,&quot;cardNumber&quot;:&quot;3598603288061479&quot;,&quot;cardType&quot;:&quot;JCB&quot;,&quot;currency&quot;:&quot;GBP&quot;,&quot;iban&quot;:&quot;GB26PND7D83JTW4HL6LZ71&quot;},&quot;company&quot;:{&quot;department&quot;:&quot;Support&quot;,&quot;name&quot;:&quot;Gorczany - Gottlieb&quot;,&quot;title&quot;:&quot;Legal Counsel&quot;,&quot;address&quot;:{&quot;address&quot;:&quot;1597 Oak Street&quot;,&quot;city&quot;:&quot;Chicago&quot;,&quot;state&quot;:&quot;Florida&quot;,&quot;stateCode&quot;:&quot;FL&quot;,&quot;postalCode&quot;:&quot;28100&quot;,&quot;coordinates&quot;:{&quot;lat&quot;:-67.45208,&quot;lng&quot;:-23.209886},&quot;country&quot;:&quot;United States&quot;}},&quot;ein&quot;:&quot;790-434&quot;,&quot;ssn&quot;:&quot;569-650-348&quot;,&quot;userAgent&quot;:&quot;Mozilla/5.0 (Windows NT 10.0; Win64; x64) AppleWebKit/537.36 (KHTML, like Gecko) Chrome/95.0.4638.69 Safari/537.36&quot;,&quot;crypto&quot;:{&quot;coin&quot;:&quot;Bitcoin&quot;,&quot;wallet&quot;:&quot;0xb9fc2fe63b2a6c003f1c324c3bfa53259162181a&quot;,&quot;network&quot;:&quot;Ethereum (ERC20)&quot;},&quot;role&quot;:&quot;moderator&quot;},{&quot;id&quot;:10,&quot;firstName&quot;:&quot;Isabella&quot;,&quot;lastName&quot;:&quot;Anderson&quot;,&quot;maidenName&quot;:&quot;Davis&quot;,&quot;age&quot;:32,&quot;gender&quot;:&quot;female&quot;,&quot;email&quot;:&quot;isabella.anderson@x.dummyjson.com&quot;,&quot;phone&quot;:&quot;+49 770-658-4885&quot;,&quot;username&quot;:&quot;isabellad&quot;,&quot;password&quot;:&quot;isabelladpass&quot;,&quot;birthDate&quot;:&quot;1993-6-10&quot;,&quot;image&quot;:&quot;https://dummyjson.com/icon/isabellad/128&quot;,&quot;bloodGroup&quot;:&quot;A-&quot;,&quot;height&quot;:150.56,&quot;weight&quot;:50.1,&quot;eyeColor&quot;:&quot;Brown&quot;,&quot;hair&quot;:{&quot;color&quot;:&quot;Blonde&quot;,&quot;type&quot;:&quot;Curly&quot;},&quot;ip&quot;:&quot;114.9.114.205&quot;,&quot;address&quot;:{&quot;address&quot;:&quot;1964 Oak Street&quot;,&quot;city&quot;:&quot;New York&quot;,&quot;state&quot;:&quot;Utah&quot;,&quot;stateCode&quot;:&quot;UT&quot;,&quot;postalCode&quot;:&quot;89352&quot;,&quot;coordinates&quot;:{&quot;lat&quot;:41.331324,&quot;lng&quot;:151.782727},&quot;country&quot;:&quot;United States&quot;},&quot;macAddress&quot;:&quot;b1:b0:d0:a2:82:80&quot;,&quot;university&quot;:&quot;California Institute of Technology (Caltech)&quot;,&quot;bank&quot;:{&quot;cardExpire&quot;:&quot;03/30&quot;,&quot;cardNumber&quot;:&quot;3602093733952858&quot;,&quot;cardType&quot;:&quot;Diners Club International&quot;,&quot;currency&quot;:&quot;USD&quot;,&quot;iban&quot;:&quot;DE12934874962442340025&quot;},&quot;company&quot;:{&quot;department&quot;:&quot;Marketing&quot;,&quot;name&quot;:&quot;Pollich - Hilpert&quot;,&quot;title&quot;:&quot;Chief Financial Officer&quot;,&quot;address&quot;:{&quot;address&quot;:&quot;1029 Adams Street&quot;,&quot;city&quot;:&quot;San Diego&quot;,&quot;state&quot;:&quot;Maryland&quot;,&quot;stateCode&quot;:&quot;MD&quot;,&quot;postalCode&quot;:&quot;63847&quot;,&quot;coordinates&quot;:{&quot;lat&quot;:-25.843393,&quot;lng&quot;:-62.692681},&quot;country&quot;:&quot;United States&quot;}},&quot;ein&quot;:&quot;127-297&quot;,&quot;ssn&quot;:&quot;902-438-728&quot;,&quot;userAgent&quot;:&quot;Mozilla/5.0 (Macintosh; Intel Mac OS X 10_15_7) AppleWebKit/537.36 (KHTML, like Gecko) Chrome/96.0.4664.93 Safari/537.36&quot;,&quot;crypto&quot;:{&quot;coin&quot;:&quot;Bitcoin&quot;,&quot;wallet&quot;:&quot;0xb9fc2fe63b2a6c003f1c324c3bfa53259162181a&quot;,&quot;network&quot;:&quot;Ethereum (ERC20)&quot;},&quot;role&quot;:&quot;moderator&quot;},{&quot;id&quot;:11,&quot;firstName&quot;:&quot;Liam&quot;,&quot;lastName&quot;:&quot;Garcia&quot;,&quot;maidenName&quot;:&quot;&quot;,&quot;age&quot;:30,&quot;gender&quot;:&quot;male&quot;,&quot;email&quot;:&quot;liam.garcia@x.dummyjson.com&quot;,&quot;phone&quot;:&quot;+92 870-217-6201&quot;,&quot;username&quot;:&quot;liamg&quot;,&quot;password&quot;:&quot;liamgpass&quot;,&quot;birthDate&quot;:&quot;1995-6-6&quot;,&quot;image&quot;:&quot;https://dummyjson.com/icon/liamg/128&quot;,&quot;bloodGroup&quot;:&quot;AB-&quot;,&quot;height&quot;:162.32,&quot;weight&quot;:93.16,&quot;eyeColor&quot;:&quot;Violet&quot;,&quot;hair&quot;:{&quot;color&quot;:&quot;Red&quot;,&quot;type&quot;:&quot;Wavy&quot;},&quot;ip&quot;:&quot;56.201.85.9&quot;,&quot;address&quot;:{&quot;address&quot;:&quot;576 Fifth Street&quot;,&quot;city&quot;:&quot;Denver&quot;,&quot;state&quot;:&quot;South Dakota&quot;,&quot;stateCode&quot;:&quot;SD&quot;,&quot;postalCode&quot;:&quot;57252&quot;,&quot;coordinates&quot;:{&quot;lat&quot;:-66.218177,&quot;lng&quot;:-145.340165},&quot;country&quot;:&quot;United States&quot;},&quot;macAddress&quot;:&quot;31:9a:28:8b:99:6c&quot;,&quot;university&quot;:&quot;Ohio State University&quot;,&quot;bank&quot;:{&quot;cardExpire&quot;:&quot;12/29&quot;,&quot;cardNumber&quot;:&quot;3614993744940956&quot;,&quot;cardType&quot;:&quot;Diners Club International&quot;,&quot;currency&quot;:&quot;USD&quot;,&quot;iban&quot;:&quot;DE65581882748067758114&quot;},&quot;company&quot;:{&quot;department&quot;:&quot;Services&quot;,&quot;name&quot;:&quot;Considine - Torp&quot;,&quot;title&quot;:&quot;Web Developer&quot;,&quot;address&quot;:{&quot;address&quot;:&quot;27 Cedar Street&quot;,&quot;city&quot;:&quot;Philadelphia&quot;,&quot;state&quot;:&quot;Connecticut&quot;,&quot;stateCode&quot;:&quot;CT&quot;,&quot;postalCode&quot;:&quot;79574&quot;,&quot;coordinates&quot;:{&quot;lat&quot;:-81.841588,&quot;lng&quot;:31.79423},&quot;country&quot;:&quot;United States&quot;}},&quot;ein&quot;:&quot;326-604&quot;,&quot;ssn&quot;:&quot;933-784-949&quot;,&quot;userAgent&quot;:&quot;Mozilla/5.0 (Macintosh; Intel Mac OS X 10_15_7) AppleWebKit/537.36 (KHTML, like Gecko) Chrome/97.0.4692.99 Safari/537.36&quot;,&quot;crypto&quot;:{&quot;coin&quot;:&quot;Bitcoin&quot;,&quot;wallet&quot;:&quot;0xb9fc2fe63b2a6c003f1c324c3bfa53259162181a&quot;,&quot;network&quot;:&quot;Ethereum (ERC20)&quot;},&quot;role&quot;:&quot;moderator&quot;},{&quot;id&quot;:12,&quot;firstName&quot;:&quot;Mia&quot;,&quot;lastName&quot;:&quot;Rodriguez&quot;,&quot;maidenName&quot;:&quot;&quot;,&quot;age&quot;:25,&quot;gender&quot;:&quot;female&quot;,&quot;email&quot;:&quot;mia.rodriguez@x.dummyjson.com&quot;,&quot;phone&quot;:&quot;+49 989-461-8403&quot;,&quot;username&quot;:&quot;miar&quot;,&quot;password&quot;:&quot;miarpass&quot;,&quot;birthDate&quot;:&quot;2000-8-4&quot;,&quot;image&quot;:&quot;https://dummyjson.com/icon/miar/128&quot;,&quot;bloodGroup&quot;:&quot;O-&quot;,&quot;height&quot;:188.08,&quot;weight&quot;:56.03,&quot;eyeColor&quot;:&quot;Blue&quot;,&quot;hair&quot;:{&quot;color&quot;:&quot;Purple&quot;,&quot;type&quot;:&quot;Wavy&quot;},&quot;ip&quot;:&quot;11.72.253.90&quot;,&quot;address&quot;:{&quot;address&quot;:&quot;1627 Sixth Street&quot;,&quot;city&quot;:&quot;Jacksonville&quot;,&quot;state&quot;:&quot;West Virginia&quot;,&quot;stateCode&quot;:&quot;WV&quot;,&quot;postalCode&quot;:&quot;41810&quot;,&quot;coordinates&quot;:{&quot;lat&quot;:24.857497,&quot;lng&quot;:-34.865429},&quot;country&quot;:&quot;United States&quot;},&quot;macAddress&quot;:&quot;53:d7:a4:6:1e:58&quot;,&quot;university&quot;:&quot;William &amp; Mary&quot;,&quot;bank&quot;:{&quot;cardExpire&quot;:&quot;02/29&quot;,&quot;cardNumber&quot;:&quot;343932350909214&quot;,&quot;cardType&quot;:&quot;American Express&quot;,&quot;currency&quot;:&quot;CAD&quot;,&quot;iban&quot;:&quot;DE77118774979880310165&quot;},&quot;company&quot;:{&quot;department&quot;:&quot;Accounting&quot;,&quot;name&quot;:&quot;Miller, Schowalter and Wisozk&quot;,&quot;title&quot;:&quot;Business Analyst&quot;,&quot;address&quot;:{&quot;address&quot;:&quot;1039 Washington Street&quot;,&quot;city&quot;:&quot;Philadelphia&quot;,&quot;state&quot;:&quot;New Jersey&quot;,&quot;stateCode&quot;:&quot;NJ&quot;,&quot;postalCode&quot;:&quot;57518&quot;,&quot;coordinates&quot;:{&quot;lat&quot;:85.455933,&quot;lng&quot;:164.246103},&quot;country&quot;:&quot;United States&quot;}},&quot;ein&quot;:&quot;754-660&quot;,&quot;ssn&quot;:&quot;749-524-124&quot;,&quot;userAgent&quot;:&quot;Mozilla/5.0 (Macintosh; Intel Mac OS X 10_15_7) AppleWebKit/537.36 (KHTML, like Gecko) Chrome/95.0.4638.54 Safari/537.36&quot;,&quot;crypto&quot;:{&quot;coin&quot;:&quot;Bitcoin&quot;,&quot;wallet&quot;:&quot;0xb9fc2fe63b2a6c003f1c324c3bfa53259162181a&quot;,&quot;network&quot;:&quot;Ethereum (ERC20)&quot;},&quot;role&quot;:&quot;moderator&quot;},{&quot;id&quot;:13,&quot;firstName&quot;:&quot;Noah&quot;,&quot;lastName&quot;:&quot;Hernandez&quot;,&quot;maidenName&quot;:&quot;&quot;,&quot;age&quot;:41,&quot;gender&quot;:&quot;male&quot;,&quot;email&quot;:&quot;noah.hernandez@x.dummyjson.com&quot;,&quot;phone&quot;:&quot;+49 393-605-6968&quot;,&quot;username&quot;:&quot;noahh&quot;,&quot;password&quot;:&quot;noahhpass&quot;,&quot;birthDate&quot;:&quot;1984-6-5&quot;,&quot;image&quot;:&quot;https://dummyjson.com/icon/noahh/128&quot;,&quot;bloodGroup&quot;:&quot;AB+&quot;,&quot;height&quot;:188.62,&quot;weight&quot;:69.49,&quot;eyeColor&quot;:&quot;Brown&quot;,&quot;hair&quot;:{&quot;color&quot;:&quot;Red&quot;,&quot;type&quot;:&quot;Curly&quot;},&quot;ip&quot;:&quot;169.154.126.57&quot;,&quot;address&quot;:{&quot;address&quot;:&quot;1413 Maple Street&quot;,&quot;city&quot;:&quot;New York&quot;,&quot;state&quot;:&quot;North Dakota&quot;,&quot;stateCode&quot;:&quot;ND&quot;,&quot;postalCode&quot;:&quot;73696&quot;,&quot;coordinates&quot;:{&quot;lat&quot;:-25.0377,&quot;lng&quot;:-151.70469},&quot;country&quot;:&quot;United States&quot;},&quot;macAddress&quot;:&quot;d4:fe:ae:8f:eb:a3&quot;,&quot;university&quot;:&quot;New York University (NYU)&quot;,&quot;bank&quot;:{&quot;cardExpire&quot;:&quot;03/30&quot;,&quot;cardNumber&quot;:&quot;6262462852322850&quot;,&quot;cardType&quot;:&quot;UnionPay&quot;,&quot;currency&quot;:&quot;PKR&quot;,&quot;iban&quot;:&quot;DE13437032020581217601&quot;},&quot;company&quot;:{&quot;department&quot;:&quot;Engineering&quot;,&quot;name&quot;:&quot;Botsford, Marquardt and Roberts&quot;,&quot;title&quot;:&quot;Database Administrator&quot;,&quot;address&quot;:{&quot;address&quot;:&quot;62 Third Street&quot;,&quot;city&quot;:&quot;Seattle&quot;,&quot;state&quot;:&quot;Oregon&quot;,&quot;stateCode&quot;:&quot;OR&quot;,&quot;postalCode&quot;:&quot;83474&quot;,&quot;coordinates&quot;:{&quot;lat&quot;:19.490447,&quot;lng&quot;:-13.173207},&quot;country&quot;:&quot;United States&quot;}},&quot;ein&quot;:&quot;877-628&quot;,&quot;ssn&quot;:&quot;660-847-389&quot;,&quot;userAgent&quot;:&quot;Mozilla/5.0 (Windows NT 10.0; Win64; x64) AppleWebKit/537.36 (KHTML, like Gecko) Chrome/95.0.4638.54 Safari/537.36&quot;,&quot;crypto&quot;:{&quot;coin&quot;:&quot;Bitcoin&quot;,&quot;wallet&quot;:&quot;0xb9fc2fe63b2a6c003f1c324c3bfa53259162181a&quot;,&quot;network&quot;:&quot;Ethereum (ERC20)&quot;},&quot;role&quot;:&quot;moderator&quot;},{&quot;id&quot;:14,&quot;firstName&quot;:&quot;Charlotte&quot;,&quot;lastName&quot;:&quot;Lopez&quot;,&quot;maidenName&quot;:&quot;Martinez&quot;,&quot;age&quot;:37,&quot;gender&quot;:&quot;female&quot;,&quot;email&quot;:&quot;charlotte.lopez@x.dummyjson.com&quot;,&quot;phone&quot;:&quot;+44 373-953-5028&quot;,&quot;username&quot;:&quot;charlottem&quot;,&quot;password&quot;:&quot;charlottempass&quot;,&quot;birthDate&quot;:&quot;1988-6-8&quot;,&quot;image&quot;:&quot;https://dummyjson.com/icon/charlottem/128&quot;,&quot;bloodGroup&quot;:&quot;AB-&quot;,&quot;height&quot;:178.92,&quot;weight&quot;:82.46,&quot;eyeColor&quot;:&quot;Brown&quot;,&quot;hair&quot;:{&quot;color&quot;:&quot;Gray&quot;,&quot;type&quot;:&quot;Kinky&quot;},&quot;ip&quot;:&quot;119.103.95.60&quot;,&quot;address&quot;:{&quot;address&quot;:&quot;208 Second Street&quot;,&quot;city&quot;:&quot;Columbus&quot;,&quot;state&quot;:&quot;Ohio&quot;,&quot;stateCode&quot;:&quot;OH&quot;,&quot;postalCode&quot;:&quot;42044&quot;,&quot;coordinates&quot;:{&quot;lat&quot;:-44.443762,&quot;lng&quot;:-151.420561},&quot;country&quot;:&quot;United States&quot;},&quot;macAddress&quot;:&quot;f6:ff:37:aa:6c:f1&quot;,&quot;university&quot;:&quot;Northeastern University&quot;,&quot;bank&quot;:{&quot;cardExpire&quot;:&quot;12/27&quot;,&quot;cardNumber&quot;:&quot;3634388457177035&quot;,&quot;cardType&quot;:&quot;Diners Club International&quot;,&quot;currency&quot;:&quot;PKR&quot;,&quot;iban&quot;:&quot;DE54092147842698685963&quot;},&quot;company&quot;:{&quot;department&quot;:&quot;Accounting&quot;,&quot;name&quot;:&quot;Zulauf and Sons&quot;,&quot;title&quot;:&quot;Chief Executive Officer&quot;,&quot;address&quot;:{&quot;address&quot;:&quot;569 Jefferson Street&quot;,&quot;city&quot;:&quot;Los Angeles&quot;,&quot;state&quot;:&quot;Montana&quot;,&quot;stateCode&quot;:&quot;MT&quot;,&quot;postalCode&quot;:&quot;17779&quot;,&quot;coordinates&quot;:{&quot;lat&quot;:-18.371256,&quot;lng&quot;:22.566258},&quot;country&quot;:&quot;United States&quot;}},&quot;ein&quot;:&quot;364-782&quot;,&quot;ssn&quot;:&quot;255-491-479&quot;,&quot;userAgent&quot;:&quot;Mozilla/5.0 (Windows NT 10.0; Win64; x64) AppleWebKit/537.36 (KHTML, like Gecko) Chrome/96.0.4664.45 Safari/537.36&quot;,&quot;crypto&quot;:{&quot;coin&quot;:&quot;Bitcoin&quot;,&quot;wallet&quot;:&quot;0xb9fc2fe63b2a6c003f1c324c3bfa53259162181a&quot;,&quot;network&quot;:&quot;Ethereum (ERC20)&quot;},&quot;role&quot;:&quot;moderator&quot;},{&quot;id&quot;:15,&quot;firstName&quot;:&quot;William&quot;,&quot;lastName&quot;:&quot;Gonzalez&quot;,&quot;maidenName&quot;:&quot;&quot;,&quot;age&quot;:33,&quot;gender&quot;:&quot;male&quot;,&quot;email&quot;:&quot;william.gonzalez@x.dummyjson.com&quot;,&quot;phone&quot;:&quot;+81 905-252-7319&quot;,&quot;username&quot;:&quot;williamg&quot;,&quot;password&quot;:&quot;williamgpass&quot;,&quot;birthDate&quot;:&quot;1992-3-27&quot;,&quot;image&quot;:&quot;https://dummyjson.com/icon/williamg/128&quot;,&quot;bloodGroup&quot;:&quot;B-&quot;,&quot;height&quot;:173.21,&quot;weight&quot;:82.41,&quot;eyeColor&quot;:&quot;Hazel&quot;,&quot;hair&quot;:{&quot;color&quot;:&quot;Gray&quot;,&quot;type&quot;:&quot;Curly&quot;},&quot;ip&quot;:&quot;250.2.241.204&quot;,&quot;address&quot;:{&quot;address&quot;:&quot;31 Maple Street&quot;,&quot;city&quot;:&quot;San Jose&quot;,&quot;state&quot;:&quot;Utah&quot;,&quot;stateCode&quot;:&quot;UT&quot;,&quot;postalCode&quot;:&quot;78243&quot;,&quot;coordinates&quot;:{&quot;lat&quot;:8.152876,&quot;lng&quot;:113.29799},&quot;country&quot;:&quot;United States&quot;},&quot;macAddress&quot;:&quot;f5:68:28:f9:ec:89&quot;,&quot;university&quot;:&quot;Tufts University&quot;,&quot;bank&quot;:{&quot;cardExpire&quot;:&quot;05/30&quot;,&quot;cardNumber&quot;:&quot;6228256225004929&quot;,&quot;cardType&quot;:&quot;UnionPay&quot;,&quot;currency&quot;:&quot;PKR&quot;,&quot;iban&quot;:&quot;DE63711022986572448914&quot;},&quot;company&quot;:{&quot;department&quot;:&quot;Marketing&quot;,&quot;name&quot;:&quot;Spinka - Dickinson&quot;,&quot;title&quot;:&quot;Software Architect&quot;,&quot;address&quot;:{&quot;address&quot;:&quot;1538 Eighth Street&quot;,&quot;city&quot;:&quot;San Jose&quot;,&quot;state&quot;:&quot;Missouri&quot;,&quot;stateCode&quot;:&quot;MO&quot;,&quot;postalCode&quot;:&quot;29673&quot;,&quot;coordinates&quot;:{&quot;lat&quot;:24.169361,&quot;lng&quot;:-29.395167},&quot;country&quot;:&quot;United States&quot;}},&quot;ein&quot;:&quot;830-515&quot;,&quot;ssn&quot;:&quot;690-544-755&quot;,&quot;userAgent&quot;:&quot;Mozilla/5.0 (Macintosh; Intel Mac OS X 10_15_7) AppleWebKit/537.36 (KHTML, like Gecko) Chrome/96.0.4664.93 Safari/537.36&quot;,&quot;crypto&quot;:{&quot;coin&quot;:&quot;Bitcoin&quot;,&quot;wallet&quot;:&quot;0xb9fc2fe63b2a6c003f1c324c3bfa53259162181a&quot;,&quot;network&quot;:&quot;Ethereum (ERC20)&quot;},&quot;role&quot;:&quot;moderator&quot;},{&quot;id&quot;:16,&quot;firstName&quot;:&quot;Avery&quot;,&quot;lastName&quot;:&quot;Perez&quot;,&quot;maidenName&quot;:&quot;&quot;,&quot;age&quot;:26,&quot;gender&quot;:&quot;female&quot;,&quot;email&quot;:&quot;avery.perez@x.dummyjson.com&quot;,&quot;phone&quot;:&quot;+61 731-431-3457&quot;,&quot;username&quot;:&quot;averyp&quot;,&quot;password&quot;:&quot;averyppass&quot;,&quot;birthDate&quot;:&quot;1999-3-10&quot;,&quot;image&quot;:&quot;https://dummyjson.com/icon/averyp/128&quot;,&quot;bloodGroup&quot;:&quot;O-&quot;,&quot;height&quot;:172.68,&quot;weight&quot;:93.9,&quot;eyeColor&quot;:&quot;Brown&quot;,&quot;hair&quot;:{&quot;color&quot;:&quot;Green&quot;,&quot;type&quot;:&quot;Curly&quot;},&quot;ip&quot;:&quot;131.217.4.214&quot;,&quot;address&quot;:{&quot;address&quot;:&quot;1125 First Street&quot;,&quot;city&quot;:&quot;Columbus&quot;,&quot;state&quot;:&quot;Iowa&quot;,&quot;stateCode&quot;:&quot;IA&quot;,&quot;postalCode&quot;:&quot;30973&quot;,&quot;coordinates&quot;:{&quot;lat&quot;:12.789127,&quot;lng&quot;:85.792598},&quot;country&quot;:&quot;United States&quot;},&quot;macAddress&quot;:&quot;b3:ff:f3:c5:37:46&quot;,&quot;university&quot;:&quot;Harvard University&quot;,&quot;bank&quot;:{&quot;cardExpire&quot;:&quot;08/29&quot;,&quot;cardNumber&quot;:&quot;378024038311910&quot;,&quot;cardType&quot;:&quot;American Express&quot;,&quot;currency&quot;:&quot;USD&quot;,&quot;iban&quot;:&quot;DE42403186906981858976&quot;},&quot;company&quot;:{&quot;department&quot;:&quot;Accounting&quot;,&quot;name&quot;:&quot;Herzog Inc&quot;,&quot;title&quot;:&quot;Database Administrator&quot;,&quot;address&quot;:{&quot;address&quot;:&quot;183 Maple Street&quot;,&quot;city&quot;:&quot;New York&quot;,&quot;state&quot;:&quot;Rhode Island&quot;,&quot;stateCode&quot;:&quot;RI&quot;,&quot;postalCode&quot;:&quot;45238&quot;,&quot;coordinates&quot;:{&quot;lat&quot;:-53.318189,&quot;lng&quot;:105.835271},&quot;country&quot;:&quot;United States&quot;}},&quot;ein&quot;:&quot;348-493&quot;,&quot;ssn&quot;:&quot;679-523-686&quot;,&quot;userAgent&quot;:&quot;Mozilla/5.0 (Macintosh; Intel Mac OS X 10_15_7) AppleWebKit/537.36 (KHTML, like Gecko) Chrome/95.0.4638.69 Safari/537.36&quot;,&quot;crypto&quot;:{&quot;coin&quot;:&quot;Bitcoin&quot;,&quot;wallet&quot;:&quot;0xb9fc2fe63b2a6c003f1c324c3bfa53259162181a&quot;,&quot;network&quot;:&quot;Ethereum (ERC20)&quot;},&quot;role&quot;:&quot;user&quot;},{&quot;id&quot;:17,&quot;firstName&quot;:&quot;Evelyn&quot;,&quot;lastName&quot;:&quot;Sanchez&quot;,&quot;maidenName&quot;:&quot;&quot;,&quot;age&quot;:38,&quot;gender&quot;:&quot;female&quot;,&quot;email&quot;:&quot;evelyn.sanchez@x.dummyjson.com&quot;,&quot;phone&quot;:&quot;+1 623-880-6871&quot;,&quot;username&quot;:&quot;evelyns&quot;,&quot;password&quot;:&quot;evelynspass&quot;,&quot;birthDate&quot;:&quot;1987-10-13&quot;,&quot;image&quot;:&quot;https://dummyjson.com/icon/evelyns/128&quot;,&quot;bloodGroup&quot;:&quot;B+&quot;,&quot;height&quot;:184.08,&quot;weight&quot;:83.15,&quot;eyeColor&quot;:&quot;Violet&quot;,&quot;hair&quot;:{&quot;color&quot;:&quot;Blue&quot;,&quot;type&quot;:&quot;Curly&quot;},&quot;ip&quot;:&quot;87.114.135.146&quot;,&quot;address&quot;:{&quot;address&quot;:&quot;1170 Lincoln Street&quot;,&quot;city&quot;:&quot;San Diego&quot;,&quot;state&quot;:&quot;Wyoming&quot;,&quot;stateCode&quot;:&quot;WY&quot;,&quot;postalCode&quot;:&quot;43423&quot;,&quot;coordinates&quot;:{&quot;lat&quot;:-83.31484,&quot;lng&quot;:11.768071},&quot;country&quot;:&quot;United States&quot;},&quot;macAddress&quot;:&quot;f8:e5:bd:43:bc:d8&quot;,&quot;university&quot;:&quot;Washington University in St. Louis&quot;,&quot;bank&quot;:{&quot;cardExpire&quot;:&quot;01/29&quot;,&quot;cardNumber&quot;:&quot;3514443781649095&quot;,&quot;cardType&quot;:&quot;JCB&quot;,&quot;currency&quot;:&quot;GBP&quot;,&quot;iban&quot;:&quot;GB74239MLVNQ0UB9ANTFRM&quot;},&quot;company&quot;:{&quot;department&quot;:&quot;Support&quot;,&quot;name&quot;:&quot;Predovic - Johns&quot;,&quot;title&quot;:&quot;Chief Financial Officer&quot;,&quot;address&quot;:{&quot;address&quot;:&quot;1802 Ninth Street&quot;,&quot;city&quot;:&quot;San Diego&quot;,&quot;state&quot;:&quot;Minnesota&quot;,&quot;stateCode&quot;:&quot;MN&quot;,&quot;postalCode&quot;:&quot;89416&quot;,&quot;coordinates&quot;:{&quot;lat&quot;:29.034592,&quot;lng&quot;:-78.004598},&quot;country&quot;:&quot;United States&quot;}},&quot;ein&quot;:&quot;604-817&quot;,&quot;ssn&quot;:&quot;689-332-644&quot;,&quot;userAgent&quot;:&quot;Mozilla/5.0 (Macintosh; Intel Mac OS X 10_15_7) AppleWebKit/537.36 (KHTML, like Gecko) Chrome/96.0.4664.45 Safari/537.36&quot;,&quot;crypto&quot;:{&quot;coin&quot;:&quot;Bitcoin&quot;,&quot;wallet&quot;:&quot;0xb9fc2fe63b2a6c003f1c324c3bfa53259162181a&quot;,&quot;network&quot;:&quot;Ethereum (ERC20)&quot;},&quot;role&quot;:&quot;user&quot;},{&quot;id&quot;:18,&quot;firstName&quot;:&quot;Logan&quot;,&quot;lastName&quot;:&quot;Torres&quot;,&quot;maidenName&quot;:&quot;&quot;,&quot;age&quot;:32,&quot;gender&quot;:&quot;male&quot;,&quot;email&quot;:&quot;logan.torres@x.dummyjson.com&quot;,&quot;phone&quot;:&quot;+81 507-434-8733&quot;,&quot;username&quot;:&quot;logant&quot;,&quot;password&quot;:&quot;logantpass&quot;,&quot;birthDate&quot;:&quot;1993-10-26&quot;,&quot;image&quot;:&quot;https://dummyjson.com/icon/logant/128&quot;,&quot;bloodGroup&quot;:&quot;A+&quot;,&quot;height&quot;:190.04,&quot;weight&quot;:72.43,&quot;eyeColor&quot;:&quot;Green&quot;,&quot;hair&quot;:{&quot;color&quot;:&quot;Green&quot;,&quot;type&quot;:&quot;Curly&quot;},&quot;ip&quot;:&quot;155.98.15.162&quot;,&quot;address&quot;:{&quot;address&quot;:&quot;907 Seventh Street&quot;,&quot;city&quot;:&quot;Columbus&quot;,&quot;state&quot;:&quot;Arkansas&quot;,&quot;stateCode&quot;:&quot;AR&quot;,&quot;postalCode&quot;:&quot;78805&quot;,&quot;coordinates&quot;:{&quot;lat&quot;:-64.846516,&quot;lng&quot;:174.775744},&quot;country&quot;:&quot;United States&quot;},&quot;macAddress&quot;:&quot;40:d:5c:1:7d:bf&quot;,&quot;university&quot;:&quot;University of Illinois--Urbana-Champaign&quot;,&quot;bank&quot;:{&quot;cardExpire&quot;:&quot;04/30&quot;,&quot;cardNumber&quot;:&quot;6258651210557142&quot;,&quot;cardType&quot;:&quot;UnionPay&quot;,&quot;currency&quot;:&quot;EUR&quot;,&quot;iban&quot;:&quot;ES1171429445321693077621&quot;},&quot;company&quot;:{&quot;department&quot;:&quot;Training&quot;,&quot;name&quot;:&quot;Jast - Nader&quot;,&quot;title&quot;:&quot;Data Analyst&quot;,&quot;address&quot;:{&quot;address&quot;:&quot;947 Main Street&quot;,&quot;city&quot;:&quot;Denver&quot;,&quot;state&quot;:&quot;Minnesota&quot;,&quot;stateCode&quot;:&quot;MN&quot;,&quot;postalCode&quot;:&quot;71896&quot;,&quot;coordinates&quot;:{&quot;lat&quot;:-24.654063,&quot;lng&quot;:-147.255268},&quot;country&quot;:&quot;United States&quot;}},&quot;ein&quot;:&quot;576-218&quot;,&quot;ssn&quot;:&quot;806-639-934&quot;,&quot;userAgent&quot;:&quot;Mozilla/5.0 (Macintosh; Intel Mac OS X 10_15_7) AppleWebKit/537.36 (KHTML, like Gecko) Chrome/96.0.4664.45 Safari/537.36&quot;,&quot;crypto&quot;:{&quot;coin&quot;:&quot;Bitcoin&quot;,&quot;wallet&quot;:&quot;0xb9fc2fe63b2a6c003f1c324c3bfa53259162181a&quot;,&quot;network&quot;:&quot;Ethereum (ERC20)&quot;},&quot;role&quot;:&quot;user&quot;},{&quot;id&quot;:19,&quot;firstName&quot;:&quot;Abigail&quot;,&quot;lastName&quot;:&quot;Rivera&quot;,&quot;maidenName&quot;:&quot;&quot;,&quot;age&quot;:29,&quot;gender&quot;:&quot;female&quot;,&quot;email&quot;:&quot;abigail.rivera@x.dummyjson.com&quot;,&quot;phone&quot;:&quot;+91 228-363-7806&quot;,&quot;username&quot;:&quot;abigailr&quot;,&quot;password&quot;:&quot;abigailrpass&quot;,&quot;birthDate&quot;:&quot;1996-10-11&quot;,&quot;image&quot;:&quot;https://dummyjson.com/icon/abigailr/128&quot;,&quot;bloodGroup&quot;:&quot;B+&quot;,&quot;height&quot;:186.39,&quot;weight&quot;:74.61,&quot;eyeColor&quot;:&quot;Violet&quot;,&quot;hair&quot;:{&quot;color&quot;:&quot;Blue&quot;,&quot;type&quot;:&quot;Kinky&quot;},&quot;ip&quot;:&quot;19.183.240.94&quot;,&quot;address&quot;:{&quot;address&quot;:&quot;996 Oak Street&quot;,&quot;city&quot;:&quot;Chicago&quot;,&quot;state&quot;:&quot;New Mexico&quot;,&quot;stateCode&quot;:&quot;NM&quot;,&quot;postalCode&quot;:&quot;11407&quot;,&quot;coordinates&quot;:{&quot;lat&quot;:44.321308,&quot;lng&quot;:-3.723903},&quot;country&quot;:&quot;United States&quot;},&quot;macAddress&quot;:&quot;1d:a6:58:2a:e5:e4&quot;,&quot;university&quot;:&quot;California Institute of Technology (Caltech)&quot;,&quot;bank&quot;:{&quot;cardExpire&quot;:&quot;01/27&quot;,&quot;cardNumber&quot;:&quot;6011399019022417&quot;,&quot;cardType&quot;:&quot;Discover&quot;,&quot;currency&quot;:&quot;EUR&quot;,&quot;iban&quot;:&quot;IT11QP2B5J81QM1FBX029VI5DD68O&quot;},&quot;company&quot;:{&quot;department&quot;:&quot;Human Resources&quot;,&quot;name&quot;:&quot;Prohaska - Thiel&quot;,&quot;title&quot;:&quot;Business Analyst&quot;,&quot;address&quot;:{&quot;address&quot;:&quot;1402 Adams Street&quot;,&quot;city&quot;:&quot;Austin&quot;,&quot;state&quot;:&quot;Wisconsin&quot;,&quot;stateCode&quot;:&quot;WI&quot;,&quot;postalCode&quot;:&quot;51456&quot;,&quot;coordinates&quot;:{&quot;lat&quot;:25.672938,&quot;lng&quot;:-76.54967},&quot;country&quot;:&quot;United States&quot;}},&quot;ein&quot;:&quot;173-637&quot;,&quot;ssn&quot;:&quot;655-823-929&quot;,&quot;userAgent&quot;:&quot;Mozilla/5.0 (Windows NT 10.0; Win64; x64) AppleWebKit/537.36 (KHTML, like Gecko) Edge/97.0.1072.76 Safari/537.36&quot;,&quot;crypto&quot;:{&quot;coin&quot;:&quot;Bitcoin&quot;,&quot;wallet&quot;:&quot;0xb9fc2fe63b2a6c003f1c324c3bfa53259162181a&quot;,&quot;network&quot;:&quot;Ethereum (ERC20)&quot;},&quot;role&quot;:&quot;user&quot;},{&quot;id&quot;:20,&quot;firstName&quot;:&quot;Jackson&quot;,&quot;lastName&quot;:&quot;Evans&quot;,&quot;maidenName&quot;:&quot;&quot;,&quot;age&quot;:35,&quot;gender&quot;:&quot;male&quot;,&quot;email&quot;:&quot;jackson.evans@x.dummyjson.com&quot;,&quot;phone&quot;:&quot;+44 468-628-6686&quot;,&quot;username&quot;:&quot;jacksone&quot;,&quot;password&quot;:&quot;jacksonepass&quot;,&quot;birthDate&quot;:&quot;1990-11-30&quot;,&quot;image&quot;:&quot;https://dummyjson.com/icon/jacksone/128&quot;,&quot;bloodGroup&quot;:&quot;O-&quot;,&quot;height&quot;:162.57,&quot;weight&quot;:74.37,&quot;eyeColor&quot;:&quot;Green&quot;,&quot;hair&quot;:{&quot;color&quot;:&quot;Red&quot;,&quot;type&quot;:&quot;Straight&quot;},&quot;ip&quot;:&quot;221.127.144.198&quot;,&quot;address&quot;:{&quot;address&quot;:&quot;1873 Main Street&quot;,&quot;city&quot;:&quot;New York&quot;,&quot;state&quot;:&quot;Arkansas&quot;,&quot;stateCode&quot;:&quot;AR&quot;,&quot;postalCode&quot;:&quot;26600&quot;,&quot;coordinates&quot;:{&quot;lat&quot;:34.722451,&quot;lng&quot;:63.448927},&quot;country&quot;:&quot;United States&quot;},&quot;macAddress&quot;:&quot;81:14:1:97:88:85&quot;,&quot;university&quot;:&quot;Ohio State University&quot;,&quot;bank&quot;:{&quot;cardExpire&quot;:&quot;07/30&quot;,&quot;cardNumber&quot;:&quot;376760688512826&quot;,&quot;cardType&quot;:&quot;American Express&quot;,&quot;currency&quot;:&quot;GBP&quot;,&quot;iban&quot;:&quot;GB27CM0H0MNPXSPDGA0A1O&quot;},&quot;company&quot;:{&quot;department&quot;:&quot;Legal&quot;,&quot;name&quot;:&quot;Kuhlman LLC&quot;,&quot;title&quot;:&quot;Web Developer&quot;,&quot;address&quot;:{&quot;address&quot;:&quot;1706 First Street&quot;,&quot;city&quot;:&quot;Chicago&quot;,&quot;state&quot;:&quot;Hawaii&quot;,&quot;stateCode&quot;:&quot;HI&quot;,&quot;postalCode&quot;:&quot;34725&quot;,&quot;coordinates&quot;:{&quot;lat&quot;:-80.416937,&quot;lng&quot;:-83.224516},&quot;country&quot;:&quot;United States&quot;}},&quot;ein&quot;:&quot;843-260&quot;,&quot;ssn&quot;:&quot;248-787-886&quot;,&quot;userAgent&quot;:&quot;Mozilla/5.0 (Macintosh; Intel Mac OS X 10_15_7) AppleWebKit/537.36 (KHTML, like Gecko) Chrome/97.0.4692.99 Safari/537.36&quot;,&quot;crypto&quot;:{&quot;coin&quot;:&quot;Bitcoin&quot;,&quot;wallet&quot;:&quot;0xb9fc2fe63b2a6c003f1c324c3bfa53259162181a&quot;,&quot;network&quot;:&quot;Ethereum (ERC20)&quot;},&quot;role&quot;:&quot;user&quot;},{&quot;id&quot;:21,&quot;firstName&quot;:&quot;Madison&quot;,&quot;lastName&quot;:&quot;Collins&quot;,&quot;maidenName&quot;:&quot;&quot;,&quot;age&quot;:27,&quot;gender&quot;:&quot;female&quot;,&quot;email&quot;:&quot;madison.collins@x.dummyjson.com&quot;,&quot;phone&quot;:&quot;+81 259-957-5711&quot;,&quot;username&quot;:&quot;madisonc&quot;,&quot;password&quot;:&quot;madisoncpass&quot;,&quot;birthDate&quot;:&quot;1998-3-7&quot;,&quot;image&quot;:&quot;https://dummyjson.com/icon/madisonc/128&quot;,&quot;bloodGroup&quot;:&quot;B-&quot;,&quot;height&quot;:189.28,&quot;weight&quot;:56.96,&quot;eyeColor&quot;:&quot;Red&quot;,&quot;hair&quot;:{&quot;color&quot;:&quot;Gray&quot;,&quot;type&quot;:&quot;Curly&quot;},&quot;ip&quot;:&quot;85.34.1.204&quot;,&quot;address&quot;:{&quot;address&quot;:&quot;1892 Lincoln Street&quot;,&quot;city&quot;:&quot;Philadelphia&quot;,&quot;state&quot;:&quot;New Jersey&quot;,&quot;stateCode&quot;:&quot;NJ&quot;,&quot;postalCode&quot;:&quot;62091&quot;,&quot;coordinates&quot;:{&quot;lat&quot;:52.993694,&quot;lng&quot;:160.486892},&quot;country&quot;:&quot;United States&quot;},&quot;macAddress&quot;:&quot;13:b0:d0:23:4d:26&quot;,&quot;university&quot;:&quot;University of Pennsylvania&quot;,&quot;bank&quot;:{&quot;cardExpire&quot;:&quot;09/27&quot;,&quot;cardNumber&quot;:&quot;5551259848327064&quot;,&quot;cardType&quot;:&quot;Mastercard&quot;,&quot;currency&quot;:&quot;EUR&quot;,&quot;iban&quot;:&quot;ES3893300143587765232049&quot;},&quot;company&quot;:{&quot;department&quot;:&quot;Engineering&quot;,&quot;name&quot;:&quot;Mayer - Smitham&quot;,&quot;title&quot;:&quot;Chief Technology Officer&quot;,&quot;address&quot;:{&quot;address&quot;:&quot;1438 Main Street&quot;,&quot;city&quot;:&quot;San Diego&quot;,&quot;state&quot;:&quot;Delaware&quot;,&quot;stateCode&quot;:&quot;DE&quot;,&quot;postalCode&quot;:&quot;63144&quot;,&quot;coordinates&quot;:{&quot;lat&quot;:1.629613,&quot;lng&quot;:23.232982},&quot;country&quot;:&quot;United States&quot;}},&quot;ein&quot;:&quot;716-166&quot;,&quot;ssn&quot;:&quot;457-258-950&quot;,&quot;userAgent&quot;:&quot;Mozilla/5.0 (Macintosh; Intel Mac OS X 10_15_7) AppleWebKit/537.36 (KHTML, like Gecko) Chrome/97.0.4692.99 Safari/537.36&quot;,&quot;crypto&quot;:{&quot;coin&quot;:&quot;Bitcoin&quot;,&quot;wallet&quot;:&quot;0xb9fc2fe63b2a6c003f1c324c3bfa53259162181a&quot;,&quot;network&quot;:&quot;Ethereum (ERC20)&quot;},&quot;role&quot;:&quot;user&quot;},{&quot;id&quot;:22,&quot;firstName&quot;:&quot;Elijah&quot;,&quot;lastName&quot;:&quot;Stewart&quot;,&quot;maidenName&quot;:&quot;&quot;,&quot;age&quot;:34,&quot;gender&quot;:&quot;male&quot;,&quot;email&quot;:&quot;elijah.stewart@x.dummyjson.com&quot;,&quot;phone&quot;:&quot;+44 468-357-7872&quot;,&quot;username&quot;:&quot;elijahs&quot;,&quot;password&quot;:&quot;elijahspass&quot;,&quot;birthDate&quot;:&quot;1991-10-22&quot;,&quot;image&quot;:&quot;https://dummyjson.com/icon/elijahs/128&quot;,&quot;bloodGroup&quot;:&quot;A-&quot;,&quot;height&quot;:195.33,&quot;weight&quot;:81.64,&quot;eyeColor&quot;:&quot;Blue&quot;,&quot;hair&quot;:{&quot;color&quot;:&quot;Purple&quot;,&quot;type&quot;:&quot;Straight&quot;},&quot;ip&quot;:&quot;23.87.135.62&quot;,&quot;address&quot;:{&quot;address&quot;:&quot;1701 Eighth Street&quot;,&quot;city&quot;:&quot;Columbus&quot;,&quot;state&quot;:&quot;Illinois&quot;,&quot;stateCode&quot;:&quot;IL&quot;,&quot;postalCode&quot;:&quot;31585&quot;,&quot;coordinates&quot;:{&quot;lat&quot;:-54.833799,&quot;lng&quot;:-174.504027},&quot;country&quot;:&quot;United States&quot;},&quot;macAddress&quot;:&quot;75:17:c6:35:fc:6d&quot;,&quot;university&quot;:&quot;Georgetown University&quot;,&quot;bank&quot;:{&quot;cardExpire&quot;:&quot;05/28&quot;,&quot;cardNumber&quot;:&quot;3648138556543460&quot;,&quot;cardType&quot;:&quot;Diners Club International&quot;,&quot;currency&quot;:&quot;EUR&quot;,&quot;iban&quot;:&quot;DE82018985741195770313&quot;},&quot;company&quot;:{&quot;department&quot;:&quot;Legal&quot;,&quot;name&quot;:&quot;Langworth Group&quot;,&quot;title&quot;:&quot;Business Analyst&quot;,&quot;address&quot;:{&quot;address&quot;:&quot;155 Ninth Street&quot;,&quot;city&quot;:&quot;Washington&quot;,&quot;state&quot;:&quot;South Dakota&quot;,&quot;stateCode&quot;:&quot;SD&quot;,&quot;postalCode&quot;:&quot;19039&quot;,&quot;coordinates&quot;:{&quot;lat&quot;:61.279254,&quot;lng&quot;:-12.607767},&quot;country&quot;:&quot;United States&quot;}},&quot;ein&quot;:&quot;520-394&quot;,&quot;ssn&quot;:&quot;287-380-801&quot;,&quot;userAgent&quot;:&quot;Mozilla/5.0 (Macintosh; Intel Mac OS X 10_15_7) AppleWebKit/537.36 (KHTML, like Gecko) Chrome/96.0.4664.93 Safari/537.36&quot;,&quot;crypto&quot;:{&quot;coin&quot;:&quot;Bitcoin&quot;,&quot;wallet&quot;:&quot;0xb9fc2fe63b2a6c003f1c324c3bfa53259162181a&quot;,&quot;network&quot;:&quot;Ethereum (ERC20)&quot;},&quot;role&quot;:&quot;user&quot;},{&quot;id&quot;:23,&quot;firstName&quot;:&quot;Chloe&quot;,&quot;lastName&quot;:&quot;Morales&quot;,&quot;maidenName&quot;:&quot;&quot;,&quot;age&quot;:40,&quot;gender&quot;:&quot;female&quot;,&quot;email&quot;:&quot;chloe.morales@x.dummyjson.com&quot;,&quot;phone&quot;:&quot;+92 468-541-7133&quot;,&quot;username&quot;:&quot;chloem&quot;,&quot;password&quot;:&quot;chloempass&quot;,&quot;birthDate&quot;:&quot;1985-4-21&quot;,&quot;image&quot;:&quot;https://dummyjson.com/icon/chloem/128&quot;,&quot;bloodGroup&quot;:&quot;O+&quot;,&quot;height&quot;:185.07,&quot;weight&quot;:63.97,&quot;eyeColor&quot;:&quot;Brown&quot;,&quot;hair&quot;:{&quot;color&quot;:&quot;Red&quot;,&quot;type&quot;:&quot;Kinky&quot;},&quot;ip&quot;:&quot;66.78.20.21&quot;,&quot;address&quot;:{&quot;address&quot;:&quot;401 Fourth Street&quot;,&quot;city&quot;:&quot;Dallas&quot;,&quot;state&quot;:&quot;New Jersey&quot;,&quot;stateCode&quot;:&quot;NJ&quot;,&quot;postalCode&quot;:&quot;54972&quot;,&quot;coordinates&quot;:{&quot;lat&quot;:-30.190759,&quot;lng&quot;:-58.705979},&quot;country&quot;:&quot;United States&quot;},&quot;macAddress&quot;:&quot;fc:f:29:e1:37:b8&quot;,&quot;university&quot;:&quot;Syracuse University&quot;,&quot;bank&quot;:{&quot;cardExpire&quot;:&quot;09/30&quot;,&quot;cardNumber&quot;:&quot;347036238254235&quot;,&quot;cardType&quot;:&quot;American Express&quot;,&quot;currency&quot;:&quot;CNY&quot;,&quot;iban&quot;:&quot;DE77762461851744284392&quot;},&quot;company&quot;:{&quot;department&quot;:&quot;Sales&quot;,&quot;name&quot;:&quot;Grady LLC&quot;,&quot;title&quot;:&quot;Database Administrator&quot;,&quot;address&quot;:{&quot;address&quot;:&quot;269 Third Street&quot;,&quot;city&quot;:&quot;Houston&quot;,&quot;state&quot;:&quot;North Carolina&quot;,&quot;stateCode&quot;:&quot;NC&quot;,&quot;postalCode&quot;:&quot;10385&quot;,&quot;coordinates&quot;:{&quot;lat&quot;:40.098115,&quot;lng&quot;:-1.762972},&quot;country&quot;:&quot;United States&quot;}},&quot;ein&quot;:&quot;913-597&quot;,&quot;ssn&quot;:&quot;938-883-163&quot;,&quot;userAgent&quot;:&quot;Mozilla/5.0 (Windows NT 10.0; Win64; x64) AppleWebKit/537.36 (KHTML, like Gecko) Chrome/96.0.4664.93 Safari/537.36&quot;,&quot;crypto&quot;:{&quot;coin&quot;:&quot;Bitcoin&quot;,&quot;wallet&quot;:&quot;0xb9fc2fe63b2a6c003f1c324c3bfa53259162181a&quot;,&quot;network&quot;:&quot;Ethereum (ERC20)&quot;},&quot;role&quot;:&quot;user&quot;},{&quot;id&quot;:24,&quot;firstName&quot;:&quot;Mateo&quot;,&quot;lastName&quot;:&quot;Nguyen&quot;,&quot;maidenName&quot;:&quot;&quot;,&quot;age&quot;:31,&quot;gender&quot;:&quot;male&quot;,&quot;email&quot;:&quot;mateo.nguyen@x.dummyjson.com&quot;,&quot;phone&quot;:&quot;+1 341-597-6694&quot;,&quot;username&quot;:&quot;mateon&quot;,&quot;password&quot;:&quot;mateonpass&quot;,&quot;birthDate&quot;:&quot;1994-6-2&quot;,&quot;image&quot;:&quot;https://dummyjson.com/icon/mateon/128&quot;,&quot;bloodGroup&quot;:&quot;O+&quot;,&quot;height&quot;:174.29,&quot;weight&quot;:59.98,&quot;eyeColor&quot;:&quot;Red&quot;,&quot;hair&quot;:{&quot;color&quot;:&quot;Purple&quot;,&quot;type&quot;:&quot;Wavy&quot;},&quot;ip&quot;:&quot;192.57.144.7&quot;,&quot;address&quot;:{&quot;address&quot;:&quot;1578 Fourth Street&quot;,&quot;city&quot;:&quot;Columbus&quot;,&quot;state&quot;:&quot;Missouri&quot;,&quot;stateCode&quot;:&quot;MO&quot;,&quot;postalCode&quot;:&quot;20673&quot;,&quot;coordinates&quot;:{&quot;lat&quot;:-32.828675,&quot;lng&quot;:-82.557354},&quot;country&quot;:&quot;United States&quot;},&quot;macAddress&quot;:&quot;a7:26:10:7a:36:29&quot;,&quot;university&quot;:&quot;Columbia University&quot;,&quot;bank&quot;:{&quot;cardExpire&quot;:&quot;12/29&quot;,&quot;cardNumber&quot;:&quot;4021840414995098&quot;,&quot;cardType&quot;:&quot;Visa&quot;,&quot;currency&quot;:&quot;CAD&quot;,&quot;iban&quot;:&quot;DE43275561962007561223&quot;},&quot;company&quot;:{&quot;department&quot;:&quot;Accounting&quot;,&quot;name&quot;:&quot;Spinka LLC&quot;,&quot;title&quot;:&quot;Business Analyst&quot;,&quot;address&quot;:{&quot;address&quot;:&quot;1967 Jefferson Street&quot;,&quot;city&quot;:&quot;Dallas&quot;,&quot;state&quot;:&quot;Louisiana&quot;,&quot;stateCode&quot;:&quot;LA&quot;,&quot;postalCode&quot;:&quot;78527&quot;,&quot;coordinates&quot;:{&quot;lat&quot;:75.982676,
[...]
crypto":{"coin":"Bitcoin","wallet":"0xb9fc2fe63b2a6c003f1c324c3bfa53259162181a","network":"Ethereum (ERC20)"},"role":"user"},{"id":21,"firstName":"Madison","lastName":"Collins","maidenName":"","age":27,"gender":"female","email":"madison.collins@x.dummyjson.com","phone":"+81 259-957-5711","username":"madisonc","password":"madisoncpass","birthDate":"1998-3-7","image":"https://dummyjson.com/icon/madisonc/128","bloodGroup":"B-","height":189.28,"weight":56.96,"eyeColor":"Red","hair":{"color":"Gray","type":"Curly"},"ip":"85.34.1.204","address":{"address":"1892 Lincoln Street","city":"Philadelphia","state":"New Jersey","stateCode":"NJ","postalCode":"62091","coordinates":{"lat":52.993694,"lng":160.486892},"country":"United States"},"macAddress":"13:b0:d0:23:4d:26","university":"University of Pennsylvania","bank":{"cardExpire":"09/27","cardNumber":"5551259848327064","cardType":"Mastercard","currency":"EUR","iban":"ES3893300143587765232049"},"company":{"department":"Engineering","name":"Mayer - Smitham","title":"Chief Technology Officer","address":{"address":"1438 Main Street","city":"San Diego","state":"Delaware","stateCode":"DE","postalCode":"63144","coordinates":{"lat":1.629613,"lng":23.232982},"country":"United States"}},"ein":"716-166","ssn":"457-258-950","userAgent":"Mozilla/5.0 (Macintosh; Intel Mac OS X 10_15_7) AppleWebKit/537.36 (KHTML, like Gecko) Chrome/97.0.4692.99 Safari/537.36","crypto":{"coin":"Bitcoin","wallet":"0xb9fc2fe63b2a6c003f1c324c3bfa53259162181a","network":"Ethereum (ERC20)"},"role":"user"},{"id":22,"firstName":"Elijah","lastName":"Stewart","maidenName":"","age":34,"gender":"male","email":"elijah.stewart@x.dummyjson.com","phone":"+44 468-357-7872","username":"elijahs","password":"elijahspass","birthDate":"1991-10-22","image":"https://dummyjson.com/icon/elijahs/128","bloodGroup":"A-","height":195.33,"weight":81.64,"eyeColor":"Blue","hair":{"color":"Purple","type":"Straight"},"ip":"23.87.135.62","address":{"address":"1701 Eighth Street","city":"Columbus","state":"Illinois","stateCode":"IL","postalCode":"31585","coordinates":{"lat":-54.833799,"lng":-174.504027},"country":"United States"},"macAddress":"75:17:c6:35:fc:6d","university":"Georgetown University","bank":{"cardExpire":"05/28","cardNumber":"3648138556543460","cardType":"Diners Club International","currency":"EUR","iban":"DE82018985741195770313"},"company":{"department":"Legal","name":"Langworth Group","title":"Business Analyst","address":{"address":"155 Ninth Street","city":"Washington","state":"South Dakota","stateCode":"SD","postalCode":"19039","coordinates":{"lat":61.279254,"lng":-12.607767},"country":"United States"}},"ein":"520-394","ssn":"287-380-801","userAgent":"Mozilla/5.0 (Macintosh; Intel Mac OS X 10_15_7) AppleWebKit/537.36 (KHTML, like Gecko) Chrome/96.0.4664.93 Safari/537.36","crypto":{"coin":"Bitcoin","wallet":"0xb9fc2fe63b2a6c003f1c324c3bfa53259162181a","network":"Ethereum (ERC20)"},"role":"user"},{"id":23,"firstName":"Chloe","lastName":"Morales","maidenName":"","age":40,"gender":"female","email":"chloe.morales@x.dummyjson.com","phone":"+92 468-541-7133","username":"chloem","password":"chloempass","birthDate":"1985-4-21","image":"https://dummyjson.com/icon/chloem/128","bloodGroup":"O+","height":185.07,"weight":63.97,"eyeColor":"Brown","hair":{"color":"Red","type":"Kinky"},"ip":"66.78.20.21","address":{"address":"401 Fourth Street","city":"Dallas","state":"New Jersey","stateCode":"NJ","postalCode":"54972","coordinates":{"lat":-30.190759,"lng":-58.705979},"country":"United States"},"macAddress":"fc:f:29:e1:37:b8","university":"Syracuse University","bank":{"cardExpire":"09/30","cardNumber":"347036238254235","cardType":"American Express","currency":"CNY","iban":"DE77762461851744284392"},"company":{"department":"Sales","name":"Grady LLC","title":"Database Administrator","address":{"address":"269 Third Street","city":"Houston","state":"North Carolina","stateCode":"NC","postalCode":"10385","coordinates":{"lat":40.098115,"lng":-1.762972},"country":"United States"}},"ein":"913-597","ssn":"938-883-163","userAgent":"Mozilla/5.0 (Windows NT 10.0; Win64; x64) AppleWebKit/537.36 (KHTML, like Gecko) Chrome/96.0.4664.93 Safari/537.36","crypto":{"coin":"Bitcoin","wallet":"0xb9fc2fe63b2a6c003f1c324c3bfa53259162181a","network":"Ethereum (ERC20)"},"role":"user"},{"id":24,"firstName":"Mateo","lastName":"Nguyen","maidenName":"","age":31,"gender":"male","email":"mateo.nguyen@x.dummyjson.com","phone":"+1 341-597-6694","username":"mateon","password":"mateonpass","birthDate":"1994-6-2","image":"https://dummyjson.com/icon/mateon/128","bloodGroup":"O+","height":174.29,"weight":59.98,"eyeColor":"Red","hair":{"color":"Purple","type":"Wavy"},"ip":"192.57.144.7","address":{"address":"1578 Fourth Street","city":"Columbus","state":"Missouri","stateCode":"MO","postalCode":"20673","coordinates":{"lat":-32.828675,"lng":-82.557354},"country":"United States"},"macAddress":"a7:26:10:7a:36:29","university":"Columbia University","bank":{"cardExpire":"12/29","cardNumber":"4021840414995098","cardType":"Visa","currency":"CAD","iban":"DE43275561962007561223"},"company":{"department":"Accounting","name":"Spinka LLC","title":"Business Analyst","address":{"address":"1967 Jefferson Street","city":"Dallas","state":"Louisiana","stateCode":"LA","postalCode":"78527","coordinates":{"lat":75.982676,"lng":164.459743},"country":"United States"}},"ein":"229-249","ssn":"416-877-230","userAgent":"Mozilla/5.0 (Windows NT 10.0; Win64; x64) AppleWebKit/537.36 (KHTML, like Gecko) Chrome/95.0.4638.69 Safari/537.36","crypto":{"coin":"Bitcoin","wallet":"0xb9fc2fe63b2a6c003f1c324c3bfa53259162181a","network":"Ethereum (ERC20)"},"role":"user"},{"id":25,"firstName":"Harper","lastName":"Kelly","maidenName":"Evans","age":28,"gender":"female","email":"harper.kelly@x.dummyjson.com","phone":"+92 518-863-2863","username":"harpere","password":"harperepass","birthDate":"1997-3-3","image":"https://dummyjson.com/icon/harpere/128","bloodGroup":"AB-","height":184.32,"weight":81.69,"eyeColor":"Amber","hair":{"color":"Red","type":"Curly"},"ip":"174.111.61.162","address":{"address":"1591 Adams Street","city":"Philadelphia","state":"New York","stateCode":"NY","postalCode":"69521","coordinates":{"lat":-26.832913,"lng":-75.445017},"country":"United States"},"macAddress":"b:ff:33:67:94:e4","university":"Boston College","bank":{"cardExpire":"06/27","cardNumber":"4488823564436432","cardType":"Visa","currency":"EUR","iban":"ES5874149276753342261515"},"company":{"department":"Legal","name":"Leffler, Rolfson and Becker","title":"Business Development Manager","address":{"address":"16 Maple Street","city":"Austin","state":"North Carolina","stateCode":"NC","postalCode":"68274","coordinates":{"lat":-15.423746,"lng":149.298887},"country":"United States"}},"ein":"592-557","ssn":"209-544-548","userAgent":"Mozilla/5.0 (Macintosh; Intel Mac OS X 10_15_7) AppleWebKit/537.36 (KHTML, like Gecko) Chrome/97.0.4692.99 Safari/537.36","crypto":{"coin":"Bitcoin","wallet":"0xb9fc2fe63b2a6c003f1c324c3bfa53259162181a","network":"Ethereum (ERC20)"},"role":"user"},{"id":26,"firstName":"Evelyn","lastName":"Gonzalez","maidenName":"","age":36,"gender":"female","email":"evelyn.gonzalez@x.dummyjson.com","phone":"+61 708-508-4638","username":"evelyng","password":"evelyngpass","birthDate":"1989-2-5","image":"https://dummyjson.com/icon/evelyng/128","bloodGroup":"O+","height":168.94,"weight":58.47,"eyeColor":"Red","hair":{"color":"Black","type":"Wavy"},"ip":"42.52.74.232","address":{"address":"1065 Lincoln Street","city":"Dallas","state":"Maine","stateCode":"ME","postalCode":"84898","coordinates":{"lat":67.768359,"lng":71.268643},"country":"United States"},"macAddress":"89:5e:5a:2a:72:42","university":"Washington University in St. Louis","bank":{"cardExpire":"08/28","cardNumber":"6011735364912274","cardType":"Discover","currency":"CAD","iban":"DE27147353096476220032"},"company":{"department":"Accounting","name":"Tromp, Gaylord and Weber","title":"Project Manager","address":{"address":"584 Ninth Street","city":"Jacksonville","state":"Wisconsin","stateCode":"WI","postalCode":"45633","coordinates":{"lat":26.014021,"lng":40.572436},"country":"United States"}},"ein":"569-275","ssn":"487-680-127","userAgent":"Mozilla/5.0 (Windows NT 10.0; Win64; x64) AppleWebKit/537.36 (KHTML, like Gecko) Chrome/95.0.4638.54 Safari/537.36","crypto":{"coin":"Bitcoin","wallet":"0xb9fc2fe63b2a6c003f1c324c3bfa53259162181a","network":"Ethereum (ERC20)"},"role":"user"},{"id":27,"firstName":"Daniel","lastName":"Cook","maidenName":"","age":42,"gender":"male","email":"daniel.cook@x.dummyjson.com","phone":"+44 254-761-6843","username":"danielc","password":"danielcpass","birthDate":"1983-12-25","image":"https://dummyjson.com/icon/danielc/128","bloodGroup":"AB+","height":186.21,"weight":83.72,"eyeColor":"Brown","hair":{"color":"Blonde","type":"Curly"},"ip":"1.61.73.142","address":{"address":"1163 Pine Street","city":"Los Angeles","state":"Nevada","stateCode":"NV","postalCode":"58781","coordinates":{"lat":-3.456681,"lng":-134.937482},"country":"United States"},"macAddress":"6e:73:dc:3a:85:10","university":"Columbia University","bank":{"cardExpire":"05/29","cardNumber":"5485409595328150","cardType":"Mastercard","currency":"NZD","iban":"DE71341603969952506034"},"company":{"department":"Support","name":"Morissette, Baumbach and Auer","title":"Legal Counsel","address":{"address":"938 Fifth Street","city":"San Francisco","state":"South Dakota","stateCode":"SD","postalCode":"45305","coordinates":{"lat":21.323588,"lng":-83.531427},"country":"United States"}},"ein":"585-905","ssn":"645-515-583","userAgent":"Mozilla/5.0 (Windows NT 10.0; Win64; x64; rv:97.0) Gecko/20100101 Firefox/97.0","crypto":{"coin":"Bitcoin","wallet":"0xb9fc2fe63b2a6c003f1c324c3bfa53259162181a","network":"Ethereum (ERC20)"},"role":"user"},{"id":28,"firstName":"Lily","lastName":"Lee","maidenName":"Brown","age":30,"gender":"female","email":"lily.lee@x.dummyjson.com","phone":"+1 808-757-9867","username":"lilyb","password":"lilybpass","birthDate":"1995-12-3","image":"https://dummyjson.com/icon/lilyb/128","bloodGroup":"AB-","height":181.42,"weight":51.49,"eyeColor":"Gray","hair":{"color":"Purple","type":"Straight"},"ip":"67.184.255.96","address":{"address":"1946 Oak Street","city":"Phoenix","state":"Massachusetts","stateCode":"MA","postalCode":"41540","coordinates":{"lat":-9.87059,"lng":-72.336845},"country":"United States"},"macAddress":"18:b6:c7:a:50:3f","university":"Johns Hopkins University","bank":{"cardExpire":"12/28","cardNumber":"5551782139834613","cardType":"Mastercard","currency":"CAD","iban":"DE49484285539189712621"},"company":{"department":"Product Management","name":"Cremin Inc","title":"Quality Assurance Engineer","address":{"address":"1735 Cedar Street","city":"Phoenix","state":"Wyoming","stateCode":"WY","postalCode":"85797","coordinates":{"lat":72.231441,"lng":-158.147245},"country":"United States"}},"ein":"229-776","ssn":"358-185-671","userAgent":"Mozilla/5.0 (Windows NT 10.0; Win64; x64) AppleWebKit/537.36 (KHTML, like Gecko) Edge/97.0.1072.76 Safari/537.36","crypto":{"coin":"Bitcoin","wallet":"0xb9fc2fe63b2a6c003f1c324c3bfa53259162181a","network":"Ethereum (ERC20)"},"role":"user"},{"id":29,"firstName":"Henry","lastName":"Hill","maidenName":"","age":39,"gender":"male","email":"henry.hill@x.dummyjson.com","phone":"+1 240-833-4680","username":"henryh","password":"henryhpass","birthDate":"1986-8-19","image":"https://dummyjson.com/icon/henryh/128","bloodGroup":"O-","height":180.25,"weight":95.84,"eyeColor":"Gray","hair":{"color":"Black","type":"Straight"},"ip":"194.43.55.202","address":{"address":"1837 Maple Street","city":"Indianapolis","state":"Delaware","stateCode":"DE","postalCode":"81783","coordinates":{"lat":35.498256,"lng":154.088476},"country":"United States"},"macAddress":"fa:c3:1b:21:5f:44","university":"University of Illinois--Urbana-Champaign","bank":{"cardExpire":"11/29","cardNumber":"3625097026040498","cardType":"Diners Club International","currency":"EUR","iban":"DE08820336197191865470"},"company":{"department":"Services","name":"Gerlach, Funk and Schoen","title":"Sales Manager","address":{"address":"1651 Lincoln Street","city":"San Francisco","state":"West Virginia","stateCode":"WV","postalCode":"61805","coordinates":{"lat":-59.936335,"lng":-12.405368},"country":"United States"}},"ein":"118-957","ssn":"925-686-100","userAgent":"Mozilla/5.0 (Windows NT 10.0; Win64; x64) AppleWebKit/537.36 (KHTML, like Gecko) Chrome/96.0.4664.93 Safari/537.36","crypto":{"coin":"Bitcoin","wallet":"0xb9fc2fe63b2a6c003f1c324c3bfa53259162181a","network":"Ethereum (ERC20)"},"role":"user"},{"id":30,"firstName":"Addison","lastName":"Wright","maidenName":"","age":33,"gender":"female","email":"addison.wright@x.dummyjson.com","phone":"+1 514-384-3300","username":"addisonw","password":"addisonwpass","birthDate":"1992-1-3","image":"https://dummyjson.com/icon/addisonw/128","bloodGroup":"B+","height":179.32,"weight":76.93,"eyeColor":"Brown","hair":{"color":"Blonde","type":"Straight"},"ip":"11.35.69.81","address":{"address":"568 Tenth Street","city":"San Francisco","state":"Montana","stateCode":"MT","postalCode":"54698","coordinates":{"lat":20.946052,"lng":100.228822},"country":"United States"},"macAddress":"fb:0:94:21:16:c","university":"Syracuse University","bank":{"cardExpire":"06/28","cardNumber":"5274971895809762","cardType":"Mastercard","currency":"PKR","iban":"DE91480955939051635497"},"company":{"department":"Services","name":"Kreiger Inc","title":"Human Resources Manager","address":{"address":"1173 Eighth Street","city":"San Diego","state":"Michigan","stateCode":"MI","postalCode":"85777","coordinates":{"lat":65.324413,"lng":87.142893},"country":"United States"}},"ein":"415-286","ssn":"804-492-390","userAgent":"Mozilla/5.0 (Macintosh; Intel Mac OS X 10_15_7) AppleWebKit/537.36 (KHTML, like Gecko) Chrome/96.0.4664.93 Safari/537.36","crypto":{"coin":"Bitcoin","wallet":"0xb9fc2fe63b2a6c003f1c324c3bfa53259162181a","network":"Ethereum (ERC20)"},"role":"user"}],"total":208,"skip":0,"limit":30}

	at java.base/jdk.internal.reflect.NativeConstructorAccessorImpl.newInstance0(Native Method)
	at java.base/jdk.internal.reflect.NativeConstructorAccessorImpl.newInstance(NativeConstructorAccessorImpl.java:77)
	at java.base/jdk.internal.reflect.DelegatingConstructorAccessorImpl.newInstance(DelegatingConstructorAccessorImpl.java:45)
	at java.base/java.lang.reflect.Constructor.newInstanceWithCaller(Constructor.java:499)
	at java.base/java.lang.reflect.Constructor.newInstance(Constructor.java:480)
	at org.codehaus.groovy.reflection.CachedConstructor.invoke(CachedConstructor.java:73)
	at org.codehaus.groovy.runtime.callsite.ConstructorSite$ConstructorSiteNoUnwrapNoCoerce.callConstructor(ConstructorSite.java:108)
	at org.codehaus.groovy.runtime.callsite.CallSiteArray.defaultCallConstructor(CallSiteArray.java:57)
	at org.codehaus.groovy.runtime.callsite.AbstractCallSite.callConstructor(AbstractCallSite.java:263)
	at org.codehaus.groovy.runtime.callsite.AbstractCallSite.callConstructor(AbstractCallSite.java:277)
	at io.restassured.internal.ResponseSpecificationImpl$HamcrestAssertionClosure.validate(ResponseSpecificationImpl.groovy:512)
	at io.restassured.internal.ResponseSpecificationImpl$HamcrestAssertionClosure$validate$1.call(Unknown Source)
	at io.restassured.internal.ResponseSpecificationImpl.validateResponseIfRequired(ResponseSpecificationImpl.groovy:696)
	at io.restassured.internal.ResponseSpecificationImpl.this$2$validateResponseIfRequired(ResponseSpecificationImpl.groovy)
	at java.base/jdk.internal.reflect.NativeMethodAccessorImpl.invoke0(Native Method)
	at java.base/jdk.internal.reflect.NativeMethodAccessorImpl.invoke(NativeMethodAccessorImpl.java:77)
	at java.base/jdk.internal.reflect.DelegatingMethodAccessorImpl.invoke(DelegatingMethodAccessorImpl.java:43)
	at java.base/java.lang.reflect.Method.invoke(Method.java:568)
	at org.codehaus.groovy.runtime.callsite.PlainObjectMetaMethodSite.doInvoke(PlainObjectMetaMethodSite.java:43)
	at org.codehaus.groovy.runtime.callsite.PogoMetaMethodSite$PogoCachedMethodSiteNoUnwrapNoCoerce.invoke(PogoMetaMethodSite.java:198)
	at org.codehaus.groovy.runtime.callsite.PogoMetaMethodSite.callCurrent(PogoMetaMethodSite.java:62)
	at org.codehaus.groovy.runtime.callsite.CallSiteArray.defaultCallCurrent(CallSiteArray.java:49)
	at org.codehaus.groovy.runtime.callsite.AbstractCallSite.callCurrent(AbstractCallSite.java:171)
	at org.codehaus.groovy.runtime.callsite.AbstractCallSite.callCurrent(AbstractCallSite.java:185)
	at io.restassured.internal.ResponseSpecificationImpl.body(ResponseSpecificationImpl.groovy:107)
	at io.restassured.internal.ValidatableResponseOptionsImpl.body(ValidatableResponseOptionsImpl.java:238)
	at tests.api.UserSchemaTest.schematest(UserSchemaTest.java:12)
	at java.base/jdk.internal.reflect.NativeMethodAccessorImpl.invoke0(Native Method)
	at java.base/jdk.internal.reflect.NativeMethodAccessorImpl.invoke(NativeMethodAccessorImpl.java:77)
	at java.base/jdk.internal.reflect.DelegatingMethodAccessorImpl.invoke(DelegatingMethodAccessorImpl.java:43)
	at java.base/java.lang.reflect.Method.invoke(Method.java:568)
	at org.testng.internal.invokers.MethodInvocationHelper.invokeMethod(MethodInvocationHelper.java:139)
	at org.testng.internal.invokers.TestInvoker.invokeMethod(TestInvoker.java:664)
	at org.testng.internal.invokers.TestInvoker.invokeTestMethod(TestInvoker.java:228)
	at org.testng.internal.invokers.MethodRunner.runInSequence(MethodRunner.java:63)
	at org.testng.internal.invokers.TestInvoker$MethodInvocationAgent.invoke(TestInvoker.java:961)
	at org.testng.internal.invokers.TestInvoker.invokeTestMethods(TestInvoker.java:201)
	at org.testng.internal.invokers.TestMethodWorker.invokeTestMethods(TestMethodWorker.java:148)
	at org.testng.internal.invokers.TestMethodWorker.run(TestMethodWorker.java:128)
	at java.base/java.util.ArrayList.forEach(ArrayList.java:1511)
	at org.testng.TestRunner.privateRun(TestRunner.java:819)
	at org.testng.TestRunner.run(TestRunner.java:619)
	at org.testng.SuiteRunner.runTest(SuiteRunner.java:443)
	at org.testng.SuiteRunner.runSequentially(SuiteRunner.java:437)
	at org.testng.SuiteRunner.privateRun(SuiteRunner.java:397)
	at org.testng.SuiteRunner.run(SuiteRunner.java:336)
	at org.testng.SuiteRunnerWorker.runSuite(SuiteRunnerWorker.java:52)
	at org.testng.SuiteRunnerWorker.run(SuiteRunnerWorker.java:95)
	at org.testng.TestNG.runSuitesSequentially(TestNG.java:1301)
	at org.testng.TestNG.runSuitesLocally(TestNG.java:1228)
	at org.testng.TestNG.runSuites(TestNG.java:1134)
	at org.testng.TestNG.run(TestNG.java:1101)
	at org.apache.maven.surefire.testng.TestNGExecutor.run(TestNGExecutor.java:155)
	at org.apache.maven.surefire.testng.TestNGDirectoryTestSuite.executeMulti(TestNGDirectoryTestSuite.java:169)
	at org.apache.maven.surefire.testng.TestNGDirectoryTestSuite.execute(TestNGDirectoryTestSuite.java:88)
	at org.apache.maven.surefire.testng.TestNGProvider.invoke(TestNGProvider.java:137)
	at org.apache.maven.surefire.booter.ForkedBooter.runSuitesInProcess(ForkedBooter.java:385)
	at org.apache.maven.surefire.booter.ForkedBooter.execute(ForkedBooter.java:162)
	at org.apache.maven.surefire.booter.ForkedBooter.run(ForkedBooter.java:507)
	at org.apache.maven.surefire.booter.ForkedBooter.main(ForkedBooter.java:495)
]]></failure>
    <system-err><![CDATA[Jan 26, 2026 7:15:43 PM org.openqa.selenium.devtools.CdpVersionFinder findNearestMatch
WARNING: Unable to find CDP implementation matching 144
Jan 26, 2026 7:15:43 PM org.openqa.selenium.chromium.ChromiumDriver lambda$new$5
WARNING: Unable to find version of CDP to use for 144.0.7559.97. You may need to include a dependency on a specific version of the CDP using something similar to `org.seleniumhq.selenium:selenium-devtools-v86:4.16.1` where the version ("v86") matches the version of the chromium-based browser you're using and the version number of the artifact is the same as Selenium's.
]]></system-err>
  </testcase>
</testsuite>